Args in experiment:
Namespace(activation='gelu', affine=1, batch_size=93, c_out=7, checkpoints='./checkpoints/', d_ff=26, d_layers=1, d_model=5, data='Solar', data_path='solar_AL.txt', dec_in=7, decomposition=0, des='Exp', devices='0', dishts=1, distil=True, do_predict=False, dropout=0.2, e_layers=1, embed='timeF', embed_type=0, enc_in=137, factor=1, fc_dropout=0.2, features='M', freq='h', gpu=0, head_dropout=0.0, hidden_size=[32, 8], hidden_size1=25, hidden_size2=24, individual=0, is_training=1, itr=1, k=1.0, kernel_size=25, label_len=18, learning_rate=8e-05, loss='mse', lradj='TST', model='SPM_TST', model_id='96_192', moving_avg=25, n_heads=1, num_layers=3, num_workers=10, output_attention=False, padding_patch='end', patch_len=8, patience=8, pct_start=0.2, pred_len=192, random_seed=2021, revin=1, root_path='./dataset/', seq_len=96, stride=16, subtract_last=0, target='OT', test_flop=False, traffic=0, train_epochs=300, use_amp=False, use_gpu=True, use_multi_gpu=False)
Use GPU: cuda:0
>>>>>>>start training : 96_192_Latentfomer_TST_Solar_ftM_sl96_ll18_pl192_dm5_nh1_el1_dl1_df26_fc1_ebtimeF_dtTrue_Exp_0>>>>>>>>>>>>>>>>>>>>>>>>>>
train 36505
val 5065
test 10321
	iters: 100, epoch: 1 | loss: 0.9807456
	speed: 0.1761s/iter; left time: 20693.4446s
	iters: 200, epoch: 1 | loss: 0.7785211
	speed: 0.1379s/iter; left time: 16184.6018s
	iters: 300, epoch: 1 | loss: 0.5902973
	speed: 0.1537s/iter; left time: 18023.5546s
Epoch: 1 cost time: 63.45776963233948
[2025-07-30 16:54:59] [32mIntermediate result: 0.46914148  (Index 0)[0m
Epoch: 1, Steps: 392 | Train Loss: 0.8412545 Vali Loss: 0.4772164 Test Loss: 0.4691415
Validation loss decreased (inf --> 0.477216).  Saving model ...
Updating learning rate to 3.252630339675762e-06
	iters: 100, epoch: 2 | loss: 0.4916065
	speed: 0.6924s/iter; left time: 81090.4746s
	iters: 200, epoch: 2 | loss: 0.4129413
	speed: 0.1801s/iter; left time: 21075.9706s
	iters: 300, epoch: 2 | loss: 0.4220230
	speed: 0.1843s/iter; left time: 21550.8939s
Epoch: 2 cost time: 69.32876777648926
[2025-07-30 16:56:43] [32mIntermediate result: 0.38300008  (Index 1)[0m
Epoch: 2, Steps: 392 | Train Loss: 0.4117996 Vali Loss: 0.3162143 Test Loss: 0.3830001
Validation loss decreased (0.477216 --> 0.316214).  Saving model ...
Updating learning rate to 3.410377090335624e-06
	iters: 100, epoch: 3 | loss: 0.3721983
	speed: 0.6935s/iter; left time: 80945.0529s
	iters: 200, epoch: 3 | loss: 0.3058559
	speed: 0.1854s/iter; left time: 21616.2358s
	iters: 300, epoch: 3 | loss: 0.3170548
	speed: 0.1680s/iter; left time: 19576.3724s
Epoch: 3 cost time: 70.0623824596405
[2025-07-30 16:58:27] [32mIntermediate result: 0.3535622  (Index 2)[0m
Epoch: 3, Steps: 392 | Train Loss: 0.3389436 Vali Loss: 0.2753710 Test Loss: 0.3535622
Validation loss decreased (0.316214 --> 0.275371).  Saving model ...
Updating learning rate to 3.6728078423405497e-06
	iters: 100, epoch: 4 | loss: 0.3196197
	speed: 0.6515s/iter; left time: 75786.7258s
	iters: 200, epoch: 4 | loss: 0.3368627
	speed: 0.1410s/iter; left time: 16385.1700s
	iters: 300, epoch: 4 | loss: 0.2756396
	speed: 0.1624s/iter; left time: 18854.9964s
Epoch: 4 cost time: 63.361722230911255
[2025-07-30 17:00:05] [32mIntermediate result: 0.33548447  (Index 3)[0m
Epoch: 4, Steps: 392 | Train Loss: 0.3172001 Vali Loss: 0.2601810 Test Loss: 0.3354845
Validation loss decreased (0.275371 --> 0.260181).  Saving model ...
Updating learning rate to 4.039203230085341e-06
	iters: 100, epoch: 5 | loss: 0.3077802
	speed: 0.6796s/iter; left time: 78788.5514s
	iters: 200, epoch: 5 | loss: 0.3264180
	speed: 0.1798s/iter; left time: 20828.7574s
	iters: 300, epoch: 5 | loss: 0.3127773
	speed: 0.1670s/iter; left time: 19328.6378s
Epoch: 5 cost time: 65.98200130462646
[2025-07-30 17:01:45] [32mIntermediate result: 0.32496583  (Index 4)[0m
Epoch: 5, Steps: 392 | Train Loss: 0.3070804 Vali Loss: 0.2533180 Test Loss: 0.3249658
Validation loss decreased (0.260181 --> 0.253318).  Saving model ...
Updating learning rate to 4.508558903897452e-06
	iters: 100, epoch: 6 | loss: 0.3324727
	speed: 0.6922s/iter; left time: 79980.9476s
	iters: 200, epoch: 6 | loss: 0.2646208
	speed: 0.1817s/iter; left time: 20980.1532s
	iters: 300, epoch: 6 | loss: 0.2893696
	speed: 0.1444s/iter; left time: 16651.1947s
Epoch: 6 cost time: 67.87890911102295
[2025-07-30 17:03:27] [32mIntermediate result: 0.3211194  (Index 5)[0m
Epoch: 6, Steps: 392 | Train Loss: 0.2996009 Vali Loss: 0.2482394 Test Loss: 0.3211194
Validation loss decreased (0.253318 --> 0.248239).  Saving model ...
Updating learning rate to 5.079588283123722e-06
	iters: 100, epoch: 7 | loss: 0.2778629
	speed: 0.6695s/iter; left time: 77087.9703s
	iters: 200, epoch: 7 | loss: 0.2812635
	speed: 0.1554s/iter; left time: 17880.5997s
	iters: 300, epoch: 7 | loss: 0.2877063
	speed: 0.1729s/iter; left time: 19879.9917s
Epoch: 7 cost time: 68.09815311431885
[2025-07-30 17:05:10] [32mIntermediate result: 0.31464827  (Index 6)[0m
Epoch: 7, Steps: 392 | Train Loss: 0.2935942 Vali Loss: 0.2470369 Test Loss: 0.3146483
Validation loss decreased (0.248239 --> 0.247037).  Saving model ...
Updating learning rate to 5.750726082858203e-06
	iters: 100, epoch: 8 | loss: 0.2841728
	speed: 0.6902s/iter; left time: 79210.9764s
	iters: 200, epoch: 8 | loss: 0.2773034
	speed: 0.1800s/iter; left time: 20638.8289s
	iters: 300, epoch: 8 | loss: 0.3013670
	speed: 0.1848s/iter; left time: 21167.5632s
Epoch: 8 cost time: 68.04664897918701
[2025-07-30 17:06:53] [32mIntermediate result: 0.3133065  (Index 7)[0m
Epoch: 8, Steps: 392 | Train Loss: 0.2884388 Vali Loss: 0.2430368 Test Loss: 0.3133065
Validation loss decreased (0.247037 --> 0.243037).  Saving model ...
Updating learning rate to 6.520132604644183e-06
	iters: 100, epoch: 9 | loss: 0.3430351
	speed: 0.6915s/iter; left time: 79087.3993s
	iters: 200, epoch: 9 | loss: 0.2927387
	speed: 0.1689s/iter; left time: 19303.0844s
	iters: 300, epoch: 9 | loss: 0.2831528
	speed: 0.1510s/iter; left time: 17234.7996s
Epoch: 9 cost time: 67.08049368858337
[2025-07-30 17:08:33] [32mIntermediate result: 0.30808976  (Index 8)[0m
Epoch: 9, Steps: 392 | Train Loss: 0.2842583 Vali Loss: 0.2415813 Test Loss: 0.3080898
Validation loss decreased (0.243037 --> 0.241581).  Saving model ...
Updating learning rate to 7.385698779388409e-06
	iters: 100, epoch: 10 | loss: 0.2860419
	speed: 0.6614s/iter; left time: 75377.2530s
	iters: 200, epoch: 10 | loss: 0.2916233
	speed: 0.1492s/iter; left time: 16994.4801s
	iters: 300, epoch: 10 | loss: 0.3291325
	speed: 0.1679s/iter; left time: 19098.2209s
Epoch: 10 cost time: 66.93365740776062
[2025-07-30 17:10:14] [32mIntermediate result: 0.30882245  (Index 9)[0m
Epoch: 10, Steps: 392 | Train Loss: 0.2796426 Vali Loss: 0.2423056 Test Loss: 0.3088225
EarlyStopping counter: 1 out of 8
Updating learning rate to 8.345051948664367e-06
	iters: 100, epoch: 11 | loss: 0.3305539
	speed: 0.6892s/iter; left time: 78278.3301s
	iters: 200, epoch: 11 | loss: 0.2993359
	speed: 0.1803s/iter; left time: 20463.4589s
	iters: 300, epoch: 11 | loss: 0.2574295
	speed: 0.1599s/iter; left time: 18127.3131s
Epoch: 11 cost time: 65.58363699913025
[2025-07-30 17:11:51] [32mIntermediate result: 0.30211025  (Index 10)[0m
Epoch: 11, Steps: 392 | Train Loss: 0.2758631 Vali Loss: 0.2402514 Test Loss: 0.3021103
Validation loss decreased (0.241581 --> 0.240251).  Saving model ...
Updating learning rate to 9.395562368557091e-06
	iters: 100, epoch: 12 | loss: 0.2627551
	speed: 0.6986s/iter; left time: 79068.7999s
	iters: 200, epoch: 12 | loss: 0.3109937
	speed: 0.1801s/iter; left time: 20369.9885s
	iters: 300, epoch: 12 | loss: 0.2435524
	speed: 0.1543s/iter; left time: 17433.8461s
Epoch: 12 cost time: 72.75450921058655
[2025-07-30 17:13:39] [32mIntermediate result: 0.29828808  (Index 11)[0m
Epoch: 12, Steps: 392 | Train Loss: 0.2703710 Vali Loss: 0.2328184 Test Loss: 0.2982881
Validation loss decreased (0.240251 --> 0.232818).  Saving model ...
Updating learning rate to 1.053435041822115e-05
	iters: 100, epoch: 13 | loss: 0.2301709
	speed: 0.6821s/iter; left time: 76942.5006s
	iters: 200, epoch: 13 | loss: 0.2444678
	speed: 0.1427s/iter; left time: 16084.3569s
	iters: 300, epoch: 13 | loss: 0.2906425
	speed: 0.1641s/iter; left time: 18480.9414s
Epoch: 13 cost time: 66.16882014274597
[2025-07-30 17:15:19] [32mIntermediate result: 0.29202124  (Index 12)[0m
Epoch: 13, Steps: 392 | Train Loss: 0.2664838 Vali Loss: 0.2341328 Test Loss: 0.2920212
EarlyStopping counter: 1 out of 8
Updating learning rate to 1.1758294493392364e-05
	iters: 100, epoch: 14 | loss: 0.2905813
	speed: 0.7146s/iter; left time: 80320.9533s
	iters: 200, epoch: 14 | loss: 0.3021857
	speed: 0.1607s/iter; left time: 18049.3287s
	iters: 300, epoch: 14 | loss: 0.2328036
	speed: 0.1628s/iter; left time: 18268.1433s
Epoch: 14 cost time: 65.76451206207275
[2025-07-30 17:16:58] [32mIntermediate result: 0.28811866  (Index 13)[0m
Epoch: 14, Steps: 392 | Train Loss: 0.2623584 Vali Loss: 0.2363019 Test Loss: 0.2881187
EarlyStopping counter: 2 out of 8
Updating learning rate to 1.3064039563215479e-05
	iters: 100, epoch: 15 | loss: 0.2854786
	speed: 0.6997s/iter; left time: 78376.2084s
	iters: 200, epoch: 15 | loss: 0.2699259
	speed: 0.1652s/iter; left time: 18488.1967s
	iters: 300, epoch: 15 | loss: 0.2497196
	speed: 0.1525s/iter; left time: 17053.8833s
Epoch: 15 cost time: 69.30024743080139
[2025-07-30 17:18:42] [32mIntermediate result: 0.28318578  (Index 14)[0m
Epoch: 15, Steps: 392 | Train Loss: 0.2590310 Vali Loss: 0.2314281 Test Loss: 0.2831858
Validation loss decreased (0.232818 --> 0.231428).  Saving model ...
Updating learning rate to 1.4448006366932461e-05
	iters: 100, epoch: 16 | loss: 0.2749044
	speed: 0.6660s/iter; left time: 74338.9536s
	iters: 200, epoch: 16 | loss: 0.2688619
	speed: 0.1486s/iter; left time: 16576.2707s
	iters: 300, epoch: 16 | loss: 0.2485953
	speed: 0.1745s/iter; left time: 19445.6333s
Epoch: 16 cost time: 69.07864379882812
[2025-07-30 17:20:25] [32mIntermediate result: 0.28740165  (Index 15)[0m
Epoch: 16, Steps: 392 | Train Loss: 0.2551338 Vali Loss: 0.2356482 Test Loss: 0.2874016
EarlyStopping counter: 1 out of 8
Updating learning rate to 1.5906401225221443e-05
	iters: 100, epoch: 17 | loss: 0.2389267
	speed: 0.7002s/iter; left time: 77887.2755s
	iters: 200, epoch: 17 | loss: 0.3207176
	speed: 0.1594s/iter; left time: 17716.0349s
	iters: 300, epoch: 17 | loss: 0.2447691
	speed: 0.1603s/iter; left time: 17792.8580s
Epoch: 17 cost time: 65.27569055557251
[2025-07-30 17:22:05] [32mIntermediate result: 0.2802131  (Index 16)[0m
Epoch: 17, Steps: 392 | Train Loss: 0.2523973 Vali Loss: 0.2370190 Test Loss: 0.2802131
EarlyStopping counter: 2 out of 8
Updating learning rate to 1.7435226439292174e-05
	iters: 100, epoch: 18 | loss: 0.2392617
	speed: 0.7049s/iter; left time: 78124.1250s
	iters: 200, epoch: 18 | loss: 0.2419695
	speed: 0.1590s/iter; left time: 17602.6489s
	iters: 300, epoch: 18 | loss: 0.2650463
	speed: 0.1430s/iter; left time: 15821.5858s
Epoch: 18 cost time: 65.9265878200531
[2025-07-30 17:23:46] [32mIntermediate result: 0.27402982  (Index 17)[0m
Epoch: 18, Steps: 392 | Train Loss: 0.2491692 Vali Loss: 0.2284550 Test Loss: 0.2740298
Validation loss decreased (0.231428 --> 0.228455).  Saving model ...
Updating learning rate to 1.903029124923206e-05
	iters: 100, epoch: 19 | loss: 0.3036526
	speed: 0.6939s/iter; left time: 76637.6703s
	iters: 200, epoch: 19 | loss: 0.2464184
	speed: 0.1512s/iter; left time: 16680.2921s
	iters: 300, epoch: 19 | loss: 0.2598059
	speed: 0.1919s/iter; left time: 21150.7308s
Epoch: 19 cost time: 72.78626322746277
[2025-07-30 17:25:34] [32mIntermediate result: 0.27298206  (Index 18)[0m
Epoch: 19, Steps: 392 | Train Loss: 0.2460281 Vali Loss: 0.2355596 Test Loss: 0.2729821
EarlyStopping counter: 1 out of 8
Updating learning rate to 2.068722332156444e-05
	iters: 100, epoch: 20 | loss: 0.2407611
	speed: 0.7156s/iter; left time: 78751.3784s
	iters: 200, epoch: 20 | loss: 0.2357103
	speed: 0.1668s/iter; left time: 18342.2383s
	iters: 300, epoch: 20 | loss: 0.2644520
	speed: 0.2142s/iter; left time: 23527.3103s
Epoch: 20 cost time: 71.22554612159729
[2025-07-30 17:27:19] [32mIntermediate result: 0.26782  (Index 19)[0m
Epoch: 20, Steps: 392 | Train Loss: 0.2436541 Vali Loss: 0.2278106 Test Loss: 0.2678200
Validation loss decreased (0.228455 --> 0.227811).  Saving model ...
Updating learning rate to 2.240148073452961e-05
	iters: 100, epoch: 21 | loss: 0.2248920
	speed: 0.6917s/iter; left time: 75849.1716s
	iters: 200, epoch: 21 | loss: 0.2581430
	speed: 0.1539s/iter; left time: 16860.5870s
	iters: 300, epoch: 21 | loss: 0.2851121
	speed: 0.1641s/iter; left time: 17964.2987s
Epoch: 21 cost time: 67.95112895965576
[2025-07-30 17:29:00] [32mIntermediate result: 0.26993558  (Index 20)[0m
Epoch: 21, Steps: 392 | Train Loss: 0.2412962 Vali Loss: 0.2294301 Test Loss: 0.2699356
EarlyStopping counter: 1 out of 8
Updating learning rate to 2.4168364428235056e-05
	iters: 100, epoch: 22 | loss: 0.2591930
	speed: 0.6828s/iter; left time: 74607.6011s
	iters: 200, epoch: 22 | loss: 0.2140015
	speed: 0.1907s/iter; left time: 20813.7906s
	iters: 300, epoch: 22 | loss: 0.2618163
	speed: 0.2018s/iter; left time: 22007.9943s
Epoch: 22 cost time: 72.25321054458618
[2025-07-30 17:30:47] [32mIntermediate result: 0.26563224  (Index 21)[0m
Epoch: 22, Steps: 392 | Train Loss: 0.2387853 Vali Loss: 0.2218443 Test Loss: 0.2656322
Validation loss decreased (0.227811 --> 0.221844).  Saving model ...
Updating learning rate to 2.598303108554707e-05
	iters: 100, epoch: 23 | loss: 0.2562796
	speed: 0.7330s/iter; left time: 79807.1135s
	iters: 200, epoch: 23 | loss: 0.2671392
	speed: 0.2124s/iter; left time: 23099.6032s
	iters: 300, epoch: 23 | loss: 0.2052097
	speed: 0.1715s/iter; left time: 18639.0112s
Epoch: 23 cost time: 74.78085923194885
[2025-07-30 17:32:30] [32mIntermediate result: 0.26301822  (Index 22)[0m
Epoch: 23, Steps: 392 | Train Loss: 0.2363575 Vali Loss: 0.2099513 Test Loss: 0.2630182
Validation loss decreased (0.221844 --> 0.209951).  Saving model ...
Updating learning rate to 2.784050640841499e-05
	iters: 100, epoch: 24 | loss: 0.2466643
	speed: 0.5960s/iter; left time: 64661.9008s
	iters: 200, epoch: 24 | loss: 0.2256899
	speed: 0.2047s/iter; left time: 22183.7750s
	iters: 300, epoch: 24 | loss: 0.2400651
	speed: 0.1833s/iter; left time: 19850.8633s
Epoch: 24 cost time: 72.59243297576904
[2025-07-30 17:34:10] [32mIntermediate result: 0.2661895  (Index 23)[0m
Epoch: 24, Steps: 392 | Train Loss: 0.2343378 Vali Loss: 0.2104912 Test Loss: 0.2661895
EarlyStopping counter: 1 out of 8
Updating learning rate to 2.9735698753235597e-05
	iters: 100, epoch: 25 | loss: 0.2467808
	speed: 0.6071s/iter; left time: 65621.2579s
	iters: 200, epoch: 25 | loss: 0.2487776
	speed: 0.1291s/iter; left time: 13939.0562s
	iters: 300, epoch: 25 | loss: 0.2421069
	speed: 0.1536s/iter; left time: 16569.0906s
Epoch: 25 cost time: 69.37953567504883
[2025-07-30 17:35:48] [32mIntermediate result: 0.26160166  (Index 24)[0m
Epoch: 25, Steps: 392 | Train Loss: 0.2325498 Vali Loss: 0.2048195 Test Loss: 0.2616017
Validation loss decreased (0.209951 --> 0.204819).  Saving model ...
Updating learning rate to 3.1663413087880835e-05
	iters: 100, epoch: 26 | loss: 0.2008687
	speed: 0.7542s/iter; left time: 81226.1880s
	iters: 200, epoch: 26 | loss: 0.2386730
	speed: 0.2280s/iter; left time: 24534.5841s
	iters: 300, epoch: 26 | loss: 0.2525371
	speed: 0.1508s/iter; left time: 16214.9322s
Epoch: 26 cost time: 73.33531260490417
[2025-07-30 17:37:34] [32mIntermediate result: 0.26493385  (Index 25)[0m
Epoch: 26, Steps: 392 | Train Loss: 0.2306620 Vali Loss: 0.2053126 Test Loss: 0.2649339
EarlyStopping counter: 1 out of 8
Updating learning rate to 3.361836523213037e-05
	iters: 100, epoch: 27 | loss: 0.1937702
	speed: 0.6471s/iter; left time: 69441.9762s
	iters: 200, epoch: 27 | loss: 0.2395437
	speed: 0.1672s/iter; left time: 17930.2900s
	iters: 300, epoch: 27 | loss: 0.2186681
	speed: 0.1541s/iter; left time: 16502.2988s
Epoch: 27 cost time: 65.20959949493408
[2025-07-30 17:39:05] [32mIntermediate result: 0.25086045  (Index 26)[0m
Epoch: 27, Steps: 392 | Train Loss: 0.2289146 Vali Loss: 0.1991335 Test Loss: 0.2508605
Validation loss decreased (0.204819 --> 0.199133).  Saving model ...
Updating learning rate to 3.559519634247369e-05
	iters: 100, epoch: 28 | loss: 0.2685603
	speed: 0.6047s/iter; left time: 64652.1718s
	iters: 200, epoch: 28 | loss: 0.2158251
	speed: 0.1524s/iter; left time: 16283.0281s
	iters: 300, epoch: 28 | loss: 0.1916352
	speed: 0.1678s/iter; left time: 17907.3472s
Epoch: 28 cost time: 68.53592681884766
[2025-07-30 17:40:43] [32mIntermediate result: 0.26379147  (Index 27)[0m
Epoch: 28, Steps: 392 | Train Loss: 0.2279899 Vali Loss: 0.2023143 Test Loss: 0.2637915
EarlyStopping counter: 1 out of 8
Updating learning rate to 3.75884876015765e-05
	iters: 100, epoch: 29 | loss: 0.2322109
	speed: 0.6536s/iter; left time: 69627.4269s
	iters: 200, epoch: 29 | loss: 0.2020615
	speed: 0.1514s/iter; left time: 16114.1049s
	iters: 300, epoch: 29 | loss: 0.2104439
	speed: 0.1742s/iter; left time: 18518.4484s
Epoch: 29 cost time: 71.56041073799133
[2025-07-30 17:42:28] [32mIntermediate result: 0.25816354  (Index 28)[0m
Epoch: 29, Steps: 392 | Train Loss: 0.2263535 Vali Loss: 0.1953432 Test Loss: 0.2581635
Validation loss decreased (0.199133 --> 0.195343).  Saving model ...
Updating learning rate to 3.959277507214505e-05
	iters: 100, epoch: 30 | loss: 0.2353629
	speed: 0.7416s/iter; left time: 78706.8528s
	iters: 200, epoch: 30 | loss: 0.2486982
	speed: 0.1970s/iter; left time: 20891.9660s
	iters: 300, epoch: 30 | loss: 0.2396504
	speed: 0.1507s/iter; left time: 15962.5328s
Epoch: 30 cost time: 73.00105428695679
[2025-07-30 17:44:12] [32mIntermediate result: 0.26414528  (Index 29)[0m
Epoch: 30, Steps: 392 | Train Loss: 0.2246603 Vali Loss: 0.1985432 Test Loss: 0.2641453
EarlyStopping counter: 1 out of 8
Updating learning rate to 4.1602564674471874e-05
	iters: 100, epoch: 31 | loss: 0.2194354
	speed: 0.6371s/iter; left time: 67363.8191s
	iters: 200, epoch: 31 | loss: 0.2278215
	speed: 0.1680s/iter; left time: 17742.7672s
	iters: 300, epoch: 31 | loss: 0.1929358
	speed: 0.1959s/iter; left time: 20675.1806s
Epoch: 31 cost time: 69.78435492515564
[2025-07-30 17:45:52] [32mIntermediate result: 0.25446343  (Index 30)[0m
Epoch: 31, Steps: 392 | Train Loss: 0.2238825 Vali Loss: 0.1918347 Test Loss: 0.2544634
Validation loss decreased (0.195343 --> 0.191835).  Saving model ...
Updating learning rate to 4.361234724660659e-05
	iters: 100, epoch: 32 | loss: 0.2149592
	speed: 0.6848s/iter; left time: 72142.1432s
	iters: 200, epoch: 32 | loss: 0.2488459
	speed: 0.1641s/iter; left time: 17269.6439s
	iters: 300, epoch: 32 | loss: 0.2243816
	speed: 0.1740s/iter; left time: 18291.6392s
Epoch: 32 cost time: 71.87636232376099
[2025-07-30 17:47:37] [32mIntermediate result: 0.2509662  (Index 31)[0m
Epoch: 32, Steps: 392 | Train Loss: 0.2227230 Vali Loss: 0.1917364 Test Loss: 0.2509662
Validation loss decreased (0.191835 --> 0.191736).  Saving model ...
Updating learning rate to 4.56166136458697e-05
	iters: 100, epoch: 33 | loss: 0.2255847
	speed: 0.6854s/iter; left time: 71941.2741s
	iters: 200, epoch: 33 | loss: 0.2698914
	speed: 0.1903s/iter; left time: 19956.4486s
	iters: 300, epoch: 33 | loss: 0.2103368
	speed: 0.1729s/iter; left time: 18108.0108s
Epoch: 33 cost time: 73.03686881065369
[2025-07-30 17:49:22] [32mIntermediate result: 0.2607347  (Index 32)[0m
Epoch: 33, Steps: 392 | Train Loss: 0.2213072 Vali Loss: 0.1968380 Test Loss: 0.2607347
EarlyStopping counter: 1 out of 8
Updating learning rate to 4.760986985031364e-05
	iters: 100, epoch: 34 | loss: 0.2667794
	speed: 0.6896s/iter; left time: 72108.5433s
	iters: 200, epoch: 34 | loss: 0.2168280
	speed: 0.1875s/iter; left time: 19590.8791s
	iters: 300, epoch: 34 | loss: 0.2263642
	speed: 0.1824s/iter; left time: 19037.1206s
Epoch: 34 cost time: 69.34227323532104
[2025-07-30 17:51:06] [32mIntermediate result: 0.2498684  (Index 33)[0m
Epoch: 34, Steps: 392 | Train Loss: 0.2202823 Vali Loss: 0.1903532 Test Loss: 0.2498684
Validation loss decreased (0.191736 --> 0.190353).  Saving model ...
Updating learning rate to 4.958665201873521e-05
	iters: 100, epoch: 35 | loss: 0.1892546
	speed: 0.6700s/iter; left time: 69793.4288s
	iters: 200, epoch: 35 | loss: 0.2118386
	speed: 0.1544s/iter; left time: 16073.0034s
	iters: 300, epoch: 35 | loss: 0.1931037
	speed: 0.1920s/iter; left time: 19959.1312s
Epoch: 35 cost time: 72.14560413360596
[2025-07-30 17:52:49] [32mIntermediate result: 0.24615967  (Index 34)[0m
Epoch: 35, Steps: 392 | Train Loss: 0.2192591 Vali Loss: 0.1906343 Test Loss: 0.2461597
EarlyStopping counter: 1 out of 8
Updating learning rate to 5.154154146795794e-05
	iters: 100, epoch: 36 | loss: 0.2127451
	speed: 0.7200s/iter; left time: 74720.3811s
	iters: 200, epoch: 36 | loss: 0.2214187
	speed: 0.1740s/iter; left time: 18037.3963s
	iters: 300, epoch: 36 | loss: 0.2138859
	speed: 0.1450s/iter; left time: 15016.1334s
Epoch: 36 cost time: 69.5530002117157
[2025-07-30 17:54:29] [32mIntermediate result: 0.2450885  (Index 35)[0m
Epoch: 36, Steps: 392 | Train Loss: 0.2182828 Vali Loss: 0.1872775 Test Loss: 0.2450885
Validation loss decreased (0.190353 --> 0.187277).  Saving model ...
Updating learning rate to 5.34691795263286e-05
	iters: 100, epoch: 37 | loss: 0.1960112
	speed: 0.6234s/iter; left time: 64447.8662s
	iters: 200, epoch: 37 | loss: 0.2280020
	speed: 0.1878s/iter; left time: 19400.8229s
	iters: 300, epoch: 37 | loss: 0.2293432
	speed: 0.2261s/iter; left time: 23330.3063s
Epoch: 37 cost time: 72.64640688896179
[2025-07-30 17:56:13] [32mIntermediate result: 0.24793935  (Index 36)[0m
Epoch: 37, Steps: 392 | Train Loss: 0.2172415 Vali Loss: 0.1891114 Test Loss: 0.2479393
EarlyStopping counter: 1 out of 8
Updating learning rate to 5.536428222271265e-05
	iters: 100, epoch: 38 | loss: 0.2108542
	speed: 0.6636s/iter; left time: 68346.5806s
	iters: 200, epoch: 38 | loss: 0.2089642
	speed: 0.1520s/iter; left time: 15639.1932s
	iters: 300, epoch: 38 | loss: 0.2323966
	speed: 0.1721s/iter; left time: 17696.4434s
Epoch: 38 cost time: 70.73791670799255
[2025-07-30 17:57:58] [32mIntermediate result: 0.24362773  (Index 37)[0m
Epoch: 38, Steps: 392 | Train Loss: 0.2167187 Vali Loss: 0.1885650 Test Loss: 0.2436277
EarlyStopping counter: 2 out of 8
Updating learning rate to 5.722165477072302e-05
	iters: 100, epoch: 39 | loss: 0.2072160
	speed: 0.7073s/iter; left time: 72572.7585s
	iters: 200, epoch: 39 | loss: 0.2442955
	speed: 0.2093s/iter; left time: 21453.7486s
	iters: 300, epoch: 39 | loss: 0.2587765
	speed: 0.1652s/iter; left time: 16916.1438s
Epoch: 39 cost time: 73.18305349349976
[2025-07-30 17:59:44] [32mIntermediate result: 0.2370299  (Index 38)[0m
Epoch: 39, Steps: 392 | Train Loss: 0.2159917 Vali Loss: 0.1816663 Test Loss: 0.2370299
Validation loss decreased (0.187277 --> 0.181666).  Saving model ...
Updating learning rate to 5.903620580847918e-05
	iters: 100, epoch: 40 | loss: 0.1925049
	speed: 0.6663s/iter; left time: 68105.9247s
	iters: 200, epoch: 40 | loss: 0.2092597
	speed: 0.1665s/iter; left time: 16999.6230s
	iters: 300, epoch: 40 | loss: 0.2098874
	speed: 0.1794s/iter; left time: 18301.0834s
Epoch: 40 cost time: 66.44214653968811
[2025-07-30 18:01:23] [32mIntermediate result: 0.24440776  (Index 39)[0m
Epoch: 40, Steps: 392 | Train Loss: 0.2152947 Vali Loss: 0.1866820 Test Loss: 0.2444078
EarlyStopping counter: 1 out of 8
Updating learning rate to 6.0802961354862624e-05
	iters: 100, epoch: 41 | loss: 0.2313216
	speed: 0.7046s/iter; left time: 71741.2460s
	iters: 200, epoch: 41 | loss: 0.2318346
	speed: 0.1747s/iter; left time: 17773.2105s
	iters: 300, epoch: 41 | loss: 0.2221705
	speed: 0.1932s/iter; left time: 19635.4873s
Epoch: 41 cost time: 76.58697295188904
[2025-07-30 18:03:11] [32mIntermediate result: 0.24164553  (Index 40)[0m
Epoch: 41, Steps: 392 | Train Loss: 0.2139440 Vali Loss: 0.1835166 Test Loss: 0.2416455
EarlyStopping counter: 2 out of 8
Updating learning rate to 6.251707844401234e-05
	iters: 100, epoch: 42 | loss: 0.2236397
	speed: 0.6930s/iter; left time: 70293.0243s
	iters: 200, epoch: 42 | loss: 0.2015866
	speed: 0.1889s/iter; left time: 19141.3362s
	iters: 300, epoch: 42 | loss: 0.2244473
	speed: 0.1602s/iter; left time: 16220.7367s
Epoch: 42 cost time: 71.86347436904907
[2025-07-30 18:04:55] [32mIntermediate result: 0.24718994  (Index 41)[0m
Epoch: 42, Steps: 392 | Train Loss: 0.2134835 Vali Loss: 0.1796721 Test Loss: 0.2471899
Validation loss decreased (0.181666 --> 0.179672).  Saving model ...
Updating learning rate to 6.417385840068641e-05
	iters: 100, epoch: 43 | loss: 0.1755408
	speed: 0.6673s/iter; left time: 67423.3601s
	iters: 200, epoch: 43 | loss: 0.1990903
	speed: 0.2047s/iter; left time: 20663.2113s
	iters: 300, epoch: 43 | loss: 0.1872681
	speed: 0.2051s/iter; left time: 20685.0956s
Epoch: 43 cost time: 74.85991621017456
[2025-07-30 18:06:43] [32mIntermediate result: 0.24102753  (Index 42)[0m
Epoch: 43, Steps: 392 | Train Loss: 0.2127596 Vali Loss: 0.1796899 Test Loss: 0.2410275
EarlyStopping counter: 1 out of 8
Updating learning rate to 6.576875972009898e-05
	iters: 100, epoch: 44 | loss: 0.2488875
	speed: 0.6475s/iter; left time: 65164.7088s
	iters: 200, epoch: 44 | loss: 0.2051234
	speed: 0.1443s/iter; left time: 14506.9581s
	iters: 300, epoch: 44 | loss: 0.2183515
	speed: 0.1827s/iter; left time: 18350.6573s
Epoch: 44 cost time: 66.47527599334717
[2025-07-30 18:08:23] [32mIntermediate result: 0.24057312  (Index 43)[0m
Epoch: 44, Steps: 392 | Train Loss: 0.2122379 Vali Loss: 0.1792087 Test Loss: 0.2405731
Validation loss decreased (0.179672 --> 0.179209).  Saving model ...
Updating learning rate to 6.729741051692765e-05
	iters: 100, epoch: 45 | loss: 0.1918542
	speed: 0.7490s/iter; left time: 75091.9504s
	iters: 200, epoch: 45 | loss: 0.2089923
	speed: 0.1711s/iter; left time: 17136.2930s
	iters: 300, epoch: 45 | loss: 0.2203729
	speed: 0.1516s/iter; left time: 15168.0308s
Epoch: 45 cost time: 74.2855818271637
[2025-07-30 18:10:10] [32mIntermediate result: 0.23171087  (Index 44)[0m
Epoch: 45, Steps: 392 | Train Loss: 0.2116705 Vali Loss: 0.1799448 Test Loss: 0.2317109
EarlyStopping counter: 1 out of 8
Updating learning rate to 6.875562050936605e-05
	iters: 100, epoch: 46 | loss: 0.1899588
	speed: 0.6931s/iter; left time: 69213.2450s
	iters: 200, epoch: 46 | loss: 0.2247012
	speed: 0.1983s/iter; left time: 19783.1131s
	iters: 300, epoch: 46 | loss: 0.1924492
	speed: 0.1705s/iter; left time: 16988.4994s
Epoch: 46 cost time: 67.88198590278625
[2025-07-30 18:11:50] [32mIntermediate result: 0.24138999  (Index 45)[0m
Epoch: 46, Steps: 392 | Train Loss: 0.2107652 Vali Loss: 0.1791486 Test Loss: 0.2413900
Validation loss decreased (0.179209 --> 0.179149).  Saving model ...
Updating learning rate to 7.013939250537141e-05
	iters: 100, epoch: 47 | loss: 0.2293385
	speed: 0.6629s/iter; left time: 65933.3936s
	iters: 200, epoch: 47 | loss: 0.2238856
	speed: 0.1791s/iter; left time: 17793.7643s
	iters: 300, epoch: 47 | loss: 0.2480079
	speed: 0.2242s/iter; left time: 22254.5414s
Epoch: 47 cost time: 78.55641961097717
[2025-07-30 18:13:41] [32mIntermediate result: 0.2369598  (Index 46)[0m
Epoch: 47, Steps: 392 | Train Loss: 0.2101902 Vali Loss: 0.1769140 Test Loss: 0.2369598
Validation loss decreased (0.179149 --> 0.176914).  Saving model ...
Updating learning rate to 7.14449333596217e-05
	iters: 100, epoch: 48 | loss: 0.1800663
	speed: 0.6921s/iter; left time: 68567.6780s
	iters: 200, epoch: 48 | loss: 0.2160039
	speed: 0.1659s/iter; left time: 16419.9531s
	iters: 300, epoch: 48 | loss: 0.1972646
	speed: 0.1685s/iter; left time: 16663.1255s
Epoch: 48 cost time: 71.45179867744446
[2025-07-30 18:15:24] [32mIntermediate result: 0.23773712  (Index 47)[0m
Epoch: 48, Steps: 392 | Train Loss: 0.2097823 Vali Loss: 0.1817434 Test Loss: 0.2377371
EarlyStopping counter: 1 out of 8
Updating learning rate to 7.266866437114713e-05
	iters: 100, epoch: 49 | loss: 0.1974855
	speed: 0.6713s/iter; left time: 66244.1306s
	iters: 200, epoch: 49 | loss: 0.2197218
	speed: 0.2009s/iter; left time: 19804.8948s
	iters: 300, epoch: 49 | loss: 0.1929517
	speed: 0.1830s/iter; left time: 18025.3693s
Epoch: 49 cost time: 71.05271625518799
[2025-07-30 18:17:09] [32mIntermediate result: 0.2355484  (Index 48)[0m
Epoch: 49, Steps: 392 | Train Loss: 0.2090766 Vali Loss: 0.1789870 Test Loss: 0.2355484
EarlyStopping counter: 2 out of 8
Updating learning rate to 7.380723109313475e-05
	iters: 100, epoch: 50 | loss: 0.1893152
	speed: 0.6582s/iter; left time: 64699.3657s
	iters: 200, epoch: 50 | loss: 0.2062043
	speed: 0.1513s/iter; left time: 14857.2186s
	iters: 300, epoch: 50 | loss: 0.2225419
	speed: 0.1675s/iter; left time: 16430.3595s
Epoch: 50 cost time: 64.92879462242126
[2025-07-30 18:18:47] [32mIntermediate result: 0.23073041  (Index 49)[0m
Epoch: 50, Steps: 392 | Train Loss: 0.2082826 Vali Loss: 0.1796891 Test Loss: 0.2307304
EarlyStopping counter: 3 out of 8
Updating learning rate to 7.485751252801573e-05
	iters: 100, epoch: 51 | loss: 0.2031139
	speed: 0.7284s/iter; left time: 71311.7986s
	iters: 200, epoch: 51 | loss: 0.2485740
	speed: 0.1876s/iter; left time: 18350.1591s
	iters: 300, epoch: 51 | loss: 0.1792875
	speed: 0.1700s/iter; left time: 16611.3067s
Epoch: 51 cost time: 75.60355567932129
[2025-07-30 18:20:34] [32mIntermediate result: 0.23021276  (Index 50)[0m
Epoch: 51, Steps: 392 | Train Loss: 0.2077462 Vali Loss: 0.1782344 Test Loss: 0.2302128
EarlyStopping counter: 4 out of 8
Updating learning rate to 7.581662968263005e-05
	iters: 100, epoch: 52 | loss: 0.2041657
	speed: 0.6544s/iter; left time: 63813.2483s
	iters: 200, epoch: 52 | loss: 0.2109236
	speed: 0.1609s/iter; left time: 15668.8596s
	iters: 300, epoch: 52 | loss: 0.1972102
	speed: 0.1611s/iter; left time: 15673.1406s
Epoch: 52 cost time: 63.64232850074768
[2025-07-30 18:21:57] [32mIntermediate result: 0.23323396  (Index 51)[0m
Epoch: 52, Steps: 392 | Train Loss: 0.2073759 Vali Loss: 0.1755862 Test Loss: 0.2332340
Validation loss decreased (0.176914 --> 0.175586).  Saving model ...
Updating learning rate to 7.668195346001743e-05
	iters: 100, epoch: 53 | loss: 0.2044010
	speed: 0.5226s/iter; left time: 50751.0526s
	iters: 200, epoch: 53 | loss: 0.2403677
	speed: 0.2106s/iter; left time: 20428.8153s
	iters: 300, epoch: 53 | loss: 0.2370941
	speed: 0.2204s/iter; left time: 21361.4567s
Epoch: 53 cost time: 78.87964129447937
[2025-07-30 18:23:48] [32mIntermediate result: 0.22886974  (Index 52)[0m
Epoch: 53, Steps: 392 | Train Loss: 0.2068138 Vali Loss: 0.1753050 Test Loss: 0.2288697
Validation loss decreased (0.175586 --> 0.175305).  Saving model ...
Updating learning rate to 7.745111186620223e-05
	iters: 100, epoch: 54 | loss: 0.2088340
	speed: 0.6802s/iter; left time: 65791.3517s
	iters: 200, epoch: 54 | loss: 0.1959287
	speed: 0.1970s/iter; left time: 19039.8873s
	iters: 300, epoch: 54 | loss: 0.1969391
	speed: 0.1827s/iter; left time: 17638.6680s
Epoch: 54 cost time: 73.36280179023743
[2025-07-30 18:25:32] [32mIntermediate result: 0.2340608  (Index 53)[0m
Epoch: 54, Steps: 392 | Train Loss: 0.2064749 Vali Loss: 0.1765140 Test Loss: 0.2340608
EarlyStopping counter: 1 out of 8
Updating learning rate to 7.812199651221661e-05
	iters: 100, epoch: 55 | loss: 0.2071344
	speed: 0.6927s/iter; left time: 66725.9582s
	iters: 200, epoch: 55 | loss: 0.2019957
	speed: 0.1635s/iter; left time: 15730.8195s
	iters: 300, epoch: 55 | loss: 0.2136262
	speed: 0.1982s/iter; left time: 19053.8168s
Epoch: 55 cost time: 76.46436834335327
[2025-07-30 18:27:23] [32mIntermediate result: 0.2272324  (Index 54)[0m
Epoch: 55, Steps: 392 | Train Loss: 0.2057955 Vali Loss: 0.1789042 Test Loss: 0.2272324
EarlyStopping counter: 2 out of 8
Updating learning rate to 7.869276839353958e-05
	iters: 100, epoch: 56 | loss: 0.2356858
	speed: 0.7383s/iter; left time: 70834.0788s
	iters: 200, epoch: 56 | loss: 0.2334596
	speed: 0.2012s/iter; left time: 19279.6643s
	iters: 300, epoch: 56 | loss: 0.2103870
	speed: 0.1670s/iter; left time: 15991.5358s
Epoch: 56 cost time: 73.241943359375
[2025-07-30 18:29:10] [32mIntermediate result: 0.23213224  (Index 55)[0m
Epoch: 56, Steps: 392 | Train Loss: 0.2053913 Vali Loss: 0.1742610 Test Loss: 0.2321322
Validation loss decreased (0.175305 --> 0.174261).  Saving model ...
Updating learning rate to 7.916186293110909e-05
	iters: 100, epoch: 57 | loss: 0.2062095
	speed: 0.7144s/iter; left time: 68257.9679s
	iters: 200, epoch: 57 | loss: 0.2009006
	speed: 0.1961s/iter; left time: 18722.2454s
	iters: 300, epoch: 57 | loss: 0.2030369
	speed: 0.1672s/iter; left time: 15943.5031s
Epoch: 57 cost time: 76.32806897163391
[2025-07-30 18:30:59] [32mIntermediate result: 0.22814436  (Index 56)[0m
Epoch: 57, Steps: 392 | Train Loss: 0.2047416 Vali Loss: 0.1761392 Test Loss: 0.2281444
EarlyStopping counter: 1 out of 8
Updating learning rate to 7.95279942600891e-05
	iters: 100, epoch: 58 | loss: 0.1990643
	speed: 0.7369s/iter; left time: 70117.7195s
	iters: 200, epoch: 58 | loss: 0.1844988
	speed: 0.2169s/iter; left time: 20616.2801s
	iters: 300, epoch: 58 | loss: 0.2472766
	speed: 0.1613s/iter; left time: 15317.3844s
Epoch: 58 cost time: 75.45168042182922
[2025-07-30 18:32:47] [32mIntermediate result: 0.22881345  (Index 57)[0m
Epoch: 58, Steps: 392 | Train Loss: 0.2041250 Vali Loss: 0.1768766 Test Loss: 0.2288135
EarlyStopping counter: 2 out of 8
Updating learning rate to 7.97901587546353e-05
	iters: 100, epoch: 59 | loss: 0.2200518
	speed: 0.6463s/iter; left time: 61250.8684s
	iters: 200, epoch: 59 | loss: 0.1929636
	speed: 0.1668s/iter; left time: 15791.8803s
	iters: 300, epoch: 59 | loss: 0.1990624
	speed: 0.2335s/iter; left time: 22084.9949s
Epoch: 59 cost time: 76.77791857719421
[2025-07-30 18:34:37] [32mIntermediate result: 0.22899242  (Index 58)[0m
Epoch: 59, Steps: 392 | Train Loss: 0.2034289 Vali Loss: 0.1771366 Test Loss: 0.2289924
EarlyStopping counter: 3 out of 8
Updating learning rate to 7.994763777899777e-05
	iters: 100, epoch: 60 | loss: 0.2081082
	speed: 0.7781s/iter; left time: 73428.0051s
	iters: 200, epoch: 60 | loss: 0.2064185
	speed: 0.1709s/iter; left time: 16115.8966s
	iters: 300, epoch: 60 | loss: 0.2067848
	speed: 0.1458s/iter; left time: 13732.2678s
Epoch: 60 cost time: 75.22859048843384
[2025-07-30 18:36:26] [32mIntermediate result: 0.22216488  (Index 59)[0m
Epoch: 60, Steps: 392 | Train Loss: 0.2032826 Vali Loss: 0.1775952 Test Loss: 0.2221649
EarlyStopping counter: 4 out of 8
Updating learning rate to 7.999999997769854e-05
	iters: 100, epoch: 61 | loss: 0.1959897
	speed: 0.6818s/iter; left time: 64080.7068s
	iters: 200, epoch: 61 | loss: 0.1875799
	speed: 0.2057s/iter; left time: 19312.9128s
	iters: 300, epoch: 61 | loss: 0.2049520
	speed: 0.2079s/iter; left time: 19500.1284s
Epoch: 61 cost time: 72.55659604072571
[2025-07-30 18:38:13] [32mIntermediate result: 0.22325757  (Index 60)[0m
Epoch: 61, Steps: 392 | Train Loss: 0.2026810 Vali Loss: 0.1816200 Test Loss: 0.2232576
EarlyStopping counter: 5 out of 8
Updating learning rate to 7.999655561051934e-05
	iters: 100, epoch: 62 | loss: 0.2123997
	speed: 0.7416s/iter; left time: 69405.4137s
	iters: 200, epoch: 62 | loss: 0.1702769
	speed: 0.1698s/iter; left time: 15876.3569s
	iters: 300, epoch: 62 | loss: 0.1868569
	speed: 0.1524s/iter; left time: 14237.0220s
Epoch: 62 cost time: 75.48130416870117
[2025-07-30 18:40:01] [32mIntermediate result: 0.23155257  (Index 61)[0m
Epoch: 62, Steps: 392 | Train Loss: 0.2023790 Vali Loss: 0.1758712 Test Loss: 0.2315526
EarlyStopping counter: 6 out of 8
Updating learning rate to 7.998625806685431e-05
	iters: 100, epoch: 63 | loss: 0.2271706
	speed: 0.7107s/iter; left time: 66234.4703s
	iters: 200, epoch: 63 | loss: 0.2070515
	speed: 0.2440s/iter; left time: 22711.8748s
	iters: 300, epoch: 63 | loss: 0.1886061
	speed: 0.1766s/iter; left time: 16423.0938s
Epoch: 63 cost time: 77.39115881919861
[2025-07-30 18:41:50] [32mIntermediate result: 0.23284914  (Index 62)[0m
Epoch: 63, Steps: 392 | Train Loss: 0.2015431 Vali Loss: 0.1738820 Test Loss: 0.2328491
Validation loss decreased (0.174261 --> 0.173882).  Saving model ...
Updating learning rate to 7.99691091111345e-05
	iters: 100, epoch: 64 | loss: 0.2026516
	speed: 0.6565s/iter; left time: 60923.9697s
	iters: 200, epoch: 64 | loss: 0.1950770
	speed: 0.2047s/iter; left time: 18972.8966s
	iters: 300, epoch: 64 | loss: 0.1842088
	speed: 0.1784s/iter; left time: 16523.3774s
Epoch: 64 cost time: 75.2066171169281
[2025-07-30 18:43:39] [32mIntermediate result: 0.22588187  (Index 63)[0m
Epoch: 64, Steps: 392 | Train Loss: 0.2009201 Vali Loss: 0.1714962 Test Loss: 0.2258819
Validation loss decreased (0.173882 --> 0.171496).  Saving model ...
Updating learning rate to 7.99451116817452e-05
	iters: 100, epoch: 65 | loss: 0.1820010
	speed: 0.7172s/iter; left time: 66283.0783s
	iters: 200, epoch: 65 | loss: 0.1744594
	speed: 0.1887s/iter; left time: 17416.9863s
	iters: 300, epoch: 65 | loss: 0.1812198
	speed: 0.1891s/iter; left time: 17438.0753s
Epoch: 65 cost time: 75.35761094093323
[2025-07-30 18:45:29] [32mIntermediate result: 0.22773166  (Index 64)[0m
Epoch: 65, Steps: 392 | Train Loss: 0.2006096 Vali Loss: 0.1696838 Test Loss: 0.2277317
Validation loss decreased (0.171496 --> 0.169684).  Saving model ...
Updating learning rate to 7.991426989052241e-05
	iters: 100, epoch: 66 | loss: 0.1923831
	speed: 0.7631s/iter; left time: 70221.5631s
	iters: 200, epoch: 66 | loss: 0.2073742
	speed: 0.1899s/iter; left time: 17458.5014s
	iters: 300, epoch: 66 | loss: 0.1878687
	speed: 0.1441s/iter; left time: 13232.0062s
Epoch: 66 cost time: 74.49359846115112
[2025-07-30 18:47:18] [32mIntermediate result: 0.23151778  (Index 65)[0m
Epoch: 66, Steps: 392 | Train Loss: 0.2006893 Vali Loss: 0.1768295 Test Loss: 0.2315178
EarlyStopping counter: 1 out of 8
Updating learning rate to 7.987658902204828e-05
	iters: 100, epoch: 67 | loss: 0.2327587
	speed: 0.6802s/iter; left time: 62327.4972s
	iters: 200, epoch: 67 | loss: 0.2131266
	speed: 0.2127s/iter; left time: 19471.6917s
	iters: 300, epoch: 67 | loss: 0.2011792
	speed: 0.2127s/iter; left time: 19448.0040s
Epoch: 67 cost time: 73.6423397064209
[2025-07-30 18:49:05] [32mIntermediate result: 0.23038058  (Index 66)[0m
Epoch: 67, Steps: 392 | Train Loss: 0.1997904 Vali Loss: 0.1747332 Test Loss: 0.2303806
EarlyStopping counter: 2 out of 8
Updating learning rate to 7.983207553274564e-05
	iters: 100, epoch: 68 | loss: 0.1815314
	speed: 0.7160s/iter; left time: 65325.0533s
	iters: 200, epoch: 68 | loss: 0.1848154
	speed: 0.1795s/iter; left time: 16355.6623s
	iters: 300, epoch: 68 | loss: 0.1801221
	speed: 0.1712s/iter; left time: 15584.7173s
Epoch: 68 cost time: 77.20458602905273
[2025-07-30 18:50:54] [32mIntermediate result: 0.22847758  (Index 67)[0m
Epoch: 68, Steps: 392 | Train Loss: 0.1994713 Vali Loss: 0.1722829 Test Loss: 0.2284776
EarlyStopping counter: 3 out of 8
Updating learning rate to 7.978073704977173e-05
	iters: 100, epoch: 69 | loss: 0.1671211
	speed: 0.7060s/iter; left time: 64138.3622s
	iters: 200, epoch: 69 | loss: 0.2046732
	speed: 0.1998s/iter; left time: 18132.1422s
	iters: 300, epoch: 69 | loss: 0.1712507
	speed: 0.1624s/iter; left time: 14721.9879s
Epoch: 69 cost time: 71.29556655883789
[2025-07-30 18:52:38] [32mIntermediate result: 0.22263475  (Index 68)[0m
Epoch: 69, Steps: 392 | Train Loss: 0.1985725 Vali Loss: 0.1695645 Test Loss: 0.2226347
Validation loss decreased (0.169684 --> 0.169564).  Saving model ...
Updating learning rate to 7.972258236971131e-05
	iters: 100, epoch: 70 | loss: 0.1937295
	speed: 0.6599s/iter; left time: 59692.6444s
	iters: 200, epoch: 70 | loss: 0.1964206
	speed: 0.1688s/iter; left time: 15251.7733s
	iters: 300, epoch: 70 | loss: 0.1990587
	speed: 0.1916s/iter; left time: 17293.3696s
Epoch: 70 cost time: 71.34332823753357
[2025-07-30 18:54:24] [32mIntermediate result: 0.22572747  (Index 69)[0m
Epoch: 70, Steps: 392 | Train Loss: 0.1985141 Vali Loss: 0.1734264 Test Loss: 0.2257275
EarlyStopping counter: 1 out of 8
Updating learning rate to 7.965762145706943e-05
	iters: 100, epoch: 71 | loss: 0.2168521
	speed: 0.7437s/iter; left time: 66979.3084s
	iters: 200, epoch: 71 | loss: 0.2090033
	speed: 0.1883s/iter; left time: 16941.1055s
	iters: 300, epoch: 71 | loss: 0.2072147
	speed: 0.1586s/iter; left time: 14248.4201s
Epoch: 71 cost time: 74.98701596260071
[2025-07-30 18:56:13] [32mIntermediate result: 0.22499852  (Index 70)[0m
Epoch: 71, Steps: 392 | Train Loss: 0.1984609 Vali Loss: 0.1693838 Test Loss: 0.2249985
Validation loss decreased (0.169564 --> 0.169384).  Saving model ...
Updating learning rate to 7.958586544256404e-05
	iters: 100, epoch: 72 | loss: 0.2185735
	speed: 0.6960s/iter; left time: 62413.7898s
	iters: 200, epoch: 72 | loss: 0.1831314
	speed: 0.2140s/iter; left time: 19171.0169s
	iters: 300, epoch: 72 | loss: 0.2187006
	speed: 0.1837s/iter; left time: 16438.2511s
Epoch: 72 cost time: 72.09872341156006
[2025-07-30 18:57:59] [32mIntermediate result: 0.22544642  (Index 71)[0m
Epoch: 72, Steps: 392 | Train Loss: 0.1978622 Vali Loss: 0.1715342 Test Loss: 0.2254464
EarlyStopping counter: 1 out of 8
Updating learning rate to 7.950732662121885e-05
	iters: 100, epoch: 73 | loss: 0.2010141
	speed: 0.6711s/iter; left time: 59916.0059s
	iters: 200, epoch: 73 | loss: 0.1870385
	speed: 0.1626s/iter; left time: 14498.5010s
	iters: 300, epoch: 73 | loss: 0.1830688
	speed: 0.1849s/iter; left time: 16469.8652s
Epoch: 73 cost time: 71.16705584526062
[2025-07-30 18:59:43] [32mIntermediate result: 0.22422644  (Index 72)[0m
Epoch: 73, Steps: 392 | Train Loss: 0.1973543 Vali Loss: 0.1734335 Test Loss: 0.2242264
EarlyStopping counter: 2 out of 8
Updating learning rate to 7.942201845025657e-05
	iters: 100, epoch: 74 | loss: 0.1858333
	speed: 0.7387s/iter; left time: 65657.8416s
	iters: 200, epoch: 74 | loss: 0.1787066
	speed: 0.2057s/iter; left time: 18261.6052s
	iters: 300, epoch: 74 | loss: 0.1880021
	speed: 0.1567s/iter; left time: 13898.1820s
Epoch: 74 cost time: 74.48423957824707
[2025-07-30 19:01:25] [32mIntermediate result: 0.22501484  (Index 73)[0m
Epoch: 74, Steps: 392 | Train Loss: 0.1970965 Vali Loss: 0.1737885 Test Loss: 0.2250148
EarlyStopping counter: 3 out of 8
Updating learning rate to 7.93299555467931e-05
	iters: 100, epoch: 75 | loss: 0.1804945
	speed: 0.6078s/iter; left time: 53787.0148s
	iters: 200, epoch: 75 | loss: 0.2191218
	speed: 0.1955s/iter; left time: 17281.3758s
	iters: 300, epoch: 75 | loss: 0.2161721
	speed: 0.1883s/iter; left time: 16626.9808s
Epoch: 75 cost time: 73.3058865070343
[2025-07-30 19:03:10] [32mIntermediate result: 0.22518009  (Index 74)[0m
Epoch: 75, Steps: 392 | Train Loss: 0.1963764 Vali Loss: 0.1692701 Test Loss: 0.2251801
Validation loss decreased (0.169384 --> 0.169270).  Saving model ...
Updating learning rate to 7.923115368533304e-05
	iters: 100, epoch: 76 | loss: 0.1578318
	speed: 0.6513s/iter; left time: 57382.5012s
	iters: 200, epoch: 76 | loss: 0.1688437
	speed: 0.1800s/iter; left time: 15841.3700s
	iters: 300, epoch: 76 | loss: 0.2018056
	speed: 0.2110s/iter; left time: 18551.1504s
Epoch: 76 cost time: 77.37015914916992
[2025-07-30 19:05:02] [32mIntermediate result: 0.2241547  (Index 75)[0m
Epoch: 76, Steps: 392 | Train Loss: 0.1964066 Vali Loss: 0.1697224 Test Loss: 0.2241547
EarlyStopping counter: 1 out of 8
Updating learning rate to 7.91256297950667e-05
	iters: 100, epoch: 77 | loss: 0.2019425
	speed: 0.6951s/iter; left time: 60963.3808s
	iters: 200, epoch: 77 | loss: 0.2023731
	speed: 0.1483s/iter; left time: 12995.7209s
	iters: 300, epoch: 77 | loss: 0.1951630
	speed: 0.2083s/iter; left time: 18230.7827s
Epoch: 77 cost time: 69.14622712135315
[2025-07-30 19:06:45] [32mIntermediate result: 0.225832  (Index 76)[0m
Epoch: 77, Steps: 392 | Train Loss: 0.1960021 Vali Loss: 0.1737105 Test Loss: 0.2258320
EarlyStopping counter: 2 out of 8
Updating learning rate to 7.901340195696944e-05
	iters: 100, epoch: 78 | loss: 0.2065994
	speed: 0.7293s/iter; left time: 63677.2489s
	iters: 200, epoch: 78 | loss: 0.1984984
	speed: 0.1548s/iter; left time: 13497.7799s
	iters: 300, epoch: 78 | loss: 0.2345147
	speed: 0.1504s/iter; left time: 13104.0191s
Epoch: 78 cost time: 67.90163850784302
[2025-07-30 19:08:25] [32mIntermediate result: 0.2259102  (Index 77)[0m
Epoch: 78, Steps: 392 | Train Loss: 0.1954513 Vali Loss: 0.1745360 Test Loss: 0.2259102
EarlyStopping counter: 3 out of 8
Updating learning rate to 7.889448940070358e-05
	iters: 100, epoch: 79 | loss: 0.1765848
	speed: 0.6633s/iter; left time: 57654.8276s
	iters: 200, epoch: 79 | loss: 0.2116726
	speed: 0.2011s/iter; left time: 17458.2326s
	iters: 300, epoch: 79 | loss: 0.1827023
	speed: 0.2232s/iter; left time: 19357.7329s
Epoch: 79 cost time: 74.01312327384949
[2025-07-30 19:10:11] [32mIntermediate result: 0.22349475  (Index 78)[0m
Epoch: 79, Steps: 392 | Train Loss: 0.1954991 Vali Loss: 0.1665276 Test Loss: 0.2234948
Validation loss decreased (0.169270 --> 0.166528).  Saving model ...
Updating learning rate to 7.876891250132346e-05
	iters: 100, epoch: 80 | loss: 0.2259443
	speed: 0.6404s/iter; left time: 55419.0764s
	iters: 200, epoch: 80 | loss: 0.1929803
	speed: 0.1482s/iter; left time: 12812.6786s
	iters: 300, epoch: 80 | loss: 0.1787345
	speed: 0.1850s/iter; left time: 15975.4644s
Epoch: 80 cost time: 72.78769826889038
[2025-07-30 19:11:57] [32mIntermediate result: 0.22033203  (Index 79)[0m
Epoch: 80, Steps: 392 | Train Loss: 0.1950414 Vali Loss: 0.1717457 Test Loss: 0.2203320
EarlyStopping counter: 1 out of 8
Updating learning rate to 7.863669277578433e-05
	iters: 100, epoch: 81 | loss: 0.2120455
	speed: 0.7216s/iter; left time: 62157.8970s
	iters: 200, epoch: 81 | loss: 0.2302620
	speed: 0.1679s/iter; left time: 14448.4452s
	iters: 300, epoch: 81 | loss: 0.2250781
	speed: 0.1502s/iter; left time: 12911.7623s
Epoch: 81 cost time: 64.22478175163269
[2025-07-30 19:13:34] [32mIntermediate result: 0.2252487  (Index 80)[0m
Epoch: 81, Steps: 392 | Train Loss: 0.1944077 Vali Loss: 0.1672790 Test Loss: 0.2252487
EarlyStopping counter: 2 out of 8
Updating learning rate to 7.849785287925548e-05
	iters: 100, epoch: 82 | loss: 0.2131400
	speed: 0.6914s/iter; left time: 59285.1624s
	iters: 200, epoch: 82 | loss: 0.1857109
	speed: 0.1528s/iter; left time: 13091.0140s
	iters: 300, epoch: 82 | loss: 0.2046533
	speed: 0.1781s/iter; left time: 15235.1479s
Epoch: 82 cost time: 70.38172650337219
[2025-07-30 19:15:19] [32mIntermediate result: 0.22356069  (Index 81)[0m
Epoch: 82, Steps: 392 | Train Loss: 0.1942804 Vali Loss: 0.1692237 Test Loss: 0.2235607
EarlyStopping counter: 3 out of 8
Updating learning rate to 7.835241660123842e-05
	iters: 100, epoch: 83 | loss: 0.2038313
	speed: 0.7308s/iter; left time: 62381.0299s
	iters: 200, epoch: 83 | loss: 0.2010056
	speed: 0.1930s/iter; left time: 16458.4265s
	iters: 300, epoch: 83 | loss: 0.1816316
	speed: 0.1542s/iter; left time: 13135.3819s
Epoch: 83 cost time: 73.05846834182739
[2025-07-30 19:17:04] [32mIntermediate result: 0.2271595  (Index 82)[0m
Epoch: 83, Steps: 392 | Train Loss: 0.1937724 Vali Loss: 0.1704385 Test Loss: 0.2271595
EarlyStopping counter: 4 out of 8
Updating learning rate to 7.82004088614907e-05
	iters: 100, epoch: 84 | loss: 0.2078219
	speed: 0.6501s/iter; left time: 55238.8025s
	iters: 200, epoch: 84 | loss: 0.1950258
	speed: 0.1614s/iter; left time: 13693.2634s
	iters: 300, epoch: 84 | loss: 0.1723747
	speed: 0.1810s/iter; left time: 15341.0003s
Epoch: 84 cost time: 68.49029469490051
[2025-07-30 19:18:44] [32mIntermediate result: 0.22561468  (Index 83)[0m
Epoch: 84, Steps: 392 | Train Loss: 0.1937321 Vali Loss: 0.1699540 Test Loss: 0.2256147
EarlyStopping counter: 5 out of 8
Updating learning rate to 7.804185570575599e-05
	iters: 100, epoch: 85 | loss: 0.1887224
	speed: 0.7220s/iter; left time: 61058.9230s
	iters: 200, epoch: 85 | loss: 0.1800674
	speed: 0.1535s/iter; left time: 12965.5090s
	iters: 300, epoch: 85 | loss: 0.2003196
	speed: 0.1476s/iter; left time: 12453.2882s
Epoch: 85 cost time: 68.58179140090942
[2025-07-30 19:20:28] [32mIntermediate result: 0.22853255  (Index 84)[0m
Epoch: 85, Steps: 392 | Train Loss: 0.1935825 Vali Loss: 0.1688869 Test Loss: 0.2285326
EarlyStopping counter: 6 out of 8
Updating learning rate to 7.787678430130127e-05
	iters: 100, epoch: 86 | loss: 0.1651254
	speed: 0.6936s/iter; left time: 58388.2949s
	iters: 200, epoch: 86 | loss: 0.2239405
	speed: 0.2096s/iter; left time: 17621.0045s
	iters: 300, epoch: 86 | loss: 0.1866485
	speed: 0.1796s/iter; left time: 15079.6094s
Epoch: 86 cost time: 71.55050826072693
[2025-07-30 19:22:14] [32mIntermediate result: 0.22842184  (Index 85)[0m
Epoch: 86, Steps: 392 | Train Loss: 0.1932356 Vali Loss: 0.1675379 Test Loss: 0.2284218
EarlyStopping counter: 7 out of 8
Updating learning rate to 7.770522293226193e-05
	iters: 100, epoch: 87 | loss: 0.1732843
	speed: 0.6896s/iter; left time: 57777.3423s
	iters: 200, epoch: 87 | loss: 0.1968667
	speed: 0.1570s/iter; left time: 13142.2035s
	iters: 300, epoch: 87 | loss: 0.1924322
	speed: 0.1668s/iter; left time: 13940.0040s
Epoch: 87 cost time: 70.48218607902527
[2025-07-30 19:23:57] [32mIntermediate result: 0.22656886  (Index 86)[0m
Epoch: 87, Steps: 392 | Train Loss: 0.1928235 Vali Loss: 0.1710521 Test Loss: 0.2265689
EarlyStopping counter: 8 out of 8
Early stopping
>>>>>>>testing : 96_192_SPM_TST_Solar_ftM_sl96_ll18_pl192_dm5_nh1_el1_dl1_df26_fc1_ebtimeF_dtTrue_Exp_0<<<<<<<<<<<<<<<<<<<<<<<<<<<<<<<<<
test 10321
[2025-07-30 19:26:07] [32mFinal result: 0.22349474[0m
mse:0.2234947383403778, mae:0.2562311291694641, rse:0.5469504594802856
