Args in experiment:
Namespace(random_seed=2021, is_training=1, model_id='96_336', model='PatchTST', data='custom', root_path='./dataset/', data_path='traffic.csv', features='M', target='OT', freq='h', checkpoints='./checkpoints/', seq_len=96, label_len=18, pred_len=336, fc_dropout=0.2, head_dropout=0.0, patch_len=16, stride=8, padding_patch='end', revin=1, affine=0, subtract_last=0, decomposition=0, kernel_size=25, individual=0, embed_type=0, enc_in=862, dec_in=7, c_out=7, d_model=16, n_heads=1, e_layers=1, d_layers=1, d_ff=16, moving_avg=25, factor=1, distil=True, dropout=0.2, embed='timeF', activation='gelu', output_attention=False, do_predict=False, num_workers=10, itr=1, train_epochs=300, batch_size=64, patience=8, learning_rate=0.0003, des='Exp', loss='mse', lradj='TST', pct_start=0.2, use_amp=False, k=1.0, dishts=0, num_layers=3, hidden_size=[32, 8], use_gpu=True, gpu=0, use_multi_gpu=True, devices='0,1', test_flop=False, dvices='0,1', device_ids=[0, 1])
Use GPU: cuda:0
>>>>>>>start training : 96_336_Latentfomer_custom_ftM_sl96_ll18_pl336_dm16_nh1_el1_dl1_df16_fc1_ebtimeF_dtTrue_Exp_0>>>>>>>>>>>>>>>>>>>>>>>>>>
train 11849
val 1421
test 3173
	iters: 100, epoch: 1 | loss: 0.5367539
	speed: 0.4272s/iter; left time: 23668.1679s
Epoch: 1 cost time: 76.88805794715881
[2024-08-12 23:03:11] [32mIntermediate result: 0.72038853  (Index 0)[0m
Epoch: 1, Steps: 185 | Train Loss: 0.6284678 Vali Loss: 0.5826984 Test Loss: 0.7203885
Validation loss decreased (inf --> 0.582698).  Saving model ...
Updating learning rate to 1.2197382550037633e-05
	iters: 100, epoch: 2 | loss: 0.4288963
	speed: 0.9349s/iter; left time: 51619.0666s
Epoch: 2 cost time: 75.53104257583618
[2024-08-12 23:04:44] [32mIntermediate result: 0.6322348  (Index 1)[0m
Epoch: 2, Steps: 185 | Train Loss: 0.4190448 Vali Loss: 0.5155662 Test Loss: 0.6322348
Validation loss decreased (0.582698 --> 0.515566).  Saving model ...
Updating learning rate to 1.2788989090830249e-05
	iters: 100, epoch: 3 | loss: 0.3953560
	speed: 0.9359s/iter; left time: 51504.7207s
Epoch: 3 cost time: 75.52905821800232
[2024-08-12 23:06:18] [32mIntermediate result: 0.5926531  (Index 2)[0m
Epoch: 3, Steps: 185 | Train Loss: 0.3823891 Vali Loss: 0.4855767 Test Loss: 0.5926531
Validation loss decreased (0.515566 --> 0.485577).  Saving model ...
Updating learning rate to 1.3773197777827337e-05
	iters: 100, epoch: 4 | loss: 0.3584725
	speed: 0.9360s/iter; left time: 51335.0575s
Epoch: 4 cost time: 75.54120087623596
[2024-08-12 23:07:51] [32mIntermediate result: 0.5683672  (Index 3)[0m
Epoch: 4, Steps: 185 | Train Loss: 0.3623462 Vali Loss: 0.4679091 Test Loss: 0.5683672
Validation loss decreased (0.485577 --> 0.467909).  Saving model ...
Updating learning rate to 1.5147310477411978e-05
	iters: 100, epoch: 5 | loss: 0.3533413
	speed: 0.9355s/iter; left time: 51136.0670s
Epoch: 5 cost time: 75.54614973068237
[2024-08-12 23:09:25] [32mIntermediate result: 0.5513482  (Index 4)[0m
Epoch: 5, Steps: 185 | Train Loss: 0.3483757 Vali Loss: 0.4565198 Test Loss: 0.5513482
Validation loss decreased (0.467909 --> 0.456520).  Saving model ...
Updating learning rate to 1.6907560163630358e-05
	iters: 100, epoch: 6 | loss: 0.3321930
	speed: 0.9352s/iter; left time: 50948.3897s
Epoch: 6 cost time: 75.46834945678711
[2024-08-12 23:10:58] [32mIntermediate result: 0.53985655  (Index 5)[0m
Epoch: 6, Steps: 185 | Train Loss: 0.3384929 Vali Loss: 0.4486797 Test Loss: 0.5398566
Validation loss decreased (0.456520 --> 0.448680).  Saving model ...
Updating learning rate to 1.9049121245207925e-05
	iters: 100, epoch: 7 | loss: 0.3245458
	speed: 0.9357s/iter; left time: 50800.3206s
Epoch: 7 cost time: 75.57282257080078
[2024-08-12 23:12:32] [32mIntermediate result: 0.5311509  (Index 6)[0m
Epoch: 7, Steps: 185 | Train Loss: 0.3311370 Vali Loss: 0.4439336 Test Loss: 0.5311509
Validation loss decreased (0.448680 --> 0.443934).  Saving model ...
Updating learning rate to 2.156612279454259e-05
	iters: 100, epoch: 8 | loss: 0.3180650
	speed: 0.9347s/iter; left time: 50573.7523s
Epoch: 8 cost time: 75.43770480155945
[2024-08-12 23:14:05] [32mIntermediate result: 0.5242586  (Index 7)[0m
Epoch: 8, Steps: 185 | Train Loss: 0.3253564 Vali Loss: 0.4397298 Test Loss: 0.5242586
Validation loss decreased (0.443934 --> 0.439730).  Saving model ...
Updating learning rate to 2.4451664642408642e-05
	iters: 100, epoch: 9 | loss: 0.3352890
	speed: 0.9359s/iter; left time: 50463.4594s
Epoch: 9 cost time: 75.44796562194824
[2024-08-12 23:15:39] [32mIntermediate result: 0.5188659  (Index 8)[0m
Epoch: 9, Steps: 185 | Train Loss: 0.3207662 Vali Loss: 0.4371386 Test Loss: 0.5188659
Validation loss decreased (0.439730 --> 0.437139).  Saving model ...
Updating learning rate to 2.7697836294248075e-05
	iters: 100, epoch: 10 | loss: 0.3146399
	speed: 0.9347s/iter; left time: 50229.4336s
Epoch: 10 cost time: 75.47962737083435
[2024-08-12 23:17:12] [32mIntermediate result: 0.5145457  (Index 9)[0m
Epoch: 10, Steps: 185 | Train Loss: 0.3172172 Vali Loss: 0.4347973 Test Loss: 0.5145457
Validation loss decreased (0.437139 --> 0.434797).  Saving model ...
Updating learning rate to 3.1295738616192925e-05
	iters: 100, epoch: 11 | loss: 0.3179950
	speed: 0.9337s/iter; left time: 50002.5503s
Epoch: 11 cost time: 75.41400051116943
[2024-08-12 23:18:46] [32mIntermediate result: 0.510668  (Index 10)[0m
Epoch: 11, Steps: 185 | Train Loss: 0.3138814 Vali Loss: 0.4332673 Test Loss: 0.5106680
Validation loss decreased (0.434797 --> 0.433267).  Saving model ...
Updating learning rate to 3.5235508231366874e-05
	iters: 100, epoch: 12 | loss: 0.3203423
	speed: 0.9347s/iter; left time: 49883.1459s
Epoch: 12 cost time: 75.48676991462708
[2024-08-12 23:20:19] [32mIntermediate result: 0.5069109  (Index 11)[0m
Epoch: 12, Steps: 185 | Train Loss: 0.3110060 Vali Loss: 0.4297365 Test Loss: 0.5069109
Validation loss decreased (0.433267 --> 0.429736).  Saving model ...
Updating learning rate to 3.950634455958651e-05
	iters: 100, epoch: 13 | loss: 0.2993918
	speed: 0.9348s/iter; left time: 49711.9494s
Epoch: 13 cost time: 75.50490999221802
[2024-08-12 23:21:53] [32mIntermediate result: 0.5041329  (Index 12)[0m
Epoch: 13, Steps: 185 | Train Loss: 0.3086685 Vali Loss: 0.4293061 Test Loss: 0.5041329
Validation loss decreased (0.429736 --> 0.429306).  Saving model ...
Updating learning rate to 4.409653942633442e-05
	iters: 100, epoch: 14 | loss: 0.3182660
	speed: 0.9351s/iter; left time: 49558.7118s
Epoch: 14 cost time: 75.46142888069153
[2024-08-12 23:23:26] [32mIntermediate result: 0.5011931  (Index 13)[0m
Epoch: 14, Steps: 185 | Train Loss: 0.3064119 Vali Loss: 0.4271544 Test Loss: 0.5011931
Validation loss decreased (0.429306 --> 0.427154).  Saving model ...
Updating learning rate to 4.8993509159833215e-05
	iters: 100, epoch: 15 | loss: 0.3115636
	speed: 0.9341s/iter; left time: 49332.3770s
Epoch: 15 cost time: 75.43999600410461
[2024-08-12 23:25:00] [32mIntermediate result: 0.4992174  (Index 14)[0m
Epoch: 15, Steps: 185 | Train Loss: 0.3046085 Vali Loss: 0.4267503 Test Loss: 0.4992174
Validation loss decreased (0.427154 --> 0.426750).  Saving model ...
Updating learning rate to 5.418382908822935e-05
	iters: 100, epoch: 16 | loss: 0.3012005
	speed: 0.9361s/iter; left time: 49261.6628s
Epoch: 16 cost time: 75.5436053276062
[2024-08-12 23:26:33] [32mIntermediate result: 0.49732357  (Index 15)[0m
Epoch: 16, Steps: 185 | Train Loss: 0.3027484 Vali Loss: 0.4252464 Test Loss: 0.4973236
Validation loss decreased (0.426750 --> 0.425246).  Saving model ...
Updating learning rate to 5.9653270342314865e-05
	iters: 100, epoch: 17 | loss: 0.3218991
	speed: 0.9356s/iter; left time: 49064.6769s
Epoch: 17 cost time: 75.45213890075684
[2024-08-12 23:28:07] [32mIntermediate result: 0.4956008  (Index 16)[0m
Epoch: 17, Steps: 185 | Train Loss: 0.3010738 Vali Loss: 0.4238962 Test Loss: 0.4956008
Validation loss decreased (0.425246 --> 0.423896).  Saving model ...
Updating learning rate to 6.53868388628951e-05
	iters: 100, epoch: 18 | loss: 0.2756799
	speed: 0.9358s/iter; left time: 48902.0012s
Epoch: 18 cost time: 75.51252818107605
[2024-08-12 23:29:40] [32mIntermediate result: 0.49256635  (Index 17)[0m
Epoch: 18, Steps: 185 | Train Loss: 0.2996341 Vali Loss: 0.4208799 Test Loss: 0.4925663
Validation loss decreased (0.423896 --> 0.420880).  Saving model ...
Updating learning rate to 7.136881650586713e-05
	iters: 100, epoch: 19 | loss: 0.2952210
	speed: 0.9359s/iter; left time: 48732.1272s
Epoch: 19 cost time: 75.521320104599
[2024-08-12 23:31:14] [32mIntermediate result: 0.49005482  (Index 18)[0m
Epoch: 19, Steps: 185 | Train Loss: 0.2982837 Vali Loss: 0.4195986 Test Loss: 0.4900548
Validation loss decreased (0.420880 --> 0.419599).  Saving model ...
Updating learning rate to 7.75828041323222e-05
	iters: 100, epoch: 20 | loss: 0.2921147
	speed: 0.9355s/iter; left time: 48541.3013s
Epoch: 20 cost time: 75.55571675300598
[2024-08-12 23:32:48] [32mIntermediate result: 0.48891485  (Index 19)[0m
Epoch: 20, Steps: 185 | Train Loss: 0.2970162 Vali Loss: 0.4194694 Test Loss: 0.4889148
Validation loss decreased (0.419599 --> 0.419469).  Saving model ...
Updating learning rate to 8.401176656554337e-05
	iters: 100, epoch: 21 | loss: 0.2987395
	speed: 0.9371s/iter; left time: 48450.5007s
Epoch: 21 cost time: 75.5405216217041
[2024-08-12 23:34:21] [32mIntermediate result: 0.48893064  (Index 20)[0m
Epoch: 21, Steps: 185 | Train Loss: 0.2958111 Vali Loss: 0.4194746 Test Loss: 0.4889306
EarlyStopping counter: 1 out of 8
Updating learning rate to 9.063807929165341e-05
	iters: 100, epoch: 22 | loss: 0.3091537
	speed: 0.9333s/iter; left time: 48078.2194s
Epoch: 22 cost time: 75.40805101394653
[2024-08-12 23:35:55] [32mIntermediate result: 0.48527697  (Index 21)[0m
Epoch: 22, Steps: 185 | Train Loss: 0.2945762 Vali Loss: 0.4174533 Test Loss: 0.4852770
Validation loss decreased (0.419469 --> 0.417453).  Saving model ...
Updating learning rate to 9.744357677588523e-05
	iters: 100, epoch: 23 | loss: 0.2806426
	speed: 0.9358s/iter; left time: 48034.2055s
Epoch: 23 cost time: 75.4392786026001
[2024-08-12 23:37:28] [32mIntermediate result: 0.48213744  (Index 22)[0m
Epoch: 23, Steps: 185 | Train Loss: 0.2933076 Vali Loss: 0.4142071 Test Loss: 0.4821374
Validation loss decreased (0.417453 --> 0.414207).  Saving model ...
Updating learning rate to 0.00010440960226202069
	iters: 100, epoch: 24 | loss: 0.2892498
	speed: 0.9350s/iter; left time: 47821.2276s
Epoch: 24 cost time: 75.47205853462219
[2024-08-12 23:39:02] [32mIntermediate result: 0.48155916  (Index 23)[0m
Epoch: 24, Steps: 185 | Train Loss: 0.2920874 Vali Loss: 0.4142881 Test Loss: 0.4815592
EarlyStopping counter: 1 out of 8
Updating learning rate to 0.00011151705891847524
	iters: 100, epoch: 25 | loss: 0.2938502
	speed: 0.9352s/iter; left time: 47657.0604s
Epoch: 25 cost time: 75.51955080032349
[2024-08-12 23:40:35] [32mIntermediate result: 0.4805098  (Index 24)[0m
Epoch: 25, Steps: 185 | Train Loss: 0.2910758 Vali Loss: 0.4132335 Test Loss: 0.4805098
Validation loss decreased (0.414207 --> 0.413234).  Saving model ...
Updating learning rate to 0.00011874646219081655
	iters: 100, epoch: 26 | loss: 0.3008825
	speed: 0.9350s/iter; left time: 47474.4778s
Epoch: 26 cost time: 75.52292156219482
[2024-08-12 23:42:09] [32mIntermediate result: 0.47879297  (Index 25)[0m
Epoch: 26, Steps: 185 | Train Loss: 0.2900724 Vali Loss: 0.4125692 Test Loss: 0.4787930
Validation loss decreased (0.413234 --> 0.412569).  Saving model ...
Updating learning rate to 0.00012607799321719536
	iters: 100, epoch: 27 | loss: 0.2698467
	speed: 0.9368s/iter; left time: 47395.9186s
Epoch: 27 cost time: 75.58991599082947
[2024-08-12 23:43:42] [32mIntermediate result: 0.47623605  (Index 26)[0m
Epoch: 27, Steps: 185 | Train Loss: 0.2889863 Vali Loss: 0.4113142 Test Loss: 0.4762360
Validation loss decreased (0.412569 --> 0.411314).  Saving model ...
Updating learning rate to 0.00013349155316025522
	iters: 100, epoch: 28 | loss: 0.2949512
	speed: 0.9371s/iter; left time: 47237.4209s
Epoch: 28 cost time: 75.58553767204285
[2024-08-12 23:45:16] [32mIntermediate result: 0.47290856  (Index 27)[0m
Epoch: 28, Steps: 185 | Train Loss: 0.2873980 Vali Loss: 0.4090666 Test Loss: 0.4729086
Validation loss decreased (0.411314 --> 0.409067).  Saving model ...
Updating learning rate to 0.00014096681830657356
	iters: 100, epoch: 29 | loss: 0.2785659
	speed: 0.9349s/iter; left time: 46951.9203s
Epoch: 29 cost time: 75.46322083473206
[2024-08-12 23:46:50] [32mIntermediate result: 0.47339514  (Index 28)[0m
Epoch: 29, Steps: 185 | Train Loss: 0.2865900 Vali Loss: 0.4094448 Test Loss: 0.4733951
EarlyStopping counter: 1 out of 8
Updating learning rate to 0.00014848329578258398
	iters: 100, epoch: 30 | loss: 0.2829823
	speed: 0.9337s/iter; left time: 46716.2355s
Epoch: 30 cost time: 75.42816877365112
[2024-08-12 23:48:23] [32mIntermediate result: 0.47178966  (Index 29)[0m
Epoch: 30, Steps: 185 | Train Loss: 0.2855302 Vali Loss: 0.4083012 Test Loss: 0.4717897
Validation loss decreased (0.409067 --> 0.408301).  Saving model ...
Updating learning rate to 0.0001560203797342376
	iters: 100, epoch: 31 | loss: 0.2979424
	speed: 0.9357s/iter; left time: 46643.0972s
Epoch: 31 cost time: 75.50325083732605
[2024-08-12 23:49:57] [32mIntermediate result: 0.4704273  (Index 30)[0m
Epoch: 31, Steps: 185 | Train Loss: 0.2844248 Vali Loss: 0.4080231 Test Loss: 0.4704273
Validation loss decreased (0.408301 --> 0.408023).  Saving model ...
Updating learning rate to 0.00016355740781639247
	iters: 100, epoch: 32 | loss: 0.2886617
	speed: 0.9357s/iter; left time: 46471.1858s
Epoch: 32 cost time: 75.51255893707275
[2024-08-12 23:51:30] [32mIntermediate result: 0.46640876  (Index 31)[0m
Epoch: 32, Steps: 185 | Train Loss: 0.2831945 Vali Loss: 0.4054355 Test Loss: 0.4664088
Validation loss decreased (0.408023 --> 0.405435).  Saving model ...
Updating learning rate to 0.00017107371783706853
	iters: 100, epoch: 33 | loss: 0.2714596
	speed: 0.9362s/iter; left time: 46324.2549s
Epoch: 33 cost time: 75.4916443824768
[2024-08-12 23:53:04] [32mIntermediate result: 0.46446544  (Index 32)[0m
Epoch: 33, Steps: 185 | Train Loss: 0.2823558 Vali Loss: 0.4028753 Test Loss: 0.4644654
Validation loss decreased (0.405435 --> 0.402875).  Saving model ...
Updating learning rate to 0.00017854870440128307
	iters: 100, epoch: 34 | loss: 0.2802264
	speed: 0.9361s/iter; left time: 46147.6271s
Epoch: 34 cost time: 75.48144316673279
[2024-08-12 23:54:37] [32mIntermediate result: 0.46482393  (Index 33)[0m
Epoch: 34, Steps: 185 | Train Loss: 0.2812708 Vali Loss: 0.4034377 Test Loss: 0.4648239
EarlyStopping counter: 1 out of 8
Updating learning rate to 0.00018596187539918132
	iters: 100, epoch: 35 | loss: 0.2837480
	speed: 0.9340s/iter; left time: 45869.8678s
Epoch: 35 cost time: 75.60097098350525
[2024-08-12 23:56:11] [32mIntermediate result: 0.46392858  (Index 34)[0m
Epoch: 35, Steps: 185 | Train Loss: 0.2806748 Vali Loss: 0.4027390 Test Loss: 0.4639286
Validation loss decreased (0.402875 --> 0.402739).  Saving model ...
Updating learning rate to 0.00019329290818360462
	iters: 100, epoch: 36 | loss: 0.2799051
	speed: 0.9365s/iter; left time: 45817.9252s
Epoch: 36 cost time: 75.53318071365356
[2024-08-12 23:57:44] [32mIntermediate result: 0.46121532  (Index 35)[0m
Epoch: 36, Steps: 185 | Train Loss: 0.2794948 Vali Loss: 0.4010235 Test Loss: 0.4612153
Validation loss decreased (0.402739 --> 0.401023).  Saving model ...
Updating learning rate to 0.00020052170528308904
	iters: 100, epoch: 37 | loss: 0.2713681
	speed: 0.9355s/iter; left time: 45599.0459s
Epoch: 37 cost time: 75.5736448764801
[2024-08-12 23:59:18] [32mIntermediate result: 0.46090797  (Index 36)[0m
Epoch: 37, Steps: 185 | Train Loss: 0.2786727 Vali Loss: 0.4011048 Test Loss: 0.4609080
EarlyStopping counter: 1 out of 8
Updating learning rate to 0.0002076284494975624
	iters: 100, epoch: 38 | loss: 0.2728108
	speed: 0.9360s/iter; left time: 45448.9518s
Epoch: 38 cost time: 75.6064441204071
[2024-08-13 00:00:52] [32mIntermediate result: 0.45935896  (Index 37)[0m
Epoch: 38, Steps: 185 | Train Loss: 0.2780355 Vali Loss: 0.3995085 Test Loss: 0.4593590
Validation loss decreased (0.401023 --> 0.399509).  Saving model ...
Updating learning rate to 0.00021459365822569797
	iters: 100, epoch: 39 | loss: 0.2792808
	speed: 0.9370s/iter; left time: 45321.3970s
Epoch: 39 cost time: 75.64367914199829
[2024-08-13 00:02:25] [32mIntermediate result: 0.45711875  (Index 38)[0m
Epoch: 39, Steps: 185 | Train Loss: 0.2766906 Vali Loss: 0.3992335 Test Loss: 0.4571187
Validation loss decreased (0.399509 --> 0.399233).  Saving model ...
Updating learning rate to 0.0002213982368749915
	iters: 100, epoch: 40 | loss: 0.2762025
	speed: 0.9379s/iter; left time: 45192.7234s
Epoch: 40 cost time: 75.64667916297913
[2024-08-13 00:03:59] [32mIntermediate result: 0.45604765  (Index 39)[0m
Epoch: 40, Steps: 185 | Train Loss: 0.2762585 Vali Loss: 0.3981430 Test Loss: 0.4560477
Validation loss decreased (0.399233 --> 0.398143).  Saving model ...
Updating learning rate to 0.00022802353120814133
	iters: 100, epoch: 41 | loss: 0.2703451
	speed: 0.9365s/iter; left time: 44952.1505s
Epoch: 41 cost time: 75.64433813095093
[2024-08-13 00:05:33] [32mIntermediate result: 0.45450556  (Index 40)[0m
Epoch: 41, Steps: 185 | Train Loss: 0.2752067 Vali Loss: 0.3967825 Test Loss: 0.4545056
Validation loss decreased (0.398143 --> 0.396782).  Saving model ...
Updating learning rate to 0.00023445137848222765
	iters: 100, epoch: 42 | loss: 0.2775787
	speed: 0.9373s/iter; left time: 44819.0043s
Epoch: 42 cost time: 75.57460284233093
[2024-08-13 00:07:06] [32mIntermediate result: 0.45437378  (Index 41)[0m
Epoch: 42, Steps: 185 | Train Loss: 0.2745145 Vali Loss: 0.3975496 Test Loss: 0.4543738
EarlyStopping counter: 1 out of 8
Updating learning rate to 0.00024066415724049734
	iters: 100, epoch: 43 | loss: 0.2692017
	speed: 0.9340s/iter; left time: 44488.6944s
Epoch: 43 cost time: 75.439786195755
[2024-08-13 00:08:40] [32mIntermediate result: 0.4555239  (Index 42)[0m
Epoch: 43, Steps: 185 | Train Loss: 0.2740117 Vali Loss: 0.3981106 Test Loss: 0.4555239
EarlyStopping counter: 2 out of 8
Updating learning rate to 0.0002466448356202544
	iters: 100, epoch: 44 | loss: 0.2693929
	speed: 0.9332s/iter; left time: 44278.3514s
Epoch: 44 cost time: 75.46449947357178
[2024-08-13 00:10:13] [32mIntermediate result: 0.45165187  (Index 43)[0m
Epoch: 44, Steps: 185 | Train Loss: 0.2728754 Vali Loss: 0.3960401 Test Loss: 0.4516519
Validation loss decreased (0.396782 --> 0.396040).  Saving model ...
Updating learning rate to 0.00025237701804442156
	iters: 100, epoch: 45 | loss: 0.2654334
	speed: 0.9378s/iter; left time: 44322.5824s
Epoch: 45 cost time: 75.48831272125244
[2024-08-13 00:11:47] [32mIntermediate result: 0.45054725  (Index 44)[0m
Epoch: 45, Steps: 185 | Train Loss: 0.2724587 Vali Loss: 0.3956174 Test Loss: 0.4505472
Validation loss decreased (0.396040 --> 0.395617).  Saving model ...
Updating learning rate to 0.00025784499016877447
	iters: 100, epoch: 46 | loss: 0.2667970
	speed: 0.9355s/iter; left time: 44037.2494s
Epoch: 46 cost time: 75.52323651313782
[2024-08-13 00:13:21] [32mIntermediate result: 0.45121306  (Index 45)[0m
Epoch: 46, Steps: 185 | Train Loss: 0.2716701 Vali Loss: 0.3939437 Test Loss: 0.4512131
Validation loss decreased (0.395617 --> 0.393944).  Saving model ...
Updating learning rate to 0.00026303376196162636
	iters: 100, epoch: 47 | loss: 0.2636851
	speed: 0.9368s/iter; left time: 43928.4205s
Epoch: 47 cost time: 75.56749677658081
[2024-08-13 00:14:54] [32mIntermediate result: 0.44905818  (Index 46)[0m
Epoch: 47, Steps: 185 | Train Loss: 0.2710321 Vali Loss: 0.3939403 Test Loss: 0.4490582
Validation loss decreased (0.393944 --> 0.393940).  Saving model ...
Updating learning rate to 0.00026792910879786566
	iters: 100, epoch: 48 | loss: 0.2653594
	speed: 0.9357s/iter; left time: 43703.0767s
Epoch: 48 cost time: 75.47470760345459
[2024-08-13 00:16:28] [32mIntermediate result: 0.44874904  (Index 47)[0m
Epoch: 48, Steps: 185 | Train Loss: 0.2705036 Vali Loss: 0.3936737 Test Loss: 0.4487490
Validation loss decreased (0.393940 --> 0.393674).  Saving model ...
Updating learning rate to 0.0002725176104546888
	iters: 100, epoch: 49 | loss: 0.2806113
	speed: 0.9378s/iter; left time: 43626.0432s
Epoch: 49 cost time: 75.6220932006836
[2024-08-13 00:18:02] [32mIntermediate result: 0.44664356  (Index 48)[0m
Epoch: 49, Steps: 185 | Train Loss: 0.2695066 Vali Loss: 0.3934142 Test Loss: 0.4466436
Validation loss decreased (0.393674 --> 0.393414).  Saving model ...
Updating learning rate to 0.00027678668790212535
	iters: 100, epoch: 50 | loss: 0.2631708
	speed: 0.9363s/iter; left time: 43384.9721s
Epoch: 50 cost time: 75.43712568283081
[2024-08-13 00:19:35] [32mIntermediate result: 0.4454882  (Index 49)[0m
Epoch: 50, Steps: 185 | Train Loss: 0.2692180 Vali Loss: 0.3921075 Test Loss: 0.4454882
Validation loss decreased (0.393414 --> 0.392107).  Saving model ...
Updating learning rate to 0.00028072463778749636
	iters: 100, epoch: 51 | loss: 0.2726945
	speed: 0.9358s/iter; left time: 43189.7543s
Epoch: 51 cost time: 75.42040920257568
[2024-08-13 00:21:09] [32mIntermediate result: 0.4460421  (Index 50)[0m
Epoch: 51, Steps: 185 | Train Loss: 0.2685251 Vali Loss: 0.3922158 Test Loss: 0.4460421
EarlyStopping counter: 1 out of 8
Updating learning rate to 0.0002843206645192699
	iters: 100, epoch: 52 | loss: 0.2682027
	speed: 0.9347s/iter; left time: 42963.3741s
Epoch: 52 cost time: 75.53253149986267
[2024-08-13 00:22:42] [32mIntermediate result: 0.44675195  (Index 51)[0m
Epoch: 52, Steps: 185 | Train Loss: 0.2680919 Vali Loss: 0.3929992 Test Loss: 0.4467520
EarlyStopping counter: 2 out of 8
Updating learning rate to 0.0002875649098623582
	iters: 100, epoch: 53 | loss: 0.2688015
	speed: 0.9329s/iter; left time: 42710.2626s
Epoch: 53 cost time: 75.36636662483215
[2024-08-13 00:24:16] [32mIntermediate result: 0.44341773  (Index 52)[0m
Epoch: 53, Steps: 185 | Train Loss: 0.2672190 Vali Loss: 0.3907780 Test Loss: 0.4434177
Validation loss decreased (0.392107 --> 0.390778).  Saving model ...
Updating learning rate to 0.00029044847996372285
	iters: 100, epoch: 54 | loss: 0.2709955
	speed: 0.9353s/iter; left time: 42647.5498s
Epoch: 54 cost time: 75.47498679161072
[2024-08-13 00:25:49] [32mIntermediate result: 0.44502944  (Index 53)[0m
Epoch: 54, Steps: 185 | Train Loss: 0.2666175 Vali Loss: 0.3903692 Test Loss: 0.4450294
Validation loss decreased (0.390778 --> 0.390369).  Saving model ...
Updating learning rate to 0.0002929634697341997
	iters: 100, epoch: 55 | loss: 0.2570083
	speed: 0.9360s/iter; left time: 42506.6951s
Epoch: 55 cost time: 75.42120361328125
[2024-08-13 00:27:23] [32mIntermediate result: 0.44423544  (Index 54)[0m
Epoch: 55, Steps: 185 | Train Loss: 0.2661156 Vali Loss: 0.3900304 Test Loss: 0.4442354
Validation loss decreased (0.390369 --> 0.390030).  Saving model ...
Updating learning rate to 0.00029510298451970247
	iters: 100, epoch: 56 | loss: 0.2721853
	speed: 0.9358s/iter; left time: 42321.7753s
Epoch: 56 cost time: 75.52077388763428
[2024-08-13 00:28:56] [32mIntermediate result: 0.44187063  (Index 55)[0m
Epoch: 56, Steps: 185 | Train Loss: 0.2657484 Vali Loss: 0.3882288 Test Loss: 0.4418706
Validation loss decreased (0.390030 --> 0.388229).  Saving model ...
Updating learning rate to 0.0002968611590023948
	iters: 100, epoch: 57 | loss: 0.2801023
	speed: 0.9369s/iter; left time: 42199.8498s
Epoch: 57 cost time: 75.52529239654541
[2024-08-13 00:30:30] [32mIntermediate result: 0.44191387  (Index 56)[0m
Epoch: 57, Steps: 185 | Train Loss: 0.2653055 Vali Loss: 0.3870891 Test Loss: 0.4419139
Validation loss decreased (0.388229 --> 0.387089).  Saving model ...
Updating learning rate to 0.0002982331732800157
	iters: 100, epoch: 58 | loss: 0.2674904
	speed: 0.9371s/iter; left time: 42033.2687s
Epoch: 58 cost time: 75.56446099281311
[2024-08-13 00:32:04] [32mIntermediate result: 0.4401413  (Index 57)[0m
Epoch: 58, Steps: 185 | Train Loss: 0.2646516 Vali Loss: 0.3881105 Test Loss: 0.4401413
EarlyStopping counter: 1 out of 8
Updating learning rate to 0.0002992152660792761
	iters: 100, epoch: 59 | loss: 0.2576232
	speed: 0.9344s/iter; left time: 41740.4452s
Epoch: 59 cost time: 75.4550895690918
[2024-08-13 00:33:37] [32mIntermediate result: 0.4411171  (Index 58)[0m
Epoch: 59, Steps: 185 | Train Loss: 0.2639904 Vali Loss: 0.3888789 Test Loss: 0.4411171
EarlyStopping counter: 2 out of 8
Updating learning rate to 0.0002998047450671053
	iters: 100, epoch: 60 | loss: 0.2644505
	speed: 0.9340s/iter; left time: 41550.4506s
Epoch: 60 cost time: 75.48128581047058
[2024-08-13 00:35:11] [32mIntermediate result: 0.4389067  (Index 59)[0m
Epoch: 60, Steps: 185 | Train Loss: 0.2633287 Vali Loss: 0.3851463 Test Loss: 0.4389067
Validation loss decreased (0.387089 --> 0.385146).  Saving model ...
Updating learning rate to 0.00029999999962451436
	iters: 100, epoch: 61 | loss: 0.2677033
	speed: 0.9372s/iter; left time: 41517.0126s
Epoch: 61 cost time: 75.51426720619202
[2024-08-13 00:36:44] [32mIntermediate result: 0.43872836  (Index 60)[0m
Epoch: 61, Steps: 185 | Train Loss: 0.2628326 Vali Loss: 0.3863535 Test Loss: 0.4387284
EarlyStopping counter: 1 out of 8
Updating learning rate to 0.0002999870098863322
	iters: 100, epoch: 62 | loss: 0.2550621
	speed: 0.9351s/iter; left time: 41251.6941s
Epoch: 62 cost time: 75.47465872764587
[2024-08-13 00:38:18] [32mIntermediate result: 0.43899816  (Index 61)[0m
Epoch: 62, Steps: 185 | Train Loss: 0.2623534 Vali Loss: 0.3866409 Test Loss: 0.4389982
EarlyStopping counter: 2 out of 8
Updating learning rate to 0.0002999483207489482
	iters: 100, epoch: 63 | loss: 0.2676437
	speed: 0.9334s/iter; left time: 41006.0296s
Epoch: 63 cost time: 75.40847754478455
[2024-08-13 00:39:51] [32mIntermediate result: 0.4369935  (Index 62)[0m
Epoch: 63, Steps: 185 | Train Loss: 0.2622115 Vali Loss: 0.3862050 Test Loss: 0.4369935
EarlyStopping counter: 3 out of 8
Updating learning rate to 0.0002998839388415469
	iters: 100, epoch: 64 | loss: 0.2568851
	speed: 0.9355s/iter; left time: 40925.3324s
Epoch: 64 cost time: 75.5420081615448
[2024-08-13 00:41:25] [32mIntermediate result: 0.436203  (Index 63)[0m
Epoch: 64, Steps: 185 | Train Loss: 0.2618642 Vali Loss: 0.3832162 Test Loss: 0.4362030
Validation loss decreased (0.385146 --> 0.383216).  Saving model ...
Updating learning rate to 0.0002997938751956366
	iters: 100, epoch: 65 | loss: 0.2618682
	speed: 0.9384s/iter; left time: 40879.1000s
Epoch: 65 cost time: 75.46748971939087
[2024-08-13 00:42:58] [32mIntermediate result: 0.43709853  (Index 64)[0m
Epoch: 65, Steps: 185 | Train Loss: 0.2611822 Vali Loss: 0.3846998 Test Loss: 0.4370985
EarlyStopping counter: 1 out of 8
Updating learning rate to 0.00029967814524315935
	iters: 100, epoch: 66 | loss: 0.2502119
	speed: 0.9349s/iter; left time: 40551.1669s
Epoch: 66 cost time: 75.50488877296448
[2024-08-13 00:44:32] [32mIntermediate result: 0.43803453  (Index 65)[0m
Epoch: 66, Steps: 185 | Train Loss: 0.2606715 Vali Loss: 0.3855289 Test Loss: 0.4380345
EarlyStopping counter: 2 out of 8
Updating learning rate to 0.0002995367688138469
	iters: 100, epoch: 67 | loss: 0.2600747
	speed: 0.9349s/iter; left time: 40379.7426s
Epoch: 67 cost time: 75.44216966629028
[2024-08-13 00:46:06] [32mIntermediate result: 0.43641  (Index 66)[0m
Epoch: 67, Steps: 185 | Train Loss: 0.2605209 Vali Loss: 0.3831866 Test Loss: 0.4364100
Validation loss decreased (0.383216 --> 0.383187).  Saving model ...
Updating learning rate to 0.0002993697701318224
	iters: 100, epoch: 68 | loss: 0.2525755
	speed: 0.9378s/iter; left time: 40330.8010s
Epoch: 68 cost time: 75.46285939216614
[2024-08-13 00:47:39] [32mIntermediate result: 0.43450817  (Index 67)[0m
Epoch: 68, Steps: 185 | Train Loss: 0.2599034 Vali Loss: 0.3824346 Test Loss: 0.4345082
Validation loss decreased (0.383187 --> 0.382435).  Saving model ...
Updating learning rate to 0.0002991771778114505
	iters: 100, epoch: 69 | loss: 0.2510971
	speed: 0.9363s/iter; left time: 40094.3956s
Epoch: 69 cost time: 75.57543730735779
[2024-08-13 00:49:13] [32mIntermediate result: 0.4350004  (Index 68)[0m
Epoch: 69, Steps: 185 | Train Loss: 0.2598346 Vali Loss: 0.3815240 Test Loss: 0.4350004
Validation loss decreased (0.382435 --> 0.381524).  Saving model ...
Updating learning rate to 0.00029895902485243365
	iters: 100, epoch: 70 | loss: 0.2673469
	speed: 0.9365s/iter; left time: 39929.7885s
Epoch: 70 cost time: 75.51606488227844
[2024-08-13 00:50:47] [32mIntermediate result: 0.4353939  (Index 69)[0m
Epoch: 70, Steps: 185 | Train Loss: 0.2590750 Vali Loss: 0.3826194 Test Loss: 0.4353939
EarlyStopping counter: 1 out of 8
Updating learning rate to 0.00029871534863415845
	iters: 100, epoch: 71 | loss: 0.2620575
	speed: 0.9356s/iter; left time: 39718.4426s
Epoch: 71 cost time: 75.50427055358887
[2024-08-13 00:52:20] [32mIntermediate result: 0.4347867  (Index 70)[0m
Epoch: 71, Steps: 185 | Train Loss: 0.2587883 Vali Loss: 0.3830736 Test Loss: 0.4347867
EarlyStopping counter: 2 out of 8
Updating learning rate to 0.0002984461909092904
	iters: 100, epoch: 72 | loss: 0.2615503
	speed: 0.9334s/iter; left time: 39453.0981s
Epoch: 72 cost time: 75.5062792301178
[2024-08-13 00:53:54] [32mIntermediate result: 0.43390474  (Index 71)[0m
Epoch: 72, Steps: 185 | Train Loss: 0.2584697 Vali Loss: 0.3815440 Test Loss: 0.4339047
EarlyStopping counter: 3 out of 8
Updating learning rate to 0.00029815159779662
	iters: 100, epoch: 73 | loss: 0.2773352
	speed: 0.9351s/iter; left time: 39348.8002s
Epoch: 73 cost time: 75.44579219818115
[2024-08-13 00:55:27] [32mIntermediate result: 0.43320858  (Index 72)[0m
Epoch: 73, Steps: 185 | Train Loss: 0.2577308 Vali Loss: 0.3800849 Test Loss: 0.4332086
Validation loss decreased (0.381524 --> 0.380085).  Saving model ...
Updating learning rate to 0.00029783161977316056
	iters: 100, epoch: 74 | loss: 0.2596306
	speed: 0.9381s/iter; left time: 39300.8101s
Epoch: 74 cost time: 75.5470564365387
[2024-08-13 00:57:01] [32mIntermediate result: 0.4325783  (Index 73)[0m
Epoch: 74, Steps: 185 | Train Loss: 0.2577391 Vali Loss: 0.3809840 Test Loss: 0.4325783
EarlyStopping counter: 1 out of 8
Updating learning rate to 0.0002974863116654992
	iters: 100, epoch: 75 | loss: 0.2513884
	speed: 0.9354s/iter; left time: 39015.2578s
Epoch: 75 cost time: 75.59699821472168
[2024-08-13 00:58:34] [32mIntermediate result: 0.43247807  (Index 74)[0m
Epoch: 75, Steps: 185 | Train Loss: 0.2575208 Vali Loss: 0.3811623 Test Loss: 0.4324781
EarlyStopping counter: 2 out of 8
Updating learning rate to 0.0002971157326404025
	iters: 100, epoch: 76 | loss: 0.2581463
	speed: 0.9348s/iter; left time: 38818.0393s
Epoch: 76 cost time: 75.3969042301178
[2024-08-13 01:00:08] [32mIntermediate result: 0.43307662  (Index 75)[0m
Epoch: 76, Steps: 185 | Train Loss: 0.2571086 Vali Loss: 0.3801960 Test Loss: 0.4330766
EarlyStopping counter: 3 out of 8
Updating learning rate to 0.0002967199461946786
	iters: 100, epoch: 77 | loss: 0.2523843
	speed: 0.9342s/iter; left time: 38619.4659s
Epoch: 77 cost time: 75.5233907699585
[2024-08-13 01:01:41] [32mIntermediate result: 0.43239948  (Index 76)[0m
Epoch: 77, Steps: 185 | Train Loss: 0.2567349 Vali Loss: 0.3787653 Test Loss: 0.4323995
Validation loss decreased (0.380085 --> 0.378765).  Saving model ...
Updating learning rate to 0.00029629902014429745
	iters: 100, epoch: 78 | loss: 0.2520553
	speed: 0.9372s/iter; left time: 38571.1630s
Epoch: 78 cost time: 75.48290300369263
[2024-08-13 01:03:15] [32mIntermediate result: 0.43313727  (Index 77)[0m
Epoch: 78, Steps: 185 | Train Loss: 0.2566002 Vali Loss: 0.3813224 Test Loss: 0.4331373
EarlyStopping counter: 1 out of 8
Updating learning rate to 0.0002958530266127709
	iters: 100, epoch: 79 | loss: 0.2553340
	speed: 0.9344s/iter; left time: 38282.7608s
Epoch: 79 cost time: 75.53297257423401
[2024-08-13 01:04:48] [32mIntermediate result: 0.43303564  (Index 78)[0m
Epoch: 79, Steps: 185 | Train Loss: 0.2563955 Vali Loss: 0.3797975 Test Loss: 0.4330356
EarlyStopping counter: 2 out of 8
Updating learning rate to 0.0002953820420187947
	iters: 100, epoch: 80 | loss: 0.2479284
	speed: 0.9357s/iter; left time: 38161.5098s
Epoch: 80 cost time: 75.52103567123413
[2024-08-13 01:06:22] [32mIntermediate result: 0.4315716  (Index 79)[0m
Epoch: 80, Steps: 185 | Train Loss: 0.2557451 Vali Loss: 0.3794774 Test Loss: 0.4315716
EarlyStopping counter: 3 out of 8
Updating learning rate to 0.00029488614706315425
	iters: 100, epoch: 81 | loss: 0.2593504
	speed: 0.9334s/iter; left time: 37895.2343s
Epoch: 81 cost time: 75.48792600631714
[2024-08-13 01:07:55] [32mIntermediate result: 0.4317827  (Index 80)[0m
Epoch: 81, Steps: 185 | Train Loss: 0.2555123 Vali Loss: 0.3793315 Test Loss: 0.4317827
EarlyStopping counter: 4 out of 8
Updating learning rate to 0.0002943654267148973
	iters: 100, epoch: 82 | loss: 0.2535906
	speed: 0.9351s/iter; left time: 37793.5391s
Epoch: 82 cost time: 75.5322859287262
[2024-08-13 01:09:29] [32mIntermediate result: 0.43117154  (Index 81)[0m
Epoch: 82, Steps: 185 | Train Loss: 0.2551164 Vali Loss: 0.3780401 Test Loss: 0.4311715
Validation loss decreased (0.378765 --> 0.378040).  Saving model ...
Updating learning rate to 0.000293819970196775
	iters: 100, epoch: 83 | loss: 0.2525447
	speed: 0.9381s/iter; left time: 37739.4276s
Epoch: 83 cost time: 75.44876742362976
[2024-08-13 01:11:03] [32mIntermediate result: 0.43043178  (Index 82)[0m
Epoch: 83, Steps: 185 | Train Loss: 0.2549307 Vali Loss: 0.3782422 Test Loss: 0.4304318
EarlyStopping counter: 1 out of 8
Updating learning rate to 0.00029324987096995353
	iters: 100, epoch: 84 | loss: 0.2383511
	speed: 0.9337s/iter; left time: 37391.7370s
Epoch: 84 cost time: 75.45223665237427
[2024-08-13 01:12:36] [32mIntermediate result: 0.42926472  (Index 83)[0m
Epoch: 84, Steps: 185 | Train Loss: 0.2547995 Vali Loss: 0.3780254 Test Loss: 0.4292647
Validation loss decreased (0.378040 --> 0.378025).  Saving model ...
Updating learning rate to 0.00029265522671800067
	iters: 100, epoch: 85 | loss: 0.2597339
	speed: 0.9369s/iter; left time: 37346.3538s
Epoch: 85 cost time: 75.51669096946716
[2024-08-13 01:14:10] [32mIntermediate result: 0.430026  (Index 84)[0m
Epoch: 85, Steps: 185 | Train Loss: 0.2545366 Vali Loss: 0.3780142 Test Loss: 0.4300260
Validation loss decreased (0.378025 --> 0.378014).  Saving model ...
Updating learning rate to 0.0002920361393301477
	iters: 100, epoch: 86 | loss: 0.2539131
	speed: 0.9365s/iter; left time: 37155.4716s
Epoch: 86 cost time: 75.5990309715271
[2024-08-13 01:15:43] [32mIntermediate result: 0.4311413  (Index 85)[0m
Epoch: 86, Steps: 185 | Train Loss: 0.2541216 Vali Loss: 0.3804462 Test Loss: 0.4311413
EarlyStopping counter: 1 out of 8
Updating learning rate to 0.0002913927148838315
	iters: 100, epoch: 87 | loss: 0.2632118
	speed: 0.9344s/iter; left time: 36900.6949s
Epoch: 87 cost time: 75.45103597640991
[2024-08-13 01:17:17] [32mIntermediate result: 0.4308184  (Index 86)[0m
Epoch: 87, Steps: 185 | Train Loss: 0.2539877 Vali Loss: 0.3782259 Test Loss: 0.4308184
EarlyStopping counter: 2 out of 8
Updating learning rate to 0.0002907250636265185
	iters: 100, epoch: 88 | loss: 0.2542768
	speed: 0.9336s/iter; left time: 36697.3332s
Epoch: 88 cost time: 75.50277996063232
[2024-08-13 01:18:50] [32mIntermediate result: 0.43035215  (Index 87)[0m
Epoch: 88, Steps: 185 | Train Loss: 0.2536533 Vali Loss: 0.3789997 Test Loss: 0.4303522
EarlyStopping counter: 3 out of 8
Updating learning rate to 0.00029003329995681463
	iters: 100, epoch: 89 | loss: 0.2554000
	speed: 0.9346s/iter; left time: 36561.3834s
Epoch: 89 cost time: 75.50507020950317
[2024-08-13 01:20:24] [32mIntermediate result: 0.42908576  (Index 88)[0m
Epoch: 89, Steps: 185 | Train Loss: 0.2532878 Vali Loss: 0.3774122 Test Loss: 0.4290858
Validation loss decreased (0.378014 --> 0.377412).  Saving model ...
Updating learning rate to 0.00028931754240486346
	iters: 100, epoch: 90 | loss: 0.2447222
	speed: 0.9371s/iter; left time: 36487.9558s
Epoch: 90 cost time: 75.48029637336731
[2024-08-13 01:21:57] [32mIntermediate result: 0.430166  (Index 89)[0m
Epoch: 90, Steps: 185 | Train Loss: 0.2531564 Vali Loss: 0.3773719 Test Loss: 0.4301660
Validation loss decreased (0.377412 --> 0.377372).  Saving model ...
Updating learning rate to 0.00028857791361203676
	iters: 100, epoch: 91 | loss: 0.2451719
	speed: 0.9369s/iter; left time: 36304.6954s
Epoch: 91 cost time: 75.44476413726807
[2024-08-13 01:23:31] [32mIntermediate result: 0.42846033  (Index 90)[0m
Epoch: 91, Steps: 185 | Train Loss: 0.2529970 Vali Loss: 0.3770817 Test Loss: 0.4284603
Validation loss decreased (0.377372 --> 0.377082).  Saving model ...
Updating learning rate to 0.00028781454030992067
	iters: 100, epoch: 92 | loss: 0.2623887
	speed: 0.9352s/iter; left time: 36066.2808s
Epoch: 92 cost time: 75.47294497489929
[2024-08-13 01:25:04] [32mIntermediate result: 0.42867842  (Index 91)[0m
Epoch: 92, Steps: 185 | Train Loss: 0.2525191 Vali Loss: 0.3768524 Test Loss: 0.4286784
Validation loss decreased (0.377082 --> 0.376852).  Saving model ...
Updating learning rate to 0.00028702755329860054
	iters: 100, epoch: 93 | loss: 0.2436247
	speed: 0.9360s/iter; left time: 35923.7837s
Epoch: 93 cost time: 75.48855066299438
[2024-08-13 01:26:38] [32mIntermediate result: 0.42919743  (Index 92)[0m
Epoch: 93, Steps: 185 | Train Loss: 0.2523763 Vali Loss: 0.3775043 Test Loss: 0.4291974
EarlyStopping counter: 1 out of 8
Updating learning rate to 0.0002862170874242494
	iters: 100, epoch: 94 | loss: 0.2454157
	speed: 0.9345s/iter; left time: 35694.0778s
Epoch: 94 cost time: 75.44798994064331
[2024-08-13 01:28:12] [32mIntermediate result: 0.42767668  (Index 93)[0m
Epoch: 94, Steps: 185 | Train Loss: 0.2520691 Vali Loss: 0.3750900 Test Loss: 0.4276767
Validation loss decreased (0.376852 --> 0.375090).  Saving model ...
Updating learning rate to 0.00028538328155602253
	iters: 100, epoch: 95 | loss: 0.2442884
	speed: 0.9368s/iter; left time: 35607.1678s
Epoch: 95 cost time: 75.47448468208313
[2024-08-13 01:29:45] [32mIntermediate result: 0.42853153  (Index 94)[0m
Epoch: 95, Steps: 185 | Train Loss: 0.2517413 Vali Loss: 0.3757527 Test Loss: 0.4285315
EarlyStopping counter: 1 out of 8
Updating learning rate to 0.00028452627856226294
	iters: 100, epoch: 96 | loss: 0.2574527
	speed: 0.9347s/iter; left time: 35357.2098s
Epoch: 96 cost time: 75.52454972267151
[2024-08-13 01:31:19] [32mIntermediate result: 0.42873594  (Index 95)[0m
Epoch: 96, Steps: 185 | Train Loss: 0.2518168 Vali Loss: 0.3762368 Test Loss: 0.4287359
EarlyStopping counter: 2 out of 8
Updating learning rate to 0.0002836462252860218
	iters: 100, epoch: 97 | loss: 0.2591963
	speed: 0.9348s/iter; left time: 35186.9431s
Epoch: 97 cost time: 75.46519231796265
[2024-08-13 01:32:52] [32mIntermediate result: 0.42809615  (Index 96)[0m
Epoch: 97, Steps: 185 | Train Loss: 0.2515493 Vali Loss: 0.3761169 Test Loss: 0.4280961
EarlyStopping counter: 3 out of 8
Updating learning rate to 0.00028274327251989745
	iters: 100, epoch: 98 | loss: 0.2551740
	speed: 0.9348s/iter; left time: 35014.4755s
Epoch: 98 cost time: 75.49902582168579
[2024-08-13 01:34:26] [32mIntermediate result: 0.42805877  (Index 97)[0m
Epoch: 98, Steps: 185 | Train Loss: 0.2513644 Vali Loss: 0.3752887 Test Loss: 0.4280588
EarlyStopping counter: 4 out of 8
Updating learning rate to 0.00028181757498019796
	iters: 100, epoch: 99 | loss: 0.2503296
	speed: 0.9340s/iter; left time: 34811.4175s
Epoch: 99 cost time: 75.44392371177673
[2024-08-13 01:35:59] [32mIntermediate result: 0.42711148  (Index 98)[0m
Epoch: 99, Steps: 185 | Train Loss: 0.2510449 Vali Loss: 0.3744844 Test Loss: 0.4271115
Validation loss decreased (0.375090 --> 0.374484).  Saving model ...
Updating learning rate to 0.00028086929128043125
	iters: 100, epoch: 100 | loss: 0.2506379
	speed: 0.9391s/iter; left time: 34827.0638s
Epoch: 100 cost time: 75.54693484306335
[2024-08-13 01:37:33] [32mIntermediate result: 0.42726934  (Index 99)[0m
Epoch: 100, Steps: 185 | Train Loss: 0.2506841 Vali Loss: 0.3751373 Test Loss: 0.4272693
EarlyStopping counter: 1 out of 8
Updating learning rate to 0.0002798985839041275
	iters: 100, epoch: 101 | loss: 0.2468852
	speed: 0.9343s/iter; left time: 34477.9869s
Epoch: 101 cost time: 75.46942710876465
[2024-08-13 01:39:06] [32mIntermediate result: 0.42724228  (Index 100)[0m
Epoch: 101, Steps: 185 | Train Loss: 0.2506213 Vali Loss: 0.3746940 Test Loss: 0.4272423
EarlyStopping counter: 2 out of 8
Updating learning rate to 0.00027890561917699844
	iters: 100, epoch: 102 | loss: 0.2558179
	speed: 0.9351s/iter; left time: 34332.1189s
Epoch: 102 cost time: 75.49913096427917
[2024-08-13 01:40:40] [32mIntermediate result: 0.42789242  (Index 101)[0m
Epoch: 102, Steps: 185 | Train Loss: 0.2504004 Vali Loss: 0.3751150 Test Loss: 0.4278924
EarlyStopping counter: 3 out of 8
Updating learning rate to 0.0002778905672384383
	iters: 100, epoch: 103 | loss: 0.2424576
	speed: 0.9342s/iter; left time: 34125.9335s
Epoch: 103 cost time: 75.47365736961365
[2024-08-13 01:42:13] [32mIntermediate result: 0.42653283  (Index 102)[0m
Epoch: 103, Steps: 185 | Train Loss: 0.2503766 Vali Loss: 0.3754362 Test Loss: 0.4265328
EarlyStopping counter: 4 out of 8
Updating learning rate to 0.0002768536020123712
	iters: 100, epoch: 104 | loss: 0.2477353
	speed: 0.9350s/iter; left time: 33983.2853s
Epoch: 104 cost time: 75.4911105632782
[2024-08-13 01:43:47] [32mIntermediate result: 0.42630413  (Index 103)[0m
Epoch: 104, Steps: 185 | Train Loss: 0.2501741 Vali Loss: 0.3747082 Test Loss: 0.4263041
EarlyStopping counter: 5 out of 8
Updating learning rate to 0.0002757949011774502
	iters: 100, epoch: 105 | loss: 0.2456803
	speed: 0.9342s/iter; left time: 33780.0576s
Epoch: 105 cost time: 75.43384456634521
[2024-08-13 01:45:20] [32mIntermediate result: 0.42787868  (Index 104)[0m
Epoch: 105, Steps: 185 | Train Loss: 0.2498227 Vali Loss: 0.3742578 Test Loss: 0.4278787
Validation loss decreased (0.374484 --> 0.374258).  Saving model ...
Updating learning rate to 0.00027471464613661336
	iters: 100, epoch: 106 | loss: 0.2445553
	speed: 0.9379s/iter; left time: 33743.6652s
Epoch: 106 cost time: 75.60150575637817
[2024-08-13 01:46:54] [32mIntermediate result: 0.42745513  (Index 105)[0m
Epoch: 106, Steps: 185 | Train Loss: 0.2496945 Vali Loss: 0.3746640 Test Loss: 0.4274551
EarlyStopping counter: 1 out of 8
Updating learning rate to 0.00027361302198600066
	iters: 100, epoch: 107 | loss: 0.2512217
	speed: 0.9359s/iter; left time: 33498.2713s
Epoch: 107 cost time: 75.51832556724548
[2024-08-13 01:48:28] [32mIntermediate result: 0.4265812  (Index 106)[0m
Epoch: 107, Steps: 185 | Train Loss: 0.2495965 Vali Loss: 0.3741735 Test Loss: 0.4265812
Validation loss decreased (0.374258 --> 0.374174).  Saving model ...
Updating learning rate to 0.00027249021748323917
	iters: 100, epoch: 108 | loss: 0.2496012
	speed: 0.9363s/iter; left time: 33337.5659s
Epoch: 108 cost time: 75.51404762268066
[2024-08-13 01:50:01] [32mIntermediate result: 0.4271176  (Index 107)[0m
Epoch: 108, Steps: 185 | Train Loss: 0.2492849 Vali Loss: 0.3755305 Test Loss: 0.4271176
EarlyStopping counter: 1 out of 8
Updating learning rate to 0.0002713464250151002
	iters: 100, epoch: 109 | loss: 0.2477839
	speed: 0.9342s/iter; left time: 33088.5938s
Epoch: 109 cost time: 75.46776270866394
[2024-08-13 01:51:35] [32mIntermediate result: 0.42661455  (Index 108)[0m
Epoch: 109, Steps: 185 | Train Loss: 0.2490589 Vali Loss: 0.3742687 Test Loss: 0.4266146
EarlyStopping counter: 2 out of 8
Updating learning rate to 0.0002701818405645349
	iters: 100, epoch: 110 | loss: 0.2551312
	speed: 0.9339s/iter; left time: 32905.1829s
Epoch: 110 cost time: 75.47225713729858
[2024-08-13 01:53:08] [32mIntermediate result: 0.4259678  (Index 109)[0m
Epoch: 110, Steps: 185 | Train Loss: 0.2490331 Vali Loss: 0.3732849 Test Loss: 0.4259678
Validation loss decreased (0.374174 --> 0.373285).  Saving model ...
Updating learning rate to 0.0002689966636770935
	iters: 100, epoch: 111 | loss: 0.2437324
	speed: 0.9372s/iter; left time: 32850.6997s
Epoch: 111 cost time: 75.47047305107117
[2024-08-13 01:54:42] [32mIntermediate result: 0.42628938  (Index 110)[0m
Epoch: 111, Steps: 185 | Train Loss: 0.2488712 Vali Loss: 0.3732752 Test Loss: 0.4262894
Validation loss decreased (0.373285 --> 0.373275).  Saving model ...
Updating learning rate to 0.00026779109742673457
	iters: 100, epoch: 112 | loss: 0.2489898
	speed: 0.9368s/iter; left time: 32662.6038s
Epoch: 112 cost time: 75.55107855796814
[2024-08-13 01:56:15] [32mIntermediate result: 0.42745984  (Index 111)[0m
Epoch: 112, Steps: 185 | Train Loss: 0.2485654 Vali Loss: 0.3738558 Test Loss: 0.4274598
EarlyStopping counter: 1 out of 8
Updating learning rate to 0.00026656534838102864
	iters: 100, epoch: 113 | loss: 0.2541248
	speed: 0.9350s/iter; left time: 32425.9005s
Epoch: 113 cost time: 75.50173449516296
[2024-08-13 01:57:49] [32mIntermediate result: 0.42617482  (Index 112)[0m
Epoch: 113, Steps: 185 | Train Loss: 0.2483785 Vali Loss: 0.3728218 Test Loss: 0.4261748
Validation loss decreased (0.373275 --> 0.372822).  Saving model ...
Updating learning rate to 0.0002653196265657646
	iters: 100, epoch: 114 | loss: 0.2530186
	speed: 0.9350s/iter; left time: 32253.4576s
Epoch: 114 cost time: 75.50694370269775
[2024-08-13 01:59:23] [32mIntermediate result: 0.42542192  (Index 113)[0m
Epoch: 114, Steps: 185 | Train Loss: 0.2481189 Vali Loss: 0.3724099 Test Loss: 0.4254219
Validation loss decreased (0.372822 --> 0.372410).  Saving model ...
Updating learning rate to 0.0002640541454289625
	iters: 100, epoch: 115 | loss: 0.2414498
	speed: 0.9369s/iter; left time: 32146.3666s
Epoch: 115 cost time: 75.4564139842987
[2024-08-13 02:00:56] [32mIntermediate result: 0.42460504  (Index 114)[0m
Epoch: 115, Steps: 185 | Train Loss: 0.2479844 Vali Loss: 0.3721212 Test Loss: 0.4246050
Validation loss decreased (0.372410 --> 0.372121).  Saving model ...
Updating learning rate to 0.00026276912180430036
	iters: 100, epoch: 116 | loss: 0.2407685
	speed: 0.9371s/iter; left time: 31978.6147s
Epoch: 116 cost time: 75.56756925582886
[2024-08-13 02:02:30] [32mIntermediate result: 0.4261582  (Index 115)[0m
Epoch: 116, Steps: 185 | Train Loss: 0.2478773 Vali Loss: 0.3736951 Test Loss: 0.4261582
EarlyStopping counter: 1 out of 8
Updating learning rate to 0.000261464775873961
	iters: 100, epoch: 117 | loss: 0.2540063
	speed: 0.9360s/iter; left time: 31768.2556s
Epoch: 117 cost time: 75.4536063671112
[2024-08-13 02:04:03] [32mIntermediate result: 0.4251582  (Index 116)[0m
Epoch: 117, Steps: 185 | Train Loss: 0.2476314 Vali Loss: 0.3724470 Test Loss: 0.4251582
EarlyStopping counter: 2 out of 8
Updating learning rate to 0.0002601413311309048
	iters: 100, epoch: 118 | loss: 0.2572184
	speed: 0.9345s/iter; left time: 31545.0151s
Epoch: 118 cost time: 75.47578644752502
[2024-08-13 02:05:37] [32mIntermediate result: 0.42435598  (Index 117)[0m
Epoch: 118, Steps: 185 | Train Loss: 0.2478042 Vali Loss: 0.3715440 Test Loss: 0.4243560
Validation loss decreased (0.372121 --> 0.371544).  Saving model ...
Updating learning rate to 0.00025879901434057537
	iters: 100, epoch: 119 | loss: 0.2496521
	speed: 0.9378s/iter; left time: 31484.3592s
Epoch: 119 cost time: 75.47988510131836
[2024-08-13 02:07:11] [32mIntermediate result: 0.42593107  (Index 118)[0m
Epoch: 119, Steps: 185 | Train Loss: 0.2472634 Vali Loss: 0.3735647 Test Loss: 0.4259311
EarlyStopping counter: 1 out of 8
Updating learning rate to 0.0002574380555020444
	iters: 100, epoch: 120 | loss: 0.2457909
	speed: 0.9357s/iter; left time: 31239.1096s
Epoch: 120 cost time: 75.47734117507935
[2024-08-13 02:08:44] [32mIntermediate result: 0.4252669  (Index 119)[0m
Epoch: 120, Steps: 185 | Train Loss: 0.2474530 Vali Loss: 0.3733314 Test Loss: 0.4252669
EarlyStopping counter: 2 out of 8
Updating learning rate to 0.0002560586878086027
	iters: 100, epoch: 121 | loss: 0.2379589
	speed: 0.9345s/iter; left time: 31024.8380s
Epoch: 121 cost time: 75.57575821876526
[2024-08-13 02:10:18] [32mIntermediate result: 0.4256416  (Index 120)[0m
Epoch: 121, Steps: 185 | Train Loss: 0.2470424 Vali Loss: 0.3728307 Test Loss: 0.4256416
EarlyStopping counter: 3 out of 8
Updating learning rate to 0.0002546611476078036
	iters: 100, epoch: 122 | loss: 0.2519144
	speed: 0.9357s/iter; left time: 30893.2425s
Epoch: 122 cost time: 75.60745191574097
[2024-08-13 02:11:51] [32mIntermediate result: 0.42564943  (Index 121)[0m
Epoch: 122, Steps: 185 | Train Loss: 0.2468886 Vali Loss: 0.3728107 Test Loss: 0.4256494
EarlyStopping counter: 4 out of 8
Updating learning rate to 0.00025324567436096576
	iters: 100, epoch: 123 | loss: 0.2442463
	speed: 0.9360s/iter; left time: 30730.3308s
Epoch: 123 cost time: 75.63126134872437
[2024-08-13 02:13:25] [32mIntermediate result: 0.42486444  (Index 122)[0m
Epoch: 123, Steps: 185 | Train Loss: 0.2468506 Vali Loss: 0.3719106 Test Loss: 0.4248644
EarlyStopping counter: 5 out of 8
Updating learning rate to 0.0002518125106021433
	iters: 100, epoch: 124 | loss: 0.2503647
	speed: 0.9350s/iter; left time: 30523.7953s
Epoch: 124 cost time: 75.55154752731323
[2024-08-13 02:14:58] [32mIntermediate result: 0.4247083  (Index 123)[0m
Epoch: 124, Steps: 185 | Train Loss: 0.2467552 Vali Loss: 0.3725944 Test Loss: 0.4247083
EarlyStopping counter: 6 out of 8
Updating learning rate to 0.00025036190189656833
	iters: 100, epoch: 125 | loss: 0.2494438
	speed: 0.9350s/iter; left time: 30351.5685s
Epoch: 125 cost time: 75.59098625183105
[2024-08-13 02:16:32] [32mIntermediate result: 0.4247734  (Index 124)[0m
Epoch: 125, Steps: 185 | Train Loss: 0.2464149 Vali Loss: 0.3725088 Test Loss: 0.4247734
EarlyStopping counter: 7 out of 8
Updating learning rate to 0.0002488940967985748
	iters: 100, epoch: 126 | loss: 0.2493165
	speed: 0.9360s/iter; left time: 30211.7136s
Epoch: 126 cost time: 75.64082217216492
[2024-08-13 02:18:06] [32mIntermediate result: 0.42537445  (Index 125)[0m
Epoch: 126, Steps: 185 | Train Loss: 0.2464670 Vali Loss: 0.3717037 Test Loss: 0.4253744
EarlyStopping counter: 8 out of 8
Early stopping
>>>>>>>testing : 96_336_PatchTST_custom_ftM_sl96_ll18_pl336_dm16_nh1_el1_dl1_df16_fc1_ebtimeF_dtTrue_Exp_0<<<<<<<<<<<<<<<<<<<<<<<<<<<<<<<<<
test 3173
mse:0.42435407638549805, mae:0.2802674174308777, rse:0.5344585180282593
[2024-08-13 02:18:41] [32mFinal result: 0.42435408[0m
