Args in experiment:
Namespace(activation='gelu', affine=0, batch_size=24, c_out=7, checkpoints='./checkpoints/', d_ff=128, d_layers=1, d_model=128, data='custom', data_path='traffic.csv', dec_in=7, decomposition=0, des='Exp', devices='1,2,3', dishts=0, distil=True, do_predict=False, dropout=0.2, e_layers=1, embed='timeF', embed_type=0, enc_in=862, factor=1, fc_dropout=0.2, features='M', freq='h', gpu=0, head_dropout=0.0, hidden_size=[32, 8], hidden_size1=3, hidden_size2=3, individual=0, is_training=1, itr=1, k=1.0, kernel_size=25, label_len=18, learning_rate=0.0001, loss='mse', lradj='TST', model='PatchTST', model_id='96_720', moving_avg=25, n_heads=1, num_layers=3, num_workers=10, output_attention=False, padding_patch='end', patch_len=16, patience=5, pct_start=0.2, pred_len=720, random_seed=2021, revin=1, root_path='./dataset/', seq_len=96, stride=8, subtract_last=0, target='OT', test_flop=False, traffic=0, train_epochs=100, use_amp=False, use_gpu=True, use_multi_gpu=False)
Use GPU: cuda:0
>>>>>>>start training : 96_720_Latentfomer_custom_ftM_sl96_ll18_pl720_dm128_nh1_el1_dl1_df128_fc1_ebtimeF_dtTrue_Exp_0>>>>>>>>>>>>>>>>>>>>>>>>>>
train 11465
val 1037
test 2789
	iters: 100, epoch: 1 | loss: 0.7129165
	speed: 0.7174s/iter; left time: 34150.4008s
	iters: 200, epoch: 1 | loss: 0.5675153
	speed: 0.7103s/iter; left time: 33738.0526s
	iters: 300, epoch: 1 | loss: 0.4991852
	speed: 0.7107s/iter; left time: 33687.4336s
	iters: 400, epoch: 1 | loss: 0.4369203
	speed: 0.7131s/iter; left time: 33730.4110s
Epoch: 1 cost time: 339.0774173736572
[2025-01-28 06:32:18] [32mIntermediate result: 0.71524084  (Index 0)[0m
Epoch: 1, Steps: 477 | Train Loss: 0.5925626 Vali Loss: 0.5921849 Test Loss: 0.7152408
Validation loss decreased (inf --> 0.592185).  Saving model ...
Updating learning rate to 4.5910833068892975e-06
	iters: 100, epoch: 2 | loss: 0.4372513
	speed: 1.9918s/iter; left time: 93860.2758s
	iters: 200, epoch: 2 | loss: 0.4201965
	speed: 0.7089s/iter; left time: 33336.2171s
	iters: 300, epoch: 2 | loss: 0.4189200
	speed: 0.7113s/iter; left time: 33378.3052s
	iters: 400, epoch: 2 | loss: 0.3814984
	speed: 0.7104s/iter; left time: 33264.3663s
Epoch: 2 cost time: 338.9772894382477
[2025-01-28 06:39:12] [32mIntermediate result: 0.63741213  (Index 1)[0m
Epoch: 2, Steps: 477 | Train Loss: 0.4148716 Vali Loss: 0.5367855 Test Loss: 0.6374121
Validation loss decreased (0.592185 --> 0.536785).  Saving model ...
Updating learning rate to 6.349775749403709e-06
	iters: 100, epoch: 3 | loss: 0.3888838
	speed: 2.0064s/iter; left time: 93593.7382s
	iters: 200, epoch: 3 | loss: 0.3756624
	speed: 0.7103s/iter; left time: 33064.2394s
	iters: 300, epoch: 3 | loss: 0.3836891
	speed: 0.7101s/iter; left time: 32983.0289s
	iters: 400, epoch: 3 | loss: 0.3558140
	speed: 0.7103s/iter; left time: 32919.0365s
Epoch: 3 cost time: 338.76139760017395
[2025-01-28 06:46:04] [32mIntermediate result: 0.596544  (Index 2)[0m
Epoch: 3, Steps: 477 | Train Loss: 0.3788541 Vali Loss: 0.5092003 Test Loss: 0.5965440
Validation loss decreased (0.536785 --> 0.509200).  Saving model ...
Updating learning rate to 9.232763421513135e-06
	iters: 100, epoch: 4 | loss: 0.3769088
	speed: 1.9905s/iter; left time: 91902.9064s
	iters: 200, epoch: 4 | loss: 0.3668237
	speed: 0.7113s/iter; left time: 32768.9802s
	iters: 300, epoch: 4 | loss: 0.3452273
	speed: 0.7116s/iter; left time: 32711.1337s
	iters: 400, epoch: 4 | loss: 0.3682941
	speed: 0.7104s/iter; left time: 32584.3176s
Epoch: 4 cost time: 338.819043636322
[2025-01-28 06:52:57] [32mIntermediate result: 0.5745791  (Index 3)[0m
Epoch: 4, Steps: 477 | Train Loss: 0.3591817 Vali Loss: 0.4962913 Test Loss: 0.5745791
Validation loss decreased (0.509200 --> 0.496291).  Saving model ...
Updating learning rate to 1.3169042744594589e-05
	iters: 100, epoch: 5 | loss: 0.3565648
	speed: 1.9994s/iter; left time: 91360.3130s
	iters: 200, epoch: 5 | loss: 0.3638791
	speed: 0.7108s/iter; left time: 32407.0467s
	iters: 300, epoch: 5 | loss: 0.3534940
	speed: 0.7094s/iter; left time: 32270.5530s
	iters: 400, epoch: 5 | loss: 0.3311771
	speed: 0.7107s/iter; left time: 32260.4168s
Epoch: 5 cost time: 338.7574419975281
[2025-01-28 06:59:50] [32mIntermediate result: 0.5597999  (Index 4)[0m
Epoch: 5, Steps: 477 | Train Loss: 0.3473551 Vali Loss: 0.4884687 Test Loss: 0.5597999
Validation loss decreased (0.496291 --> 0.488469).  Saving model ...
Updating learning rate to 1.8061669177017796e-05
	iters: 100, epoch: 6 | loss: 0.3549141
	speed: 1.9985s/iter; left time: 90366.1865s
	iters: 200, epoch: 6 | loss: 0.3280428
	speed: 0.7099s/iter; left time: 32025.5974s
	iters: 300, epoch: 6 | loss: 0.3693981
	speed: 0.7125s/iter; left time: 32074.3083s
	iters: 400, epoch: 6 | loss: 0.3263157
	speed: 0.7106s/iter; left time: 31915.7608s
Epoch: 6 cost time: 339.08821654319763
[2025-01-28 07:06:45] [32mIntermediate result: 0.55054885  (Index 5)[0m
Epoch: 6, Steps: 477 | Train Loss: 0.3399975 Vali Loss: 0.4842180 Test Loss: 0.5505489
Validation loss decreased (0.488469 --> 0.484218).  Saving model ...
Updating learning rate to 2.3790144809988952e-05
	iters: 100, epoch: 7 | loss: 0.3385811
	speed: 2.0165s/iter; left time: 90216.6298s
	iters: 200, epoch: 7 | loss: 0.3300865
	speed: 0.7118s/iter; left time: 31775.9007s
	iters: 300, epoch: 7 | loss: 0.3154349
	speed: 0.7105s/iter; left time: 31645.9984s
	iters: 400, epoch: 7 | loss: 0.3293062
	speed: 0.7124s/iter; left time: 31657.5904s
Epoch: 7 cost time: 339.37077617645264
[2025-01-28 07:13:40] [32mIntermediate result: 0.5428764  (Index 6)[0m
Epoch: 7, Steps: 477 | Train Loss: 0.3347635 Vali Loss: 0.4803934 Test Loss: 0.5428764
Validation loss decreased (0.484218 --> 0.480393).  Saving model ...
Updating learning rate to 3.0213386046817604e-05
	iters: 100, epoch: 8 | loss: 0.3335995
	speed: 2.0144s/iter; left time: 89160.5032s
	iters: 200, epoch: 8 | loss: 0.3000616
	speed: 0.7154s/iter; left time: 31594.7931s
	iters: 300, epoch: 8 | loss: 0.3089556
	speed: 0.7118s/iter; left time: 31363.6727s
	iters: 400, epoch: 8 | loss: 0.3142403
	speed: 0.7104s/iter; left time: 31229.2238s
Epoch: 8 cost time: 340.038938999176
[2025-01-28 07:20:34] [32mIntermediate result: 0.5422123  (Index 7)[0m
Epoch: 8, Steps: 477 | Train Loss: 0.3307551 Vali Loss: 0.4811788 Test Loss: 0.5422123
EarlyStopping counter: 1 out of 5
Updating learning rate to 3.717319827620324e-05
	iters: 100, epoch: 9 | loss: 0.3256916
	speed: 2.0002s/iter; left time: 87579.4716s
	iters: 200, epoch: 9 | loss: 0.3211336
	speed: 0.7124s/iter; left time: 31121.9537s
	iters: 300, epoch: 9 | loss: 0.3274190
	speed: 0.7111s/iter; left time: 30993.6349s
	iters: 400, epoch: 9 | loss: 0.3403142
	speed: 0.7118s/iter; left time: 30951.0547s
Epoch: 9 cost time: 339.3974223136902
[2025-01-28 07:27:28] [32mIntermediate result: 0.5336884  (Index 8)[0m
Epoch: 9, Steps: 477 | Train Loss: 0.3277190 Vali Loss: 0.4743100 Test Loss: 0.5336884
Validation loss decreased (0.480393 --> 0.474310).  Saving model ...
Updating learning rate to 4.4498171963651116e-05
	iters: 100, epoch: 10 | loss: 0.3324289
	speed: 2.0012s/iter; left time: 86666.5796s
	iters: 200, epoch: 10 | loss: 0.3363319
	speed: 0.7100s/iter; left time: 30677.5842s
	iters: 300, epoch: 10 | loss: 0.3235558
	speed: 0.7097s/iter; left time: 30593.0138s
	iters: 400, epoch: 10 | loss: 0.3171155
	speed: 0.7098s/iter; left time: 30525.6855s
Epoch: 10 cost time: 338.65091705322266
[2025-01-28 07:34:20] [32mIntermediate result: 0.52662694  (Index 9)[0m
Epoch: 10, Steps: 477 | Train Loss: 0.3252831 Vali Loss: 0.4703623 Test Loss: 0.5266269
Validation loss decreased (0.474310 --> 0.470362).  Saving model ...
Updating learning rate to 5.200790420624231e-05
	iters: 100, epoch: 11 | loss: 0.2979578
	speed: 1.9995s/iter; left time: 85641.5673s
	iters: 200, epoch: 11 | loss: 0.3101032
	speed: 0.7099s/iter; left time: 30333.3271s
	iters: 300, epoch: 11 | loss: 0.3227844
	speed: 0.7091s/iter; left time: 30229.1451s
	iters: 400, epoch: 11 | loss: 0.3244527
	speed: 0.7100s/iter; left time: 30194.9264s
Epoch: 11 cost time: 338.4031820297241
[2025-01-28 07:41:12] [32mIntermediate result: 0.52643687  (Index 10)[0m
Epoch: 11, Steps: 477 | Train Loss: 0.3223424 Vali Loss: 0.4696062 Test Loss: 0.5264369
Validation loss decreased (0.470362 --> 0.469606).  Saving model ...
Updating learning rate to 5.951744178031835e-05
	iters: 100, epoch: 12 | loss: 0.3127964
	speed: 1.9920s/iter; left time: 84369.9087s
	iters: 200, epoch: 12 | loss: 0.3169109
	speed: 0.7098s/iter; left time: 29990.1086s
	iters: 300, epoch: 12 | loss: 0.3193867
	speed: 0.7100s/iter; left time: 29927.4991s
	iters: 400, epoch: 12 | loss: 0.3272330
	speed: 0.7099s/iter; left time: 29854.4669s
Epoch: 12 cost time: 338.8307566642761
[2025-01-28 07:48:04] [32mIntermediate result: 0.5212986  (Index 11)[0m
Epoch: 12, Steps: 477 | Train Loss: 0.3208396 Vali Loss: 0.4677503 Test Loss: 0.5212986
Validation loss decreased (0.469606 --> 0.467750).  Saving model ...
Updating learning rate to 6.68418362566086e-05
	iters: 100, epoch: 13 | loss: 0.3139797
	speed: 1.9864s/iter; left time: 83185.6890s
	iters: 200, epoch: 13 | loss: 0.3384154
	speed: 0.7096s/iter; left time: 29644.7676s
	iters: 300, epoch: 13 | loss: 0.3120478
	speed: 0.7131s/iter; left time: 29719.0625s
	iters: 400, epoch: 13 | loss: 0.3328366
	speed: 0.7104s/iter; left time: 29535.9093s
Epoch: 13 cost time: 338.9630994796753
[2025-01-28 07:54:57] [32mIntermediate result: 0.5191915  (Index 12)[0m
Epoch: 13, Steps: 477 | Train Loss: 0.3168620 Vali Loss: 0.4671909 Test Loss: 0.5191915
Validation loss decreased (0.467750 --> 0.467191).  Saving model ...
Updating learning rate to 7.380069899727948e-05
	iters: 100, epoch: 14 | loss: 0.3077381
	speed: 1.9990s/iter; left time: 82758.9098s
	iters: 200, epoch: 14 | loss: 0.3006750
	speed: 0.7087s/iter; left time: 29269.3613s
	iters: 300, epoch: 14 | loss: 0.3037947
	speed: 0.7096s/iter; left time: 29235.0981s
	iters: 400, epoch: 14 | loss: 0.3173130
	speed: 0.7095s/iter; left time: 29161.5716s
Epoch: 14 cost time: 338.6211266517639
[2025-01-28 08:01:50] [32mIntermediate result: 0.5118481  (Index 13)[0m
Epoch: 14, Steps: 477 | Train Loss: 0.3145356 Vali Loss: 0.4647596 Test Loss: 0.5118481
Validation loss decreased (0.467191 --> 0.464760).  Saving model ...
Updating learning rate to 8.02226438522916e-05
	iters: 100, epoch: 15 | loss: 0.3020186
	speed: 1.9989s/iter; left time: 81799.5367s
	iters: 200, epoch: 15 | loss: 0.3125751
	speed: 0.7086s/iter; left time: 28929.1852s
	iters: 300, epoch: 15 | loss: 0.3256828
	speed: 0.7087s/iter; left time: 28861.3399s
	iters: 400, epoch: 15 | loss: 0.3063188
	speed: 0.7085s/iter; left time: 28780.6533s
Epoch: 15 cost time: 338.31578397750854
[2025-01-28 08:08:44] [32mIntermediate result: 0.508806  (Index 14)[0m
Epoch: 15, Steps: 477 | Train Loss: 0.3117854 Vali Loss: 0.4628293 Test Loss: 0.5088060
Validation loss decreased (0.464760 --> 0.462829).  Saving model ...
Updating learning rate to 8.594950813824657e-05
	iters: 100, epoch: 16 | loss: 0.3116242
	speed: 2.0145s/iter; left time: 81479.7918s
	iters: 200, epoch: 16 | loss: 0.3032601
	speed: 0.7092s/iter; left time: 28614.7544s
	iters: 300, epoch: 16 | loss: 0.2918781
	speed: 0.7090s/iter; left time: 28532.4309s
	iters: 400, epoch: 16 | loss: 0.3049148
	speed: 0.7102s/iter; left time: 28511.4824s
Epoch: 16 cost time: 338.5010416507721
[2025-01-28 08:15:36] [32mIntermediate result: 0.5055017  (Index 15)[0m
Epoch: 16, Steps: 477 | Train Loss: 0.3093143 Vali Loss: 0.4581681 Test Loss: 0.5055017
Validation loss decreased (0.462829 --> 0.458168).  Saving model ...
Updating learning rate to 9.08402479434674e-05
	iters: 100, epoch: 17 | loss: 0.3006620
	speed: 1.9930s/iter; left time: 79656.2240s
	iters: 200, epoch: 17 | loss: 0.2963556
	speed: 0.7131s/iter; left time: 28431.0752s
	iters: 300, epoch: 17 | loss: 0.2997005
	speed: 0.7100s/iter; left time: 28234.7575s
	iters: 400, epoch: 17 | loss: 0.3106500
	speed: 0.7103s/iter; left time: 28176.7851s
Epoch: 17 cost time: 339.0774974822998
[2025-01-28 08:22:30] [32mIntermediate result: 0.5034705  (Index 16)[0m
Epoch: 17, Steps: 477 | Train Loss: 0.3064391 Vali Loss: 0.4592082 Test Loss: 0.5034705
EarlyStopping counter: 1 out of 5
Updating learning rate to 9.477441182390386e-05
	iters: 100, epoch: 18 | loss: 0.2842680
	speed: 2.0012s/iter; left time: 79031.6972s
	iters: 200, epoch: 18 | loss: 0.2874473
	speed: 0.7137s/iter; left time: 28112.6490s
	iters: 300, epoch: 18 | loss: 0.3062371
	speed: 0.7126s/iter; left time: 27998.9986s
	iters: 400, epoch: 18 | loss: 0.2938204
	speed: 0.7141s/iter; left time: 27987.6884s
Epoch: 18 cost time: 340.2615098953247
[2025-01-28 08:29:26] [32mIntermediate result: 0.5004176  (Index 17)[0m
Epoch: 18, Steps: 477 | Train Loss: 0.3037651 Vali Loss: 0.4552076 Test Loss: 0.5004176
Validation loss decreased (0.458168 --> 0.455208).  Saving model ...
Updating learning rate to 9.765510733804374e-05
	iters: 100, epoch: 19 | loss: 0.2898051
	speed: 2.0223s/iter; left time: 78899.2944s
	iters: 200, epoch: 19 | loss: 0.2999542
	speed: 0.7122s/iter; left time: 27714.1171s
	iters: 300, epoch: 19 | loss: 0.2875686
	speed: 0.7110s/iter; left time: 27596.2080s
	iters: 400, epoch: 19 | loss: 0.3174239
	speed: 0.7113s/iter; left time: 27536.6179s
Epoch: 19 cost time: 339.59662652015686
[2025-01-28 08:36:21] [32mIntermediate result: 0.4944074  (Index 18)[0m
Epoch: 19, Steps: 477 | Train Loss: 0.3013056 Vali Loss: 0.4549241 Test Loss: 0.4944074
Validation loss decreased (0.455208 --> 0.454924).  Saving model ...
Updating learning rate to 9.941138735961045e-05
	iters: 100, epoch: 20 | loss: 0.2919943
	speed: 2.0257s/iter; left time: 78067.1147s
	iters: 200, epoch: 20 | loss: 0.2887116
	speed: 0.7141s/iter; left time: 27449.5134s
	iters: 300, epoch: 20 | loss: 0.2911068
	speed: 0.7147s/iter; left time: 27401.7140s
	iters: 400, epoch: 20 | loss: 0.2954069
	speed: 0.7142s/iter; left time: 27309.4515s
Epoch: 20 cost time: 340.63058042526245
[2025-01-28 08:43:20] [32mIntermediate result: 0.49238265  (Index 19)[0m
Epoch: 20, Steps: 477 | Train Loss: 0.2993328 Vali Loss: 0.4501310 Test Loss: 0.4923826
Validation loss decreased (0.454924 --> 0.450131).  Saving model ...
Updating learning rate to 9.999999983055792e-05
	iters: 100, epoch: 21 | loss: 0.2893993
	speed: 2.0423s/iter; left time: 77732.9976s
	iters: 200, epoch: 21 | loss: 0.3105276
	speed: 0.7113s/iter; left time: 27000.0731s
	iters: 300, epoch: 21 | loss: 0.3082766
	speed: 0.7129s/iter; left time: 26992.7346s
	iters: 400, epoch: 21 | loss: 0.2988189
	speed: 0.7139s/iter; left time: 26957.1887s
Epoch: 21 cost time: 339.7616460323334
[2025-01-28 08:50:18] [32mIntermediate result: 0.48791957  (Index 20)[0m
Epoch: 21, Steps: 477 | Train Loss: 0.2974272 Vali Loss: 0.4505416 Test Loss: 0.4879196
EarlyStopping counter: 1 out of 5
Updating learning rate to 9.996129019071294e-05
	iters: 100, epoch: 22 | loss: 0.2785894
	speed: 2.0321s/iter; left time: 76374.7479s
	iters: 200, epoch: 22 | loss: 0.2897248
	speed: 0.7169s/iter; left time: 26873.4034s
	iters: 300, epoch: 22 | loss: 0.2699256
	speed: 0.7151s/iter; left time: 26733.0937s
	iters: 400, epoch: 22 | loss: 0.3051193
	speed: 0.7138s/iter; left time: 26614.2836s
Epoch: 22 cost time: 340.7065896987915
[2025-01-28 08:57:15] [32mIntermediate result: 0.48836985  (Index 21)[0m
Epoch: 22, Steps: 477 | Train Loss: 0.2955295 Vali Loss: 0.4486240 Test Loss: 0.4883699
Validation loss decreased (0.450131 --> 0.448624).  Saving model ...
Updating learning rate to 9.984554417104596e-05
	iters: 100, epoch: 23 | loss: 0.2986167
	speed: 2.0282s/iter; left time: 75258.6481s
	iters: 200, epoch: 23 | loss: 0.3065124
	speed: 0.7127s/iter; left time: 26376.4726s
	iters: 300, epoch: 23 | loss: 0.3134736
	speed: 0.7155s/iter; left time: 26405.1640s
	iters: 400, epoch: 23 | loss: 0.2925323
	speed: 0.7164s/iter; left time: 26369.5894s
Epoch: 23 cost time: 340.7415647506714
[2025-01-28 09:04:11] [32mIntermediate result: 0.48874116  (Index 22)[0m
Epoch: 23, Steps: 477 | Train Loss: 0.2939672 Vali Loss: 0.4504819 Test Loss: 0.4887412
EarlyStopping counter: 1 out of 5
Updating learning rate to 9.965294024352982e-05
	iters: 100, epoch: 24 | loss: 0.2956925
	speed: 2.0101s/iter; left time: 73631.6677s
	iters: 200, epoch: 24 | loss: 0.2939509
	speed: 0.7144s/iter; left time: 26095.2463s
	iters: 300, epoch: 24 | loss: 0.3091042
	speed: 0.7141s/iter; left time: 26013.9783s
	iters: 400, epoch: 24 | loss: 0.2761237
	speed: 0.7150s/iter; left time: 25974.7497s
Epoch: 24 cost time: 340.8226480484009
[2025-01-28 09:11:07] [32mIntermediate result: 0.48364803  (Index 23)[0m
Epoch: 24, Steps: 477 | Train Loss: 0.2926541 Vali Loss: 0.4459103 Test Loss: 0.4836480
Validation loss decreased (0.448624 --> 0.445910).  Saving model ...
Updating learning rate to 9.938377538946057e-05
	iters: 100, epoch: 25 | loss: 0.2944472
	speed: 2.0290s/iter; left time: 73353.0604s
	iters: 200, epoch: 25 | loss: 0.2890888
	speed: 0.7132s/iter; left time: 25712.4879s
	iters: 300, epoch: 25 | loss: 0.2858349
	speed: 0.7116s/iter; left time: 25585.4527s
	iters: 400, epoch: 25 | loss: 0.3057916
	speed: 0.7148s/iter; left time: 25627.9794s
Epoch: 25 cost time: 340.412828207016
[2025-01-28 09:18:04] [32mIntermediate result: 0.48236135  (Index 24)[0m
Epoch: 25, Steps: 477 | Train Loss: 0.2913898 Vali Loss: 0.4454878 Test Loss: 0.4823613
Validation loss decreased (0.445910 --> 0.445488).  Saving model ...
Updating learning rate to 9.90384646415337e-05
	iters: 100, epoch: 26 | loss: 0.2872859
	speed: 2.0311s/iter; left time: 72460.7579s
	iters: 200, epoch: 26 | loss: 0.2917401
	speed: 0.7148s/iter; left time: 25428.7625s
	iters: 300, epoch: 26 | loss: 0.2836785
	speed: 0.7145s/iter; left time: 25349.0044s
	iters: 400, epoch: 26 | loss: 0.2797270
	speed: 0.7145s/iter; left time: 25276.8703s
Epoch: 26 cost time: 341.321350812912
[2025-01-28 09:25:00] [32mIntermediate result: 0.48116365  (Index 25)[0m
Epoch: 26, Steps: 477 | Train Loss: 0.2903045 Vali Loss: 0.4445930 Test Loss: 0.4811637
Validation loss decreased (0.445488 --> 0.444593).  Saving model ...
Updating learning rate to 9.861754044389394e-05
	iters: 100, epoch: 27 | loss: 0.3008643
	speed: 2.0123s/iter; left time: 70831.3331s
	iters: 200, epoch: 27 | loss: 0.2783743
	speed: 0.7159s/iter; left time: 25128.7963s
	iters: 300, epoch: 27 | loss: 0.2803588
	speed: 0.7174s/iter; left time: 25107.3999s
	iters: 400, epoch: 27 | loss: 0.2851248
	speed: 0.7153s/iter; left time: 24964.5638s
Epoch: 27 cost time: 341.5839750766754
[2025-01-28 09:31:56] [32mIntermediate result: 0.481362  (Index 26)[0m
Epoch: 27, Steps: 477 | Train Loss: 0.2892322 Vali Loss: 0.4444030 Test Loss: 0.4813620
Validation loss decreased (0.444593 --> 0.444403).  Saving model ...
Updating learning rate to 9.812165183114481e-05
	iters: 100, epoch: 28 | loss: 0.2801241
	speed: 2.0087s/iter; left time: 69746.2377s
	iters: 200, epoch: 28 | loss: 0.2724477
	speed: 0.7144s/iter; left time: 24732.7940s
	iters: 300, epoch: 28 | loss: 0.2924374
	speed: 0.7154s/iter; left time: 24696.7757s
	iters: 400, epoch: 28 | loss: 0.2848792
	speed: 0.7170s/iter; left time: 24679.4629s
Epoch: 28 cost time: 341.30772948265076
[2025-01-28 09:38:51] [32mIntermediate result: 0.47869936  (Index 27)[0m
Epoch: 28, Steps: 477 | Train Loss: 0.2879510 Vali Loss: 0.4422481 Test Loss: 0.4786994
Validation loss decreased (0.444403 --> 0.442248).  Saving model ...
Updating learning rate to 9.755156342758446e-05
	iters: 100, epoch: 29 | loss: 0.2740138
	speed: 2.0067s/iter; left time: 68719.6785s
	iters: 200, epoch: 29 | loss: 0.2867706
	speed: 0.7143s/iter; left time: 24390.3194s
	iters: 300, epoch: 29 | loss: 0.2954255
	speed: 0.7138s/iter; left time: 24300.9187s
	iters: 400, epoch: 29 | loss: 0.2998464
	speed: 0.7146s/iter; left time: 24256.3805s
Epoch: 29 cost time: 340.63257670402527
[2025-01-28 09:45:49] [32mIntermediate result: 0.47814393  (Index 28)[0m
Epoch: 29, Steps: 477 | Train Loss: 0.2869794 Vali Loss: 0.4416273 Test Loss: 0.4781439
Validation loss decreased (0.442248 --> 0.441627).  Saving model ...
Updating learning rate to 9.690815426821035e-05
	iters: 100, epoch: 30 | loss: 0.2912035
	speed: 2.0334s/iter; left time: 68662.2383s
	iters: 200, epoch: 30 | loss: 0.2922006
	speed: 0.7128s/iter; left time: 23997.1636s
	iters: 300, epoch: 30 | loss: 0.2943893
	speed: 0.7135s/iter; left time: 23950.1989s
	iters: 400, epoch: 30 | loss: 0.2905837
	speed: 0.7144s/iter; left time: 23910.6202s
Epoch: 30 cost time: 340.25335931777954
[2025-01-28 09:52:43] [32mIntermediate result: 0.47930485  (Index 29)[0m
Epoch: 30, Steps: 477 | Train Loss: 0.2860733 Vali Loss: 0.4433053 Test Loss: 0.4793049
EarlyStopping counter: 1 out of 5
Updating learning rate to 9.6192416443311e-05
	iters: 100, epoch: 31 | loss: 0.2853707
	speed: 1.9997s/iter; left time: 66570.6376s
	iters: 200, epoch: 31 | loss: 0.3028330
	speed: 0.7116s/iter; left time: 23619.5040s
	iters: 300, epoch: 31 | loss: 0.2861455
	speed: 0.7105s/iter; left time: 23510.0056s
	iters: 400, epoch: 31 | loss: 0.2850059
	speed: 0.7115s/iter; left time: 23473.2497s
Epoch: 31 cost time: 339.25831627845764
[2025-01-28 09:59:36] [32mIntermediate result: 0.47653392  (Index 30)[0m
Epoch: 31, Steps: 477 | Train Loss: 0.2852767 Vali Loss: 0.4415405 Test Loss: 0.4765339
Validation loss decreased (0.441627 --> 0.441540).  Saving model ...
Updating learning rate to 9.540545356873471e-05
	iters: 100, epoch: 32 | loss: 0.2703989
	speed: 1.9945s/iter; left time: 65446.9044s
	iters: 200, epoch: 32 | loss: 0.2767417
	speed: 0.7097s/iter; left time: 23218.6480s
	iters: 300, epoch: 32 | loss: 0.2957340
	speed: 0.7121s/iter; left time: 23223.2473s
	iters: 400, epoch: 32 | loss: 0.2905371
	speed: 0.7123s/iter; left time: 23159.6753s
Epoch: 32 cost time: 339.10662317276
[2025-01-28 10:06:29] [32mIntermediate result: 0.47647297  (Index 31)[0m
Epoch: 32, Steps: 477 | Train Loss: 0.2843184 Vali Loss: 0.4389860 Test Loss: 0.4764730
Validation loss decreased (0.441540 --> 0.438986).  Saving model ...
Updating learning rate to 9.454847908419386e-05
	iters: 100, epoch: 33 | loss: 0.3004097
	speed: 2.0007s/iter; left time: 64695.1701s
	iters: 200, epoch: 33 | loss: 0.2812678
	speed: 0.7104s/iter; left time: 22902.6575s
	iters: 300, epoch: 33 | loss: 0.2874304
	speed: 0.7104s/iter; left time: 22828.7475s
	iters: 400, epoch: 33 | loss: 0.2958364
	speed: 0.7110s/iter; left time: 22779.2797s
Epoch: 33 cost time: 339.2056231498718
[2025-01-28 10:13:24] [32mIntermediate result: 0.47356057  (Index 32)[0m
Epoch: 33, Steps: 477 | Train Loss: 0.2838995 Vali Loss: 0.4385118 Test Loss: 0.4735606
Validation loss decreased (0.438986 --> 0.438512).  Saving model ...
Updating learning rate to 9.362281438222885e-05
	iters: 100, epoch: 34 | loss: 0.2807129
	speed: 2.0175s/iter; left time: 64277.6149s
	iters: 200, epoch: 34 | loss: 0.2757179
	speed: 0.7091s/iter; left time: 22522.0292s
	iters: 300, epoch: 34 | loss: 0.2841192
	speed: 0.7100s/iter; left time: 22478.4681s
	iters: 400, epoch: 34 | loss: 0.2845004
	speed: 0.7090s/iter; left time: 22375.3467s
Epoch: 34 cost time: 338.29622983932495
[2025-01-28 10:20:16] [32mIntermediate result: 0.47370568  (Index 33)[0m
Epoch: 34, Steps: 477 | Train Loss: 0.2828510 Vali Loss: 0.4380273 Test Loss: 0.4737057
Validation loss decreased (0.438512 --> 0.438027).  Saving model ...
Updating learning rate to 9.262988677071663e-05
	iters: 100, epoch: 35 | loss: 0.2853087
	speed: 1.9915s/iter; left time: 62499.7672s
	iters: 200, epoch: 35 | loss: 0.2705206
	speed: 0.7107s/iter; left time: 22233.3604s
	iters: 300, epoch: 35 | loss: 0.2811898
	speed: 0.7107s/iter; left time: 22160.6991s
	iters: 400, epoch: 35 | loss: 0.2898107
	speed: 0.7108s/iter; left time: 22095.2846s
Epoch: 35 cost time: 338.7863676548004
[2025-01-28 10:27:10] [32mIntermediate result: 0.47155696  (Index 34)[0m
Epoch: 35, Steps: 477 | Train Loss: 0.2820388 Vali Loss: 0.4371197 Test Loss: 0.4715570
Validation loss decreased (0.438027 --> 0.437120).  Saving model ...
Updating learning rate to 9.157122727206528e-05
	iters: 100, epoch: 36 | loss: 0.3053750
	speed: 2.0066s/iter; left time: 62017.3197s
	iters: 200, epoch: 36 | loss: 0.2673366
	speed: 0.7116s/iter; left time: 21920.4946s
	iters: 300, epoch: 36 | loss: 0.2916654
	speed: 0.7125s/iter; left time: 21877.3946s
	iters: 400, epoch: 36 | loss: 0.2899333
	speed: 0.7127s/iter; left time: 21813.0515s
Epoch: 36 cost time: 339.34293818473816
[2025-01-28 10:34:05] [32mIntermediate result: 0.4720501  (Index 35)[0m
Epoch: 36, Steps: 477 | Train Loss: 0.2813671 Vali Loss: 0.4354126 Test Loss: 0.4720501
Validation loss decreased (0.437120 --> 0.435413).  Saving model ...
Updating learning rate to 9.044846826248857e-05
	iters: 100, epoch: 37 | loss: 0.2627905
	speed: 2.0139s/iter; left time: 61281.4277s
	iters: 200, epoch: 37 | loss: 0.2759305
	speed: 0.7116s/iter; left time: 21581.0157s
	iters: 300, epoch: 37 | loss: 0.2750587
	speed: 0.7114s/iter; left time: 21503.5626s
	iters: 400, epoch: 37 | loss: 0.2875733
	speed: 0.7110s/iter; left time: 21421.6934s
Epoch: 37 cost time: 339.1612403392792
[2025-01-28 10:41:03] [32mIntermediate result: 0.47017866  (Index 36)[0m
Epoch: 37, Steps: 477 | Train Loss: 0.2807757 Vali Loss: 0.4338413 Test Loss: 0.4701787
Validation loss decreased (0.435413 --> 0.433841).  Saving model ...
Updating learning rate to 8.926334095500008e-05
	iters: 100, epoch: 38 | loss: 0.2935913
	speed: 2.0507s/iter; left time: 61424.0212s
	iters: 200, epoch: 38 | loss: 0.2685493
	speed: 0.7108s/iter; left time: 21219.7063s
	iters: 300, epoch: 38 | loss: 0.2738214
	speed: 0.7113s/iter; left time: 21162.5716s
	iters: 400, epoch: 38 | loss: 0.2776088
	speed: 0.7110s/iter; left time: 21083.8600s
Epoch: 38 cost time: 338.9873731136322
[2025-01-28 10:47:58] [32mIntermediate result: 0.46935403  (Index 37)[0m
Epoch: 38, Steps: 477 | Train Loss: 0.2800516 Vali Loss: 0.4350447 Test Loss: 0.4693540
EarlyStopping counter: 1 out of 5
Updating learning rate to 8.80176727300082e-05
	iters: 100, epoch: 39 | loss: 0.2699277
	speed: 2.0049s/iter; left time: 59093.4343s
	iters: 200, epoch: 39 | loss: 0.2662401
	speed: 0.7134s/iter; left time: 20954.7595s
	iters: 300, epoch: 39 | loss: 0.2672277
	speed: 0.7096s/iter; left time: 20773.7982s
	iters: 400, epoch: 39 | loss: 0.2671445
	speed: 0.7114s/iter; left time: 20754.6835s
Epoch: 39 cost time: 339.03570008277893
[2025-01-28 10:54:53] [32mIntermediate result: 0.47093734  (Index 38)[0m
Epoch: 39, Steps: 477 | Train Loss: 0.2793192 Vali Loss: 0.4333374 Test Loss: 0.4709373
Validation loss decreased (0.433841 --> 0.433337).  Saving model ...
Updating learning rate to 8.671338431762804e-05
	iters: 100, epoch: 40 | loss: 0.2749405
	speed: 2.0191s/iter; left time: 58550.7161s
	iters: 200, epoch: 40 | loss: 0.2809695
	speed: 0.7102s/iter; left time: 20524.7784s
	iters: 300, epoch: 40 | loss: 0.2816648
	speed: 0.7138s/iter; left time: 20554.9987s
	iters: 400, epoch: 40 | loss: 0.2819967
	speed: 0.7115s/iter; left time: 20419.3781s
Epoch: 40 cost time: 339.30672216415405
[2025-01-28 11:01:48] [32mIntermediate result: 0.4699161  (Index 39)[0m
Epoch: 40, Steps: 477 | Train Loss: 0.2787293 Vali Loss: 0.4363003 Test Loss: 0.4699161
EarlyStopping counter: 1 out of 5
Updating learning rate to 8.535248683605476e-05
	iters: 100, epoch: 41 | loss: 0.2870624
	speed: 2.0123s/iter; left time: 57392.2457s
	iters: 200, epoch: 41 | loss: 0.2653795
	speed: 0.7100s/iter; left time: 20178.8781s
	iters: 300, epoch: 41 | loss: 0.2805052
	speed: 0.7112s/iter; left time: 20141.5660s
	iters: 400, epoch: 41 | loss: 0.2863244
	speed: 0.7102s/iter; left time: 20043.3391s
Epoch: 41 cost time: 339.01941776275635
[2025-01-28 11:08:43] [32mIntermediate result: 0.4710005  (Index 40)[0m
Epoch: 41, Steps: 477 | Train Loss: 0.2780816 Vali Loss: 0.4341220 Test Loss: 0.4710005
EarlyStopping counter: 2 out of 5
Updating learning rate to 8.393707869056518e-05
	iters: 100, epoch: 42 | loss: 0.2638796
	speed: 2.0153s/iter; left time: 56518.3541s
	iters: 200, epoch: 42 | loss: 0.2904495
	speed: 0.7104s/iter; left time: 19851.5598s
	iters: 300, epoch: 42 | loss: 0.2819393
	speed: 0.7096s/iter; left time: 19758.5121s
	iters: 400, epoch: 42 | loss: 0.2779959
	speed: 0.7100s/iter; left time: 19698.7414s
Epoch: 42 cost time: 338.7926251888275
[2025-01-28 11:15:35] [32mIntermediate result: 0.4668466  (Index 41)[0m
Epoch: 42, Steps: 477 | Train Loss: 0.2777132 Vali Loss: 0.4338067 Test Loss: 0.4668466
EarlyStopping counter: 3 out of 5
Updating learning rate to 8.246934233792876e-05
	iters: 100, epoch: 43 | loss: 0.2752602
	speed: 1.9950s/iter; left time: 54997.1682s
	iters: 200, epoch: 43 | loss: 0.2728939
	speed: 0.7104s/iter; left time: 19512.8828s
	iters: 300, epoch: 43 | loss: 0.2671242
	speed: 0.7111s/iter; left time: 19459.9681s
	iters: 400, epoch: 43 | loss: 0.2721697
	speed: 0.7110s/iter; left time: 19387.0458s
Epoch: 43 cost time: 339.1117784976959
[2025-01-28 11:22:27] [32mIntermediate result: 0.46814165  (Index 42)[0m
Epoch: 43, Steps: 477 | Train Loss: 0.2768756 Vali Loss: 0.4328982 Test Loss: 0.4681416
Validation loss decreased (0.433337 --> 0.432898).  Saving model ...
Updating learning rate to 8.095154092121764e-05
	iters: 100, epoch: 44 | loss: 0.2700922
	speed: 1.9938s/iter; left time: 54011.9747s
	iters: 200, epoch: 44 | loss: 0.2762494
	speed: 0.7108s/iter; left time: 19185.1646s
	iters: 300, epoch: 44 | loss: 0.2688918
	speed: 0.7100s/iter; left time: 19091.3599s
	iters: 400, epoch: 44 | loss: 0.2869761
	speed: 0.7101s/iter; left time: 19024.7946s
Epoch: 44 cost time: 338.7676668167114
[2025-01-28 11:29:20] [32mIntermediate result: 0.4662197  (Index 43)[0m
Epoch: 44, Steps: 477 | Train Loss: 0.2764567 Vali Loss: 0.4310610 Test Loss: 0.4662197
Validation loss decreased (0.432898 --> 0.431061).  Saving model ...
Updating learning rate to 7.938601478020396e-05
	iters: 100, epoch: 45 | loss: 0.2698955
	speed: 1.9950s/iter; left time: 53092.3151s
	iters: 200, epoch: 45 | loss: 0.2619725
	speed: 0.7101s/iter; left time: 18827.2833s
	iters: 300, epoch: 45 | loss: 0.2714988
	speed: 0.7090s/iter; left time: 18726.1680s
	iters: 400, epoch: 45 | loss: 0.2717769
	speed: 0.7117s/iter; left time: 18727.2909s
Epoch: 45 cost time: 338.8535451889038
[2025-01-28 11:36:13] [32mIntermediate result: 0.46485  (Index 44)[0m
Epoch: 45, Steps: 477 | Train Loss: 0.2757636 Vali Loss: 0.4302631 Test Loss: 0.4648500
Validation loss decreased (0.431061 --> 0.430263).  Saving model ...
Updating learning rate to 7.777517784272554e-05
	iters: 100, epoch: 46 | loss: 0.2751680
	speed: 2.0006s/iter; left time: 52287.3995s
	iters: 200, epoch: 46 | loss: 0.2819951
	speed: 0.7104s/iter; left time: 18496.6209s
	iters: 300, epoch: 46 | loss: 0.2628452
	speed: 0.7087s/iter; left time: 18380.4359s
	iters: 400, epoch: 46 | loss: 0.2774208
	speed: 0.7095s/iter; left time: 18329.3531s
Epoch: 46 cost time: 338.61375856399536
[2025-01-28 11:43:07] [32mIntermediate result: 0.46697825  (Index 45)[0m
Epoch: 46, Steps: 477 | Train Loss: 0.2751950 Vali Loss: 0.4319418 Test Loss: 0.4669783
EarlyStopping counter: 1 out of 5
Updating learning rate to 7.612151390258418e-05
	iters: 100, epoch: 47 | loss: 0.2901673
	speed: 2.0077s/iter; left time: 51515.1991s
	iters: 200, epoch: 47 | loss: 0.2729662
	speed: 0.7088s/iter; left time: 18115.6885s
	iters: 300, epoch: 47 | loss: 0.2736663
	speed: 0.7136s/iter; left time: 18166.6967s
	iters: 400, epoch: 47 | loss: 0.2832369
	speed: 0.7134s/iter; left time: 18091.2245s
Epoch: 47 cost time: 339.48166942596436
[2025-01-28 11:50:00] [32mIntermediate result: 0.4640213  (Index 46)[0m
Epoch: 47, Steps: 477 | Train Loss: 0.2745315 Vali Loss: 0.4294075 Test Loss: 0.4640213
Validation loss decreased (0.430263 --> 0.429407).  Saving model ...
Updating learning rate to 7.442757278971565e-05
	iters: 100, epoch: 48 | loss: 0.2718025
	speed: 2.0084s/iter; left time: 50576.1738s
	iters: 200, epoch: 48 | loss: 0.2654638
	speed: 0.7169s/iter; left time: 17981.6965s
	iters: 300, epoch: 48 | loss: 0.2726223
	speed: 0.7144s/iter; left time: 17848.1385s
	iters: 400, epoch: 48 | loss: 0.2793998
	speed: 0.7147s/iter; left time: 17783.2705s
Epoch: 48 cost time: 341.09265780448914
[2025-01-28 11:56:56] [32mIntermediate result: 0.46515176  (Index 47)[0m
Epoch: 48, Steps: 477 | Train Loss: 0.2741478 Vali Loss: 0.4308426 Test Loss: 0.4651518
EarlyStopping counter: 1 out of 5
Updating learning rate to 7.269596643853667e-05
	iters: 100, epoch: 49 | loss: 0.2862122
	speed: 2.0010s/iter; left time: 49434.7831s
	iters: 200, epoch: 49 | loss: 0.2750613
	speed: 0.7142s/iter; left time: 17573.5198s
	iters: 300, epoch: 49 | loss: 0.2652622
	speed: 0.7158s/iter; left time: 17541.6630s
	iters: 400, epoch: 49 | loss: 0.2803271
	speed: 0.7154s/iter; left time: 17460.2285s
Epoch: 49 cost time: 340.9392671585083
[2025-01-28 12:03:51] [32mIntermediate result: 0.46340877  (Index 48)[0m
Epoch: 49, Steps: 477 | Train Loss: 0.2736704 Vali Loss: 0.4292005 Test Loss: 0.4634088
Validation loss decreased (0.429407 --> 0.429200).  Saving model ...
Updating learning rate to 7.092936486053142e-05
	iters: 100, epoch: 50 | loss: 0.2766561
	speed: 2.0142s/iter; left time: 48799.4234s
	iters: 200, epoch: 50 | loss: 0.2741683
	speed: 0.7138s/iter; left time: 17223.4392s
	iters: 300, epoch: 50 | loss: 0.2822179
	speed: 0.7132s/iter; left time: 17136.4755s
	iters: 400, epoch: 50 | loss: 0.2794599
	speed: 0.7107s/iter; left time: 17004.7921s
Epoch: 50 cost time: 340.3038649559021
[2025-01-28 12:10:47] [32mIntermediate result: 0.46303275  (Index 49)[0m
Epoch: 50, Steps: 477 | Train Loss: 0.2731017 Vali Loss: 0.4290102 Test Loss: 0.4630328
Validation loss decreased (0.429200 --> 0.429010).  Saving model ...
Updating learning rate to 6.913049202728739e-05
	iters: 100, epoch: 51 | loss: 0.2558647
	speed: 2.0152s/iter; left time: 47862.8811s
	iters: 200, epoch: 51 | loss: 0.2784996
	speed: 0.7137s/iter; left time: 16879.2574s
	iters: 300, epoch: 51 | loss: 0.2605304
	speed: 0.7140s/iter; left time: 16815.4047s
	iters: 400, epoch: 51 | loss: 0.2632126
	speed: 0.7133s/iter; left time: 16727.7939s
Epoch: 51 cost time: 340.4712200164795
[2025-01-28 12:17:42] [32mIntermediate result: 0.46379936  (Index 50)[0m
Epoch: 51, Steps: 477 | Train Loss: 0.2727053 Vali Loss: 0.4283422 Test Loss: 0.4637994
Validation loss decreased (0.429010 --> 0.428342).  Saving model ...
Updating learning rate to 6.73021216703285e-05
	iters: 100, epoch: 52 | loss: 0.2708667
	speed: 2.0166s/iter; left time: 46934.4639s
	iters: 200, epoch: 52 | loss: 0.2781213
	speed: 0.7128s/iter; left time: 16517.4300s
	iters: 300, epoch: 52 | loss: 0.2724178
	speed: 0.7132s/iter; left time: 16455.4101s
	iters: 400, epoch: 52 | loss: 0.2760448
	speed: 0.7124s/iter; left time: 16366.9826s
Epoch: 52 cost time: 340.44488549232483
[2025-01-28 12:24:37] [32mIntermediate result: 0.46245214  (Index 51)[0m
Epoch: 52, Steps: 477 | Train Loss: 0.2721123 Vali Loss: 0.4282771 Test Loss: 0.4624521
Validation loss decreased (0.428342 --> 0.428277).  Saving model ...
Updating learning rate to 6.544707300422225e-05
	iters: 100, epoch: 53 | loss: 0.2661941
	speed: 2.0031s/iter; left time: 45665.0570s
	iters: 200, epoch: 53 | loss: 0.2638066
	speed: 0.7119s/iter; left time: 16158.0777s
	iters: 300, epoch: 53 | loss: 0.2717558
	speed: 0.7134s/iter; left time: 16120.6350s
	iters: 400, epoch: 53 | loss: 0.2821325
	speed: 0.7119s/iter; left time: 16015.1138s
Epoch: 53 cost time: 339.60455536842346
[2025-01-28 12:31:30] [32mIntermediate result: 0.4631892  (Index 52)[0m
Epoch: 53, Steps: 477 | Train Loss: 0.2717418 Vali Loss: 0.4263893 Test Loss: 0.4631892
Validation loss decreased (0.428277 --> 0.426389).  Saving model ...
Updating learning rate to 6.356820637955518e-05
	iters: 100, epoch: 54 | loss: 0.2906916
	speed: 1.9959s/iter; left time: 44549.1003s
	iters: 200, epoch: 54 | loss: 0.2743218
	speed: 0.7127s/iter; left time: 15835.7622s
	iters: 300, epoch: 54 | loss: 0.2655137
	speed: 0.7125s/iter; left time: 15759.4244s
	iters: 400, epoch: 54 | loss: 0.2754951
	speed: 0.7129s/iter; left time: 15697.1925s
Epoch: 54 cost time: 340.0672678947449
[2025-01-28 12:38:24] [32mIntermediate result: 0.46164405  (Index 53)[0m
Epoch: 54, Steps: 477 | Train Loss: 0.2712391 Vali Loss: 0.4275308 Test Loss: 0.4616441
EarlyStopping counter: 1 out of 5
Updating learning rate to 6.166841887247955e-05
	iters: 100, epoch: 55 | loss: 0.2548982
	speed: 1.9994s/iter; left time: 43672.0060s
	iters: 200, epoch: 55 | loss: 0.2669038
	speed: 0.7122s/iter; left time: 15484.8069s
	iters: 300, epoch: 55 | loss: 0.2653868
	speed: 0.7099s/iter; left time: 15364.0587s
	iters: 400, epoch: 55 | loss: 0.2627502
	speed: 0.7091s/iter; left time: 15276.3165s
Epoch: 55 cost time: 339.09868121147156
[2025-01-28 12:45:15] [32mIntermediate result: 0.4618265  (Index 54)[0m
Epoch: 55, Steps: 477 | Train Loss: 0.2707481 Vali Loss: 0.4267603 Test Loss: 0.4618265
EarlyStopping counter: 2 out of 5
Updating learning rate to 5.975063981763195e-05
	iters: 100, epoch: 56 | loss: 0.2640944
	speed: 1.9729s/iter; left time: 42153.7427s
	iters: 200, epoch: 56 | loss: 0.2635117
	speed: 0.7096s/iter; left time: 15091.0272s
	iters: 300, epoch: 56 | loss: 0.2684316
	speed: 0.7089s/iter; left time: 15004.2058s
	iters: 400, epoch: 56 | loss: 0.2846815
	speed: 0.7098s/iter; left time: 14952.8625s
Epoch: 56 cost time: 338.59232902526855
[2025-01-28 12:52:06] [32mIntermediate result: 0.46031392  (Index 55)[0m
Epoch: 56, Steps: 477 | Train Loss: 0.2703037 Vali Loss: 0.4282657 Test Loss: 0.4603139
EarlyStopping counter: 3 out of 5
Updating learning rate to 5.7817826291311536e-05
	iters: 100, epoch: 57 | loss: 0.2578438
	speed: 1.9801s/iter; left time: 41362.8048s
	iters: 200, epoch: 57 | loss: 0.2478766
	speed: 0.7089s/iter; left time: 14737.3055s
	iters: 300, epoch: 57 | loss: 0.2800305
	speed: 0.7092s/iter; left time: 14671.9882s
	iters: 400, epoch: 57 | loss: 0.2659083
	speed: 0.7103s/iter; left time: 14624.2522s
Epoch: 57 cost time: 338.3638689517975
[2025-01-28 12:58:58] [32mIntermediate result: 0.46119592  (Index 56)[0m
Epoch: 57, Steps: 477 | Train Loss: 0.2698933 Vali Loss: 0.4265077 Test Loss: 0.4611959
EarlyStopping counter: 4 out of 5
Updating learning rate to 5.587295855188277e-05
	iters: 100, epoch: 58 | loss: 0.2694892
	speed: 1.9894s/iter; left time: 40607.4266s
	iters: 200, epoch: 58 | loss: 0.2674901
	speed: 0.7087s/iter; left time: 14395.2499s
	iters: 300, epoch: 58 | loss: 0.2743323
	speed: 0.7095s/iter; left time: 14341.4131s
	iters: 400, epoch: 58 | loss: 0.2619357
	speed: 0.7096s/iter; left time: 14271.2555s
Epoch: 58 cost time: 338.3869049549103
[2025-01-28 13:05:52] [32mIntermediate result: 0.46122453  (Index 57)[0m
Epoch: 58, Steps: 477 | Train Loss: 0.2696232 Vali Loss: 0.4249814 Test Loss: 0.4612245
Validation loss decreased (0.426389 --> 0.424981).  Saving model ...
Updating learning rate to 5.391903544443303e-05
	iters: 100, epoch: 59 | loss: 0.2662345
	speed: 2.0312s/iter; left time: 40492.2826s
	iters: 200, epoch: 59 | loss: 0.2778396
	speed: 0.7096s/iter; left time: 14074.6648s
	iters: 300, epoch: 59 | loss: 0.2666106
	speed: 0.7089s/iter; left time: 13990.5922s
	iters: 400, epoch: 59 | loss: 0.2697625
	speed: 0.7090s/iter; left time: 13921.7196s
Epoch: 59 cost time: 338.49723076820374
[2025-01-28 13:12:46] [32mIntermediate result: 0.4609987  (Index 58)[0m
Epoch: 59, Steps: 477 | Train Loss: 0.2693789 Vali Loss: 0.4268595 Test Loss: 0.4609987
EarlyStopping counter: 1 out of 5
Updating learning rate to 5.195906977677083e-05
	iters: 100, epoch: 60 | loss: 0.2705904
	speed: 1.9956s/iter; left time: 38830.5781s
	iters: 200, epoch: 60 | loss: 0.2701401
	speed: 0.7096s/iter; left time: 13735.8269s
	iters: 300, epoch: 60 | loss: 0.2730129
	speed: 0.7134s/iter; left time: 13738.3006s
	iters: 400, epoch: 60 | loss: 0.2929384
	speed: 0.7103s/iter; left time: 13608.6478s
Epoch: 60 cost time: 338.91537737846375
[2025-01-28 13:19:41] [32mIntermediate result: 0.4613284  (Index 59)[0m
Epoch: 60, Steps: 477 | Train Loss: 0.2689849 Vali Loss: 0.4259659 Test Loss: 0.4613284
EarlyStopping counter: 2 out of 5
Updating learning rate to 4.999608367389457e-05
	iters: 100, epoch: 61 | loss: 0.2679508
	speed: 2.0208s/iter; left time: 38357.2553s
	iters: 200, epoch: 61 | loss: 0.2900776
	speed: 0.7103s/iter; left time: 13410.9119s
	iters: 300, epoch: 61 | loss: 0.2720563
	speed: 0.7111s/iter; left time: 13355.2779s
	iters: 400, epoch: 61 | loss: 0.2650330
	speed: 0.7134s/iter; left time: 13326.8404s
Epoch: 61 cost time: 339.401522397995
[2025-01-28 13:26:37] [32mIntermediate result: 0.46018365  (Index 60)[0m
Epoch: 61, Steps: 477 | Train Loss: 0.2684934 Vali Loss: 0.4242665 Test Loss: 0.4601837
Validation loss decreased (0.424981 --> 0.424267).  Saving model ...
Updating learning rate to 4.80331039180948e-05
	iters: 100, epoch: 62 | loss: 0.2695476
	speed: 2.0290s/iter; left time: 37544.5322s
	iters: 200, epoch: 62 | loss: 0.2753710
	speed: 0.7102s/iter; left time: 13070.6503s
	iters: 300, epoch: 62 | loss: 0.2546288
	speed: 0.7106s/iter; left time: 13006.5086s
	iters: 400, epoch: 62 | loss: 0.2637463
	speed: 0.7100s/iter; left time: 12925.3609s
Epoch: 62 cost time: 338.78370475769043
[2025-01-28 13:33:35] [32mIntermediate result: 0.45931402  (Index 61)[0m
Epoch: 62, Steps: 477 | Train Loss: 0.2678519 Vali Loss: 0.4243159 Test Loss: 0.4593140
EarlyStopping counter: 1 out of 5
Updating learning rate to 4.6073157281875374e-05
	iters: 100, epoch: 63 | loss: 0.2510500
	speed: 2.0465s/iter; left time: 36892.4136s
	iters: 200, epoch: 63 | loss: 0.2671122
	speed: 0.7092s/iter; left time: 12714.3058s
	iters: 300, epoch: 63 | loss: 0.2637823
	speed: 0.7092s/iter; left time: 12642.9549s
	iters: 400, epoch: 63 | loss: 0.2602215
	speed: 0.7093s/iter; left time: 12573.4736s
Epoch: 63 cost time: 338.37598156929016
[2025-01-28 13:40:28] [32mIntermediate result: 0.4597643  (Index 62)[0m
Epoch: 63, Steps: 477 | Train Loss: 0.2675260 Vali Loss: 0.4245274 Test Loss: 0.4597643
EarlyStopping counter: 2 out of 5
Updating learning rate to 4.4119265860889546e-05
	iters: 100, epoch: 64 | loss: 0.2639450
	speed: 1.9981s/iter; left time: 35066.9734s
	iters: 200, epoch: 64 | loss: 0.2578361
	speed: 0.7114s/iter; left time: 12413.4155s
	iters: 300, epoch: 64 | loss: 0.2560525
	speed: 0.7114s/iter; left time: 12342.2642s
	iters: 400, epoch: 64 | loss: 0.2634675
	speed: 0.7105s/iter; left time: 12256.3664s
Epoch: 64 cost time: 339.0165596008301
[2025-01-28 13:47:20] [32mIntermediate result: 0.45868903  (Index 63)[0m
Epoch: 64, Steps: 477 | Train Loss: 0.2671076 Vali Loss: 0.4242253 Test Loss: 0.4586890
Validation loss decreased (0.424267 --> 0.424225).  Saving model ...
Updating learning rate to 4.217444241408762e-05
	iters: 100, epoch: 65 | loss: 0.2625786
	speed: 1.9925s/iter; left time: 34018.6908s
	iters: 200, epoch: 65 | loss: 0.2847083
	speed: 0.7091s/iter; left time: 12036.2747s
	iters: 300, epoch: 65 | loss: 0.2586938
	speed: 0.7096s/iter; left time: 11973.1721s
	iters: 400, epoch: 65 | loss: 0.2705222
	speed: 0.7111s/iter; left time: 11927.0122s
Epoch: 65 cost time: 338.80773425102234
[2025-01-28 13:54:13] [32mIntermediate result: 0.45769334  (Index 64)[0m
Epoch: 65, Steps: 477 | Train Loss: 0.2667436 Vali Loss: 0.4239991 Test Loss: 0.4576933
Validation loss decreased (0.424225 --> 0.423999).  Saving model ...
Updating learning rate to 4.024168571826095e-05
	iters: 100, epoch: 66 | loss: 0.2697076
	speed: 2.0243s/iter; left time: 33595.0471s
	iters: 200, epoch: 66 | loss: 0.2639077
	speed: 0.7097s/iter; left time: 11706.4392s
	iters: 300, epoch: 66 | loss: 0.2595896
	speed: 0.7111s/iter; left time: 11658.9716s
	iters: 400, epoch: 66 | loss: 0.2707447
	speed: 0.7121s/iter; left time: 11603.7294s
Epoch: 66 cost time: 339.24693775177
[2025-01-28 14:01:12] [32mIntermediate result: 0.45738  (Index 65)[0m
Epoch: 66, Steps: 477 | Train Loss: 0.2664456 Vali Loss: 0.4233646 Test Loss: 0.4573800
Validation loss decreased (0.423999 --> 0.423365).  Saving model ...
Updating learning rate to 3.832397594414549e-05
	iters: 100, epoch: 67 | loss: 0.2606377
	speed: 2.0363s/iter; left time: 32822.7995s
	iters: 200, epoch: 67 | loss: 0.2810696
	speed: 0.7132s/iter; left time: 11424.8916s
	iters: 300, epoch: 67 | loss: 0.2775208
	speed: 0.7153s/iter; left time: 11386.8747s
	iters: 400, epoch: 67 | loss: 0.2589602
	speed: 0.7148s/iter; left time: 11307.7708s
Epoch: 67 cost time: 340.97067427635193
[2025-01-28 14:08:07] [32mIntermediate result: 0.45785934  (Index 66)[0m
Epoch: 67, Steps: 477 | Train Loss: 0.2661349 Vali Loss: 0.4231472 Test Loss: 0.4578593
Validation loss decreased (0.423365 --> 0.423147).  Saving model ...
Updating learning rate to 3.642427006121457e-05
	iters: 100, epoch: 68 | loss: 0.2671338
	speed: 2.0119s/iter; left time: 31470.4584s
	iters: 200, epoch: 68 | loss: 0.2521500
	speed: 0.7171s/iter; left time: 11145.2265s
	iters: 300, epoch: 68 | loss: 0.2553569
	speed: 0.7149s/iter; left time: 11039.8516s
	iters: 400, epoch: 68 | loss: 0.2717232
	speed: 0.7155s/iter; left time: 10977.1289s
Epoch: 68 cost time: 341.14832067489624
[2025-01-28 14:15:02] [32mIntermediate result: 0.45690662  (Index 67)[0m
Epoch: 68, Steps: 477 | Train Loss: 0.2657131 Vali Loss: 0.4233258 Test Loss: 0.4569066
EarlyStopping counter: 1 out of 5
Updating learning rate to 3.4545497278246225e-05
	iters: 100, epoch: 69 | loss: 0.2599286
	speed: 1.9980s/iter; left time: 30299.5992s
	iters: 200, epoch: 69 | loss: 0.2671423
	speed: 0.7130s/iter; left time: 10741.5780s
	iters: 300, epoch: 69 | loss: 0.2733138
	speed: 0.7134s/iter; left time: 10676.0682s
	iters: 400, epoch: 69 | loss: 0.2696905
	speed: 0.7183s/iter; left time: 10676.9359s
Epoch: 69 cost time: 341.0866084098816
[2025-01-28 14:21:57] [32mIntermediate result: 0.45818233  (Index 68)[0m
Epoch: 69, Steps: 477 | Train Loss: 0.2653952 Vali Loss: 0.4234264 Test Loss: 0.4581823
EarlyStopping counter: 2 out of 5
Updating learning rate to 3.2690554526695606e-05
	iters: 100, epoch: 70 | loss: 0.2817892
	speed: 1.9982s/iter; left time: 29350.1213s
	iters: 200, epoch: 70 | loss: 0.2641557
	speed: 0.7131s/iter; left time: 10402.0723s
	iters: 300, epoch: 70 | loss: 0.2660187
	speed: 0.7141s/iter; left time: 10346.3791s
	iters: 400, epoch: 70 | loss: 0.2593457
	speed: 0.7154s/iter; left time: 10293.3203s
Epoch: 70 cost time: 340.7263457775116
[2025-01-28 14:28:53] [32mIntermediate result: 0.45761687  (Index 69)[0m
Epoch: 70, Steps: 477 | Train Loss: 0.2649942 Vali Loss: 0.4229268 Test Loss: 0.4576169
Validation loss decreased (0.423147 --> 0.422927).  Saving model ...
Updating learning rate to 3.0862301993836714e-05
	iters: 100, epoch: 71 | loss: 0.2555262
	speed: 2.0217s/iter; left time: 28729.7097s
	iters: 200, epoch: 71 | loss: 0.2541491
	speed: 0.7142s/iter; left time: 10078.1258s
	iters: 300, epoch: 71 | loss: 0.2578135
	speed: 0.7140s/iter; left time: 10003.7289s
	iters: 400, epoch: 71 | loss: 0.2561809
	speed: 0.7156s/iter; left time: 9955.3694s
Epoch: 71 cost time: 340.709974527359
[2025-01-28 14:35:47] [32mIntermediate result: 0.45756987  (Index 70)[0m
Epoch: 71, Steps: 477 | Train Loss: 0.2646867 Vali Loss: 0.4223586 Test Loss: 0.4575699
Validation loss decreased (0.422927 --> 0.422359).  Saving model ...
Updating learning rate to 2.9063558712560798e-05
	iters: 100, epoch: 72 | loss: 0.2572430
	speed: 1.9942s/iter; left time: 27388.7610s
	iters: 200, epoch: 72 | loss: 0.2852491
	speed: 0.7156s/iter; left time: 9756.2372s
	iters: 300, epoch: 72 | loss: 0.2575664
	speed: 0.7141s/iter; left time: 9664.0088s
	iters: 400, epoch: 72 | loss: 0.2536778
	speed: 0.7169s/iter; left time: 9630.2412s
Epoch: 72 cost time: 340.92561769485474
[2025-01-28 14:42:41] [32mIntermediate result: 0.45706388  (Index 71)[0m
Epoch: 72, Steps: 477 | Train Loss: 0.2645200 Vali Loss: 0.4226678 Test Loss: 0.4570639
EarlyStopping counter: 1 out of 5
Updating learning rate to 2.729709821463207e-05
	iters: 100, epoch: 73 | loss: 0.2668884
	speed: 1.9987s/iter; left time: 26497.3964s
	iters: 200, epoch: 73 | loss: 0.2557948
	speed: 0.7142s/iter; left time: 9396.4579s
	iters: 300, epoch: 73 | loss: 0.2656577
	speed: 0.7162s/iter; left time: 9351.0640s
	iters: 400, epoch: 73 | loss: 0.2559072
	speed: 0.7231s/iter; left time: 9369.4587s
Epoch: 73 cost time: 341.9342772960663
[2025-01-28 14:49:39] [32mIntermediate result: 0.45650604  (Index 72)[0m
Epoch: 73, Steps: 477 | Train Loss: 0.2641981 Vali Loss: 0.4216856 Test Loss: 0.4565060
Validation loss decreased (0.422359 --> 0.421686).  Saving model ...
Updating learning rate to 2.5565644254102757e-05
	iters: 100, epoch: 74 | loss: 0.2662013
	speed: 2.0307s/iter; left time: 25952.7921s
	iters: 200, epoch: 74 | loss: 0.2664659
	speed: 0.7134s/iter; left time: 9045.9341s
	iters: 300, epoch: 74 | loss: 0.2708441
	speed: 0.7143s/iter; left time: 8985.3227s
	iters: 400, epoch: 74 | loss: 0.2638590
	speed: 0.7189s/iter; left time: 8971.8116s
Epoch: 74 cost time: 341.30835151672363
[2025-01-28 14:56:39] [32mIntermediate result: 0.45699474  (Index 73)[0m
Epoch: 74, Steps: 477 | Train Loss: 0.2638429 Vali Loss: 0.4210964 Test Loss: 0.4569947
Validation loss decreased (0.421686 --> 0.421096).  Saving model ...
Updating learning rate to 2.387186660748167e-05
	iters: 100, epoch: 75 | loss: 0.2605124
	speed: 2.0534s/iter; left time: 25263.2559s
	iters: 200, epoch: 75 | loss: 0.2693424
	speed: 0.7164s/iter; left time: 8742.5707s
	iters: 300, epoch: 75 | loss: 0.2659712
	speed: 0.7179s/iter; left time: 8688.8828s
	iters: 400, epoch: 75 | loss: 0.2738143
	speed: 0.7183s/iter; left time: 8621.9975s
Epoch: 75 cost time: 342.2853741645813
[2025-01-28 15:03:35] [32mIntermediate result: 0.45555934  (Index 74)[0m
Epoch: 75, Steps: 477 | Train Loss: 0.2636057 Vali Loss: 0.4216777 Test Loss: 0.4555593
EarlyStopping counter: 1 out of 5
Updating learning rate to 2.221837695713248e-05
	iters: 100, epoch: 76 | loss: 0.2683458
	speed: 2.0052s/iter; left time: 23713.5722s
	iters: 200, epoch: 76 | loss: 0.2582711
	speed: 0.7156s/iter; left time: 8391.0275s
	iters: 300, epoch: 76 | loss: 0.2593700
	speed: 0.7164s/iter; left time: 8328.3752s
	iters: 400, epoch: 76 | loss: 0.2699166
	speed: 0.7167s/iter; left time: 8261.1903s
Epoch: 76 cost time: 341.78977727890015
[2025-01-28 15:10:31] [32mIntermediate result: 0.45701697  (Index 75)[0m
Epoch: 76, Steps: 477 | Train Loss: 0.2633912 Vali Loss: 0.4215886 Test Loss: 0.4570170
EarlyStopping counter: 2 out of 5
Updating learning rate to 2.060772486424867e-05
	iters: 100, epoch: 77 | loss: 0.2727277
	speed: 2.0094s/iter; left time: 22804.8867s
	iters: 200, epoch: 77 | loss: 0.2682316
	speed: 0.7158s/iter; left time: 8051.8884s
	iters: 300, epoch: 77 | loss: 0.2690792
	speed: 0.7182s/iter; left time: 8006.6869s
	iters: 400, epoch: 77 | loss: 0.2624099
	speed: 0.7158s/iter; left time: 7908.8883s
Epoch: 77 cost time: 341.5630521774292
[2025-01-28 15:17:27] [32mIntermediate result: 0.45622158  (Index 76)[0m
Epoch: 77, Steps: 477 | Train Loss: 0.2630382 Vali Loss: 0.4217935 Test Loss: 0.4562216
EarlyStopping counter: 3 out of 5
Updating learning rate to 1.9042393837615113e-05
	iters: 100, epoch: 78 | loss: 0.2537915
	speed: 2.0026s/iter; left time: 21772.0629s
	iters: 200, epoch: 78 | loss: 0.2550101
	speed: 0.7157s/iter; left time: 7709.4527s
	iters: 300, epoch: 78 | loss: 0.2697941
	speed: 0.7167s/iter; left time: 7649.0224s
	iters: 400, epoch: 78 | loss: 0.2628293
	speed: 0.7163s/iter; left time: 7572.4368s
Epoch: 78 cost time: 341.52373218536377
[2025-01-28 15:24:21] [32mIntermediate result: 0.45593414  (Index 77)[0m
Epoch: 78, Steps: 477 | Train Loss: 0.2627902 Vali Loss: 0.4211456 Test Loss: 0.4559341
EarlyStopping counter: 4 out of 5
Updating learning rate to 1.75247975042174e-05
	iters: 100, epoch: 79 | loss: 0.2515250
	speed: 1.9939s/iter; left time: 20726.5951s
	iters: 200, epoch: 79 | loss: 0.2650751
	speed: 0.7128s/iter; left time: 7338.2361s
	iters: 300, epoch: 79 | loss: 0.2648995
	speed: 0.7145s/iter; left time: 7283.8584s
	iters: 400, epoch: 79 | loss: 0.2516152
	speed: 0.7136s/iter; left time: 7203.9645s
Epoch: 79 cost time: 340.3770954608917
[2025-01-28 15:31:14] [32mIntermediate result: 0.455732  (Index 78)[0m
Epoch: 79, Steps: 477 | Train Loss: 0.2626371 Vali Loss: 0.4209579 Test Loss: 0.4557320
Validation loss decreased (0.421096 --> 0.420958).  Saving model ...
Updating learning rate to 1.6057275887604038e-05
	iters: 100, epoch: 80 | loss: 0.2591507
	speed: 1.9975s/iter; left time: 19811.3506s
	iters: 200, epoch: 80 | loss: 0.2488273
	speed: 0.7144s/iter; left time: 7013.8433s
	iters: 300, epoch: 80 | loss: 0.2727255
	speed: 0.7150s/iter; left time: 6948.3452s
	iters: 400, epoch: 80 | loss: 0.2648886
	speed: 0.7143s/iter; left time: 6869.7251s
Epoch: 80 cost time: 340.7389476299286
[2025-01-28 15:38:08] [32mIntermediate result: 0.4563637  (Index 79)[0m
Epoch: 80, Steps: 477 | Train Loss: 0.2624349 Vali Loss: 0.4205592 Test Loss: 0.4563637
Validation loss decreased (0.420958 --> 0.420559).  Saving model ...
Updating learning rate to 1.464209179973979e-05
	iters: 100, epoch: 81 | loss: 0.2721221
	speed: 1.9917s/iter; left time: 18803.3393s
	iters: 200, epoch: 81 | loss: 0.2529188
	speed: 0.7132s/iter; left time: 6661.7673s
	iters: 300, epoch: 81 | loss: 0.2844785
	speed: 0.7146s/iter; left time: 6603.7877s
	iters: 400, epoch: 81 | loss: 0.2690836
	speed: 0.7146s/iter; left time: 6532.3131s
Epoch: 81 cost time: 340.3277499675751
[2025-01-28 15:45:02] [32mIntermediate result: 0.45518497  (Index 80)[0m
Epoch: 81, Steps: 477 | Train Loss: 0.2621478 Vali Loss: 0.4205858 Test Loss: 0.4551850
EarlyStopping counter: 1 out of 5
Updating learning rate to 1.3281427351913524e-05
	iters: 100, epoch: 82 | loss: 0.2565914
	speed: 1.9923s/iter; left time: 17859.1115s
	iters: 200, epoch: 82 | loss: 0.2514711
	speed: 0.7148s/iter; left time: 6336.2216s
	iters: 300, epoch: 82 | loss: 0.2596081
	speed: 0.7143s/iter; left time: 6259.8646s
	iters: 400, epoch: 82 | loss: 0.2477308
	speed: 0.7134s/iter; left time: 6180.8126s
Epoch: 82 cost time: 340.534615278244
[2025-01-28 15:51:57] [32mIntermediate result: 0.45556793  (Index 81)[0m
Epoch: 82, Steps: 477 | Train Loss: 0.2619168 Vali Loss: 0.4205907 Test Loss: 0.4555679
EarlyStopping counter: 2 out of 5
Updating learning rate to 1.1977380590080876e-05
	iters: 100, epoch: 83 | loss: 0.2549035
	speed: 2.0066s/iter; left time: 17030.3243s
	iters: 200, epoch: 83 | loss: 0.2692981
	speed: 0.7138s/iter; left time: 5986.3932s
	iters: 300, epoch: 83 | loss: 0.2529956
	speed: 0.7134s/iter; left time: 5911.6388s
	iters: 400, epoch: 83 | loss: 0.2709180
	speed: 0.7112s/iter; left time: 5822.3302s
Epoch: 83 cost time: 340.09303617477417
[2025-01-28 15:58:50] [32mIntermediate result: 0.45607394  (Index 82)[0m
Epoch: 83, Steps: 477 | Train Loss: 0.2617533 Vali Loss: 0.4206332 Test Loss: 0.4560739
EarlyStopping counter: 3 out of 5
Updating learning rate to 1.0731962259829409e-05
	iters: 100, epoch: 84 | loss: 0.2730014
	speed: 1.9907s/iter; left time: 15945.2721s
	iters: 200, epoch: 84 | loss: 0.2603671
	speed: 0.7144s/iter; left time: 5651.0756s
	iters: 300, epoch: 84 | loss: 0.2574972
	speed: 0.7156s/iter; left time: 5588.8835s
	iters: 400, epoch: 84 | loss: 0.2685978
	speed: 0.7140s/iter; left time: 5505.2431s
Epoch: 84 cost time: 340.55160307884216
[2025-01-28 16:05:43] [32mIntermediate result: 0.4552056  (Index 83)[0m
Epoch: 84, Steps: 477 | Train Loss: 0.2616783 Vali Loss: 0.4199026 Test Loss: 0.4552056
Validation loss decreased (0.420559 --> 0.419903).  Saving model ...
Updating learning rate to 9.547092705954624e-06
	iters: 100, epoch: 85 | loss: 0.2668512
	speed: 1.9935s/iter; left time: 15016.6977s
	iters: 200, epoch: 85 | loss: 0.2531821
	speed: 0.7134s/iter; left time: 5302.7885s
	iters: 300, epoch: 85 | loss: 0.2481220
	speed: 0.7130s/iter; left time: 5228.3757s
	iters: 400, epoch: 85 | loss: 0.2645450
	speed: 0.7142s/iter; left time: 5165.5788s
Epoch: 85 cost time: 340.34401535987854
[2025-01-28 16:12:37] [32mIntermediate result: 0.45549268  (Index 84)[0m
Epoch: 85, Steps: 477 | Train Loss: 0.2614765 Vali Loss: 0.4202139 Test Loss: 0.4554927
EarlyStopping counter: 1 out of 5
Updating learning rate to 8.424598911427562e-06
	iters: 100, epoch: 86 | loss: 0.2594521
	speed: 1.9923s/iter; left time: 14057.9103s
	iters: 200, epoch: 86 | loss: 0.2541414
	speed: 0.7137s/iter; left time: 4964.3920s
	iters: 300, epoch: 86 | loss: 0.2555411
	speed: 0.7133s/iter; left time: 4890.2621s
	iters: 400, epoch: 86 | loss: 0.2559816
	speed: 0.7137s/iter; left time: 4821.8856s
Epoch: 86 cost time: 340.40302443504333
[2025-01-28 16:19:30] [32mIntermediate result: 0.45514  (Index 85)[0m
Epoch: 86, Steps: 477 | Train Loss: 0.2613099 Vali Loss: 0.4205927 Test Loss: 0.4551400
EarlyStopping counter: 2 out of 5
Updating learning rate to 7.3662116803193915e-06
	iters: 100, epoch: 87 | loss: 0.2665174
	speed: 1.9905s/iter; left time: 13095.5020s
	iters: 200, epoch: 87 | loss: 0.2679383
	speed: 0.7123s/iter; left time: 4615.0092s
	iters: 300, epoch: 87 | loss: 0.2592690
	speed: 0.7096s/iter; left time: 4526.4109s
	iters: 400, epoch: 87 | loss: 0.2569391
	speed: 0.7102s/iter; left time: 4459.5466s
Epoch: 87 cost time: 339.1480371952057
[2025-01-28 16:26:21] [32mIntermediate result: 0.4553813  (Index 86)[0m
Epoch: 87, Steps: 477 | Train Loss: 0.2611511 Vali Loss: 0.4202380 Test Loss: 0.4553813
EarlyStopping counter: 3 out of 5
Updating learning rate to 6.373562969027058e-06
	iters: 100, epoch: 88 | loss: 0.2518465
	speed: 1.9753s/iter; left time: 12053.1516s
	iters: 200, epoch: 88 | loss: 0.2638317
	speed: 0.7100s/iter; left time: 4261.3694s
	iters: 300, epoch: 88 | loss: 0.2686697
	speed: 0.7088s/iter; left time: 4183.1609s
	iters: 400, epoch: 88 | loss: 0.2846926
	speed: 0.7102s/iter; left time: 4120.4040s
Epoch: 88 cost time: 338.4144606590271
[2025-01-28 16:33:12] [32mIntermediate result: 0.4553706  (Index 87)[0m
Epoch: 88, Steps: 477 | Train Loss: 0.2609881 Vali Loss: 0.4201910 Test Loss: 0.4553706
EarlyStopping counter: 4 out of 5
Updating learning rate to 5.448183369914755e-06
	iters: 100, epoch: 89 | loss: 0.2650121
	speed: 1.9874s/iter; left time: 11179.1395s
	iters: 200, epoch: 89 | loss: 0.2572746
	speed: 0.7101s/iter; left time: 3923.3001s
	iters: 300, epoch: 89 | loss: 0.2617749
	speed: 0.7113s/iter; left time: 3859.0292s
	iters: 400, epoch: 89 | loss: 0.2575372
	speed: 0.7099s/iter; left time: 3780.1921s
Epoch: 89 cost time: 338.9223258495331
[2025-01-28 16:40:07] [32mIntermediate result: 0.45505607  (Index 88)[0m
Epoch: 89, Steps: 477 | Train Loss: 0.2609188 Vali Loss: 0.4201641 Test Loss: 0.4550561
EarlyStopping counter: 5 out of 5
Early stopping
>>>>>>>testing : 96_720_PatchTST_custom_ftM_sl96_ll18_pl720_dm128_nh1_el1_dl1_df128_fc1_ebtimeF_dtTrue_Exp_0<<<<<<<<<<<<<<<<<<<<<<<<<<<<<<<<<
test 2789
mse:0.45520660281181335, mae:0.29664453864097595, rse:0.5516278743743896
[2025-01-28 16:44:10] [32mFinal result: 0.4552066[0m
